#
# A fatal error has been detected by the Java Runtime Environment:
#
#  EXCEPTION_ACCESS_VIOLATION (0xc0000005) at pc=0x76f49ef4, pid=6364, tid=3948
#
# JRE version: Java(TM) SE Runtime Environment (8.0_65-b17) (build 1.8.0_65-b17)
# Java VM: Java HotSpot(TM) Client VM (25.65-b01 mixed mode windows-x86 )
# Problematic frame:
# C  [ntdll.dll+0x49ef4]
#
# Failed to write core dump. Minidumps are not enabled by default on client versions of Windows
#
# If you would like to submit a bug report, please visit:
#   http://bugreport.java.com/bugreport/crash.jsp
# The crash happened outside the Java Virtual Machine in native code.
# See problematic frame for where to report the bug.
#

---------------  T H R E A D  ---------------

Current thread (0x1752a800):  JavaThread "File Watcher" daemon [_thread_in_native, id=3948, stack(0x18c40000,0x18c90000)]

siginfo: ExceptionCode=0xc0000005, writing address 0x000000b8

Registers:
EAX=0x00000000, EBX=0x00000000, ECX=0x0000005c, EDX=0x0000006e
ESP=0x18c8ef18, EBP=0x18c8ef38, ESI=0x000000e8, EDI=0x000000dc
EIP=0x76f49ef4, EFLAGS=0x00010246

Top of Stack: (sp=0x18c8ef18)
0x18c8ef18:   0000006e 18c8eff8 18c8f050 000000e8
0x18c8ef28:   00de00dc 17552118 00000000 00000000
0x18c8ef38:   18c8efd8 76f49d87 262bb3fe 00000000
0x18c8ef48:   18c8f028 14a62c38 17551e38 00000002
0x18c8ef58:   00750000 18c8f04c 00000009 0000006e
0x18c8ef68:   17551e34 00000009 00000012 000000dc
0x18c8ef78:   00000020 00000000 007518d8 18c8eff8
0x18c8ef88:   18c8f014 76f40ea9 00000000 00000000 

Instructions: (pc=0x76f49ef4)
0x76f49ed4:   8b 75 b4 80 7d c7 00 74 10 3b ce 76 0c 66 83 7c
0x76f49ee4:   4b fe 5c 75 04 49 89 4d a4 3b 4d 94 73 09 33 c0
0x76f49ef4:   66 89 04 4b 8d 24 24 85 c9 74 16 49 89 4d a4 0f
0x76f49f04:   b7 04 4b 83 f8 20 74 e6 83 f8 2e 74 e1 41 89 4d 


Register to memory mapping:

EAX=0x00000000 is an unknown value
EBX=0x00000000 is an unknown value
ECX=0x0000005c is an unknown value
EDX=0x0000006e is an unknown value
ESP=0x18c8ef18 is pointing into the stack for thread: 0x1752a800
EBP=0x18c8ef38 is pointing into the stack for thread: 0x1752a800
ESI=0x000000e8 is an unknown value
EDI=0x000000dc is an unknown value


Stack: [0x18c40000,0x18c90000],  sp=0x18c8ef18,  free space=315k
Native frames: (J=compiled Java code, j=interpreted, Vv=VM code, C=native code)
C  [ntdll.dll+0x49ef4]
C  [ntdll.dll+0x49d87]
C  [ntdll.dll+0x66070]
C  [KERNELBASE.dll+0x1802f]
C  [java.dll+0x7fd4]
C  [java.dll+0x80cd]
J 2167 C1 java.io.File.isFile()Z (43 bytes) @ 0x02b2ab60 [0x02b2aae0+0x80]
j  org.springframework.boot.devtools.filewatch.FileSnapshot.<init>(Ljava/io/File;)V+11
j  org.springframework.boot.devtools.filewatch.FolderSnapshot.collectFiles(Ljava/io/File;Ljava/util/Set;)V+83
j  org.springframework.boot.devtools.filewatch.FolderSnapshot.collectFiles(Ljava/io/File;Ljava/util/Set;)V+62
j  org.springframework.boot.devtools.filewatch.FolderSnapshot.collectFiles(Ljava/io/File;Ljava/util/Set;)V+62
j  org.springframework.boot.devtools.filewatch.FolderSnapshot.collectFiles(Ljava/io/File;Ljava/util/Set;)V+62
j  org.springframework.boot.devtools.filewatch.FolderSnapshot.collectFiles(Ljava/io/File;Ljava/util/Set;)V+62
j  org.springframework.boot.devtools.filewatch.FolderSnapshot.collectFiles(Ljava/io/File;Ljava/util/Set;)V+62
j  org.springframework.boot.devtools.filewatch.FolderSnapshot.<init>(Ljava/io/File;)V+76
j  org.springframework.boot.devtools.filewatch.FileSystemWatcher$Watcher.getCurrentSnapshots()Ljava/util/Map;+49
j  org.springframework.boot.devtools.filewatch.FileSystemWatcher$Watcher.scan()V+20
j  org.springframework.boot.devtools.filewatch.FileSystemWatcher$Watcher.run()V+30
j  java.lang.Thread.run()V+11
v  ~StubRoutines::call_stub
V  [jvm.dll+0x158985]
V  [jvm.dll+0x21df3e]
V  [jvm.dll+0x158a1e]
V  [jvm.dll+0x158ba6]
V  [jvm.dll+0x158c17]
V  [jvm.dll+0xfd45f]
V  [jvm.dll+0x17bddc]
V  [jvm.dll+0x17beca]
V  [jvm.dll+0x1c0466]
C  [msvcr100.dll+0x5c556]
C  [msvcr100.dll+0x5c600]
C  [KERNEL32.DLL+0x17c04]
C  [ntdll.dll+0x5ab8f]
C  [ntdll.dll+0x5ab5a]
C  0x00000000

Java frames: (J=compiled Java code, j=interpreted, Vv=VM code)
J 390  java.io.WinNTFileSystem.getBooleanAttributes(Ljava/io/File;)I (0 bytes) @ 0x028c7066 [0x028c7010+0x56]
J 2167 C1 java.io.File.isFile()Z (43 bytes) @ 0x02b2ab60 [0x02b2aae0+0x80]
j  org.springframework.boot.devtools.filewatch.FileSnapshot.<init>(Ljava/io/File;)V+11
j  org.springframework.boot.devtools.filewatch.FolderSnapshot.collectFiles(Ljava/io/File;Ljava/util/Set;)V+83
j  org.springframework.boot.devtools.filewatch.FolderSnapshot.collectFiles(Ljava/io/File;Ljava/util/Set;)V+62
j  org.springframework.boot.devtools.filewatch.FolderSnapshot.collectFiles(Ljava/io/File;Ljava/util/Set;)V+62
j  org.springframework.boot.devtools.filewatch.FolderSnapshot.collectFiles(Ljava/io/File;Ljava/util/Set;)V+62
j  org.springframework.boot.devtools.filewatch.FolderSnapshot.collectFiles(Ljava/io/File;Ljava/util/Set;)V+62
j  org.springframework.boot.devtools.filewatch.FolderSnapshot.collectFiles(Ljava/io/File;Ljava/util/Set;)V+62
j  org.springframework.boot.devtools.filewatch.FolderSnapshot.<init>(Ljava/io/File;)V+76
j  org.springframework.boot.devtools.filewatch.FileSystemWatcher$Watcher.getCurrentSnapshots()Ljava/util/Map;+49
j  org.springframework.boot.devtools.filewatch.FileSystemWatcher$Watcher.scan()V+20
j  org.springframework.boot.devtools.filewatch.FileSystemWatcher$Watcher.run()V+30
j  java.lang.Thread.run()V+11
v  ~StubRoutines::call_stub

---------------  P R O C E S S  ---------------

Java Threads: ( => current thread )
  0x17642400 JavaThread "DestroyJavaVM" [_thread_blocked, id=6152, stack(0x00800000,0x00850000)]
  0x1763e400 JavaThread "http-nio-8090-Acceptor" daemon [_thread_in_native, id=6708, stack(0x19520000,0x19570000)]
  0x17641800 JavaThread "http-nio-8090-ClientPoller" daemon [_thread_in_native, id=6964, stack(0x19490000,0x194e0000)]
  0x17642000 JavaThread "http-nio-8090-exec-10" daemon [_thread_blocked, id=6596, stack(0x19400000,0x19450000)]
  0x17641000 JavaThread "http-nio-8090-exec-9" daemon [_thread_blocked, id=2900, stack(0x19270000,0x192c0000)]
  0x1763d400 JavaThread "http-nio-8090-exec-8" daemon [_thread_blocked, id=2664, stack(0x191e0000,0x19230000)]
  0x17640000 JavaThread "http-nio-8090-exec-7" daemon [_thread_blocked, id=6832, stack(0x19150000,0x191a0000)]
  0x1763d800 JavaThread "http-nio-8090-exec-6" daemon [_thread_blocked, id=6484, stack(0x190c0000,0x19110000)]
  0x1763e000 JavaThread "http-nio-8090-exec-5" daemon [_thread_blocked, id=6692, stack(0x19030000,0x19080000)]
  0x1763ec00 JavaThread "http-nio-8090-exec-4" daemon [_thread_blocked, id=2040, stack(0x18fa0000,0x18ff0000)]
  0x1763f800 JavaThread "http-nio-8090-exec-3" daemon [_thread_blocked, id=372, stack(0x18f10000,0x18f60000)]
  0x1763f400 JavaThread "http-nio-8090-exec-2" daemon [_thread_blocked, id=884, stack(0x18e80000,0x18ed0000)]
  0x17529c00 JavaThread "http-nio-8090-exec-1" daemon [_thread_blocked, id=7164, stack(0x18df0000,0x18e40000)]
  0x17529400 JavaThread "http-nio-8090-BlockPoller" daemon [_thread_in_native, id=6312, stack(0x18d60000,0x18db0000)]
  0x17529000 JavaThread "Live Reload Server" daemon [_thread_in_native, id=4584, stack(0x18cd0000,0x18d20000)]
=>0x1752a800 JavaThread "File Watcher" daemon [_thread_in_native, id=3948, stack(0x18c40000,0x18c90000)]
  0x1752a000 JavaThread "container-0" [_thread_blocked, id=6156, stack(0x189b0000,0x18a00000)]
  0x1751ec00 JavaThread "Catalina-utility-2" [_thread_blocked, id=6148, stack(0x18920000,0x18970000)]
  0x1751e000 JavaThread "Catalina-utility-1" [_thread_blocked, id=1916, stack(0x18890000,0x188e0000)]
  0x16ffe400 JavaThread "mysql-cj-abandoned-connection-cleanup" daemon [_thread_blocked, id=6016, stack(0x16680000,0x166d0000)]
  0x1550d000 JavaThread "RMI TCP Accept-0" daemon [_thread_in_native, id=6360, stack(0x158e0000,0x15930000)]
  0x153d0c00 JavaThread "Service Thread" daemon [_thread_blocked, id=7072, stack(0x15730000,0x15780000)]
  0x1532b800 JavaThread "C1 CompilerThread0" daemon [_thread_blocked, id=1236, stack(0x156a0000,0x156f0000)]
  0x1532b000 JavaThread "Monitor Ctrl-Break" daemon [_thread_in_native, id=4972, stack(0x15610000,0x15660000)]
  0x14e9c400 JavaThread "Attach Listener" daemon [_thread_blocked, id=3040, stack(0x15180000,0x151d0000)]
  0x14e9bc00 JavaThread "Signal Dispatcher" daemon [_thread_blocked, id=6120, stack(0x150f0000,0x15140000)]
  0x14e6d000 JavaThread "Finalizer" daemon [_thread_blocked, id=6396, stack(0x049a0000,0x049f0000)]
  0x14e67c00 JavaThread "Reference Handler" daemon [_thread_blocked, id=7128, stack(0x04910000,0x04960000)]

Other Threads:
  0x14e63400 VMThread [stack: 0x00ac0000,0x00b10000] [id=6908]
  0x1550a000 WatcherThread [stack: 0x15970000,0x159c0000] [id=6184]

VM state:not at safepoint (normal execution)

VM Mutex/Monitor currently owned by a thread: None

Heap:
 def new generation   total 11520K, used 10887K [0x04a00000, 0x05680000, 0x09f50000)
  eden space 10240K,  96% used [0x04a00000, 0x0539efc8, 0x05400000)
  from space 1280K,  80% used [0x05400000, 0x05502e30, 0x05540000)
  to   space 1280K,   0% used [0x05540000, 0x05540000, 0x05680000)
 tenured generation   total 25552K, used 20897K [0x09f50000, 0x0b844000, 0x14a00000)
   the space 25552K,  81% used [0x09f50000, 0x0b3b8498, 0x0b3b8600, 0x0b844000)
 Metaspace       used 24102K, capacity 25373K, committed 25472K, reserved 25984K

Card table byte_map: [0x04820000,0x048b0000] byte_map_base: 0x047fb000

Polling page: 0x00760000

CodeCache: size=32768Kb used=3626Kb max_used=3626Kb free=29142Kb
 bounds [0x027a0000, 0x02b30000, 0x047a0000]
 total_blobs=2346 nmethods=2140 adapters=136
 compilation: enabled

Compilation events (10 events):
Event: 12.630 Thread 0x1532b800 2163             java.lang.Boolean::hashCode (14 bytes)
Event: 12.630 Thread 0x1532b800 nmethod 2163 0x02b29e88 code [0x02b29f80, 0x02b2a000]
Event: 13.240 Thread 0x1532b800 2164             java.io.WinNTFileSystem::hashCode (17 bytes)
Event: 13.240 Thread 0x1532b800 nmethod 2164 0x02b2a048 code [0x02b2a160, 0x02b2a228]
Event: 13.645 Thread 0x1532b800 2165             java.io.File::hashCode (8 bytes)
Event: 13.645 Thread 0x1532b800 nmethod 2165 0x02b2a308 code [0x02b2a420, 0x02b2a4e8]
Event: 15.271 Thread 0x1532b800 2166             org.springframework.boot.devtools.filewatch.FileSnapshot::hashCode (49 bytes)
Event: 15.271 Thread 0x1532b800 nmethod 2166 0x02b2a5c8 code [0x02b2a6e0, 0x02b2a858]
Event: 17.301 Thread 0x1532b800 2167             java.io.File::isFile (43 bytes)
Event: 17.301 Thread 0x1532b800 nmethod 2167 0x02b2a9c8 code [0x02b2aae0, 0x02b2ac04]

GC Heap History (10 events):
Event: 5.106 GC heap before
{Heap before GC invocations=81 (full 3):
 def new generation   total 11520K, used 11499K [0x04a00000, 0x05680000, 0x09f50000)
  eden space 10240K, 100% used [0x04a00000, 0x05400000, 0x05400000)
  from space 1280K,  98% used [0x05540000, 0x0567ae18, 0x05680000)
  to   space 1280K,   0% used [0x05400000, 0x05400000, 0x05540000)
 tenured generation   total 25552K, used 18368K [0x09f50000, 0x0b844000, 0x14a00000)
   the space 25552K,  71% used [0x09f50000, 0x0b140220, 0x0b140400, 0x0b844000)
 Metaspace       used 22466K, capacity 23582K, committed 23680K, reserved 23936K
Event: 5.111 GC heap after
Heap after GC invocations=82 (full 3):
 def new generation   total 11520K, used 932K [0x04a00000, 0x05680000, 0x09f50000)
  eden space 10240K,   0% used [0x04a00000, 0x04a00000, 0x05400000)
  from space 1280K,  72% used [0x05400000, 0x054e9310, 0x05540000)
  to   space 1280K,   0% used [0x05540000, 0x05540000, 0x05680000)
 tenured generation   total 25552K, used 19158K [0x09f50000, 0x0b844000, 0x14a00000)
   the space 25552K,  74% used [0x09f50000, 0x0b205900, 0x0b205a00, 0x0b844000)
 Metaspace       used 22466K, capacity 23582K, committed 23680K, reserved 23936K
}
Event: 5.221 GC heap before
{Heap before GC invocations=82 (full 3):
 def new generation   total 11520K, used 11172K [0x04a00000, 0x05680000, 0x09f50000)
  eden space 10240K, 100% used [0x04a00000, 0x05400000, 0x05400000)
  from space 1280K,  72% used [0x05400000, 0x054e9310, 0x05540000)
  to   space 1280K,   0% used [0x05540000, 0x05540000, 0x05680000)
 tenured generation   total 25552K, used 19158K [0x09f50000, 0x0b844000, 0x14a00000)
   the space 25552K,  74% used [0x09f50000, 0x0b205900, 0x0b205a00, 0x0b844000)
 Metaspace       used 22758K, capacity 23885K, committed 23936K, reserved 23936K
Event: 5.226 GC heap after
Heap after GC invocations=83 (full 3):
 def new generation   total 11520K, used 975K [0x04a00000, 0x05680000, 0x09f50000)
  eden space 10240K,   0% used [0x04a00000, 0x04a00000, 0x05400000)
  from space 1280K,  76% used [0x05540000, 0x05633cd8, 0x05680000)
  to   space 1280K,   0% used [0x05400000, 0x05400000, 0x05540000)
 tenured generation   total 25552K, used 19426K [0x09f50000, 0x0b844000, 0x14a00000)
   the space 25552K,  76% used [0x09f50000, 0x0b248b98, 0x0b248c00, 0x0b844000)
 Metaspace       used 22758K, capacity 23885K, committed 23936K, reserved 23936K
}
Event: 5.306 GC heap before
{Heap before GC invocations=83 (full 3):
 def new generation   total 11520K, used 11215K [0x04a00000, 0x05680000, 0x09f50000)
  eden space 10240K, 100% used [0x04a00000, 0x05400000, 0x05400000)
  from space 1280K,  76% used [0x05540000, 0x05633cd8, 0x05680000)
  to   space 1280K,   0% used [0x05400000, 0x05400000, 0x05540000)
 tenured generation   total 25552K, used 19426K [0x09f50000, 0x0b844000, 0x14a00000)
   the space 25552K,  76% used [0x09f50000, 0x0b248b98, 0x0b248c00, 0x0b844000)
 Metaspace       used 23098K, capacity 24275K, committed 24320K, reserved 24960K
Event: 5.311 GC heap after
Heap after GC invocations=84 (full 3):
 def new generation   total 11520K, used 997K [0x04a00000, 0x05680000, 0x09f50000)
  eden space 10240K,   0% used [0x04a00000, 0x04a00000, 0x05400000)
  from space 1280K,  77% used [0x05400000, 0x054f97b8, 0x05540000)
  to   space 1280K,   0% used [0x05540000, 0x05540000, 0x05680000)
 tenured generation   total 25552K, used 19989K [0x09f50000, 0x0b844000, 0x14a00000)
   the space 25552K,  78% used [0x09f50000, 0x0b2d5420, 0x0b2d5600, 0x0b844000)
 Metaspace       used 23098K, capacity 24275K, committed 24320K, reserved 24960K
}
Event: 5.398 GC heap before
{Heap before GC invocations=84 (full 3):
 def new generation   total 11520K, used 11237K [0x04a00000, 0x05680000, 0x09f50000)
  eden space 10240K, 100% used [0x04a00000, 0x05400000, 0x05400000)
  from space 1280K,  77% used [0x05400000, 0x054f97b8, 0x05540000)
  to   space 1280K,   0% used [0x05540000, 0x05540000, 0x05680000)
 tenured generation   total 25552K, used 19989K [0x09f50000, 0x0b844000, 0x14a00000)
   the space 25552K,  78% used [0x09f50000, 0x0b2d5420, 0x0b2d5600, 0x0b844000)
 Metaspace       used 23436K, capacity 24658K, committed 24704K, reserved 24960K
Event: 5.402 GC heap after
Heap after GC invocations=85 (full 3):
 def new generation   total 11520K, used 907K [0x04a00000, 0x05680000, 0x09f50000)
  eden space 10240K,   0% used [0x04a00000, 0x04a00000, 0x05400000)
  from space 1280K,  70% used [0x05540000, 0x05622d00, 0x05680000)
  to   space 1280K,   0% used [0x05400000, 0x05400000, 0x05540000)
 tenured generation   total 25552K, used 20520K [0x09f50000, 0x0b844000, 0x14a00000)
   the space 25552K,  80% used [0x09f50000, 0x0b35a0f0, 0x0b35a200, 0x0b844000)
 Metaspace       used 23436K, capacity 24658K, committed 24704K, reserved 24960K
}
Event: 5.486 GC heap before
{Heap before GC invocations=85 (full 3):
 def new generation   total 11520K, used 11147K [0x04a00000, 0x05680000, 0x09f50000)
  eden space 10240K, 100% used [0x04a00000, 0x05400000, 0x05400000)
  from space 1280K,  70% used [0x05540000, 0x05622d00, 0x05680000)
  to   space 1280K,   0% used [0x05400000, 0x05400000, 0x05540000)
 tenured generation   total 25552K, used 20520K [0x09f50000, 0x0b844000, 0x14a00000)
   the space 25552K,  80% used [0x09f50000, 0x0b35a0f0, 0x0b35a200, 0x0b844000)
 Metaspace       used 23713K, capacity 24926K, committed 24960K, reserved 24960K
Event: 5.493 GC heap after
Heap after GC invocations=86 (full 3):
 def new generation   total 11520K, used 1035K [0x04a00000, 0x05680000, 0x09f50000)
  eden space 10240K,   0% used [0x04a00000, 0x04a00000, 0x05400000)
  from space 1280K,  80% used [0x05400000, 0x05502e30, 0x05540000)
  to   space 1280K,   0% used [0x05540000, 0x05540000, 0x05680000)
 tenured generation   total 25552K, used 20897K [0x09f50000, 0x0b844000, 0x14a00000)
   the space 25552K,  81% used [0x09f50000, 0x0b3b8498, 0x0b3b8600, 0x0b844000)
 Metaspace       used 23713K, capacity 24926K, committed 24960K, reserved 24960K
}

Deoptimization events (0 events):
No events

Internal exceptions (10 events):
Event: 5.429 Thread 0x15c36400 Exception <a 'java/lang/ArrayIndexOutOfBoundsException'> (0x04c6bf28) thrown at [C:\re\workspace\8-2-build-windows-i586-cygwin\jdk8u65\4987\hotspot\src\share\vm\runtime\sharedRuntime.cpp, line 605]
Event: 5.429 Thread 0x15c36400 Exception <a 'java/lang/ArrayIndexOutOfBoundsException'> (0x04c6ce20) thrown at [C:\re\workspace\8-2-build-windows-i586-cygwin\jdk8u65\4987\hotspot\src\share\vm\runtime\sharedRuntime.cpp, line 605]
Event: 5.499 Thread 0x15c36400 Exception <a 'java/lang/ArrayIndexOutOfBoundsException'> (0x04a34600) thrown at [C:\re\workspace\8-2-build-windows-i586-cygwin\jdk8u65\4987\hotspot\src\share\vm\runtime\sharedRuntime.cpp, line 605]
Event: 5.500 Thread 0x15c36400 Exception <a 'java/lang/ArrayIndexOutOfBoundsException'> (0x04a37c38) thrown at [C:\re\workspace\8-2-build-windows-i586-cygwin\jdk8u65\4987\hotspot\src\share\vm\runtime\sharedRuntime.cpp, line 605]
Event: 5.511 Thread 0x15c36400 Exception <a 'java/lang/ArrayIndexOutOfBoundsException'> (0x04b255c0) thrown at [C:\re\workspace\8-2-build-windows-i586-cygwin\jdk8u65\4987\hotspot\src\share\vm\runtime\sharedRuntime.cpp, line 605]
Event: 5.561 Thread 0x15c36400 Exception <a 'java/lang/ArrayIndexOutOfBoundsException'> (0x04ea40c8) thrown at [C:\re\workspace\8-2-build-windows-i586-cygwin\jdk8u65\4987\hotspot\src\share\vm\runtime\sharedRuntime.cpp, line 605]
Event: 5.561 Thread 0x15c36400 Exception <a 'java/lang/ArrayIndexOutOfBoundsException'> (0x04ea5d90) thrown at [C:\re\workspace\8-2-build-windows-i586-cygwin\jdk8u65\4987\hotspot\src\share\vm\runtime\sharedRuntime.cpp, line 605]
Event: 5.561 Thread 0x15c36400 Exception <a 'java/lang/ArrayIndexOutOfBoundsException'> (0x04eb1d60) thrown at [C:\re\workspace\8-2-build-windows-i586-cygwin\jdk8u65\4987\hotspot\src\share\vm\runtime\sharedRuntime.cpp, line 605]
Event: 5.561 Thread 0x15c36400 Exception <a 'java/lang/ArrayIndexOutOfBoundsException'> (0x04eb3728) thrown at [C:\re\workspace\8-2-build-windows-i586-cygwin\jdk8u65\4987\hotspot\src\share\vm\runtime\sharedRuntime.cpp, line 605]
Event: 5.562 Thread 0x15c36400 Exception <a 'java/lang/ArrayIndexOutOfBoundsException'> (0x04eb5d60) thrown at [C:\re\workspace\8-2-build-windows-i586-cygwin\jdk8u65\4987\hotspot\src\share\vm\runtime\sharedRuntime.cpp, line 605]

Events (10 events):
Event: 5.599 loading class org/springframework/boot/devtools/restart/SilentExitExceptionHandler$SilentExitException done
Event: 5.600 Thread 0x0269e800 Thread exited: 0x0269e800
Event: 5.600 Thread 0x17642400 Thread added: 0x17642400
Event: 6.770 Thread 0x17456c00 Thread exited: 0x17456c00
Event: 10.770 Thread 0x17456800 Thread exited: 0x17456800
Event: 14.958 loading class org/apache/catalina/webresources/Cache$EvictionOrder
Event: 14.958 loading class org/apache/catalina/webresources/Cache$EvictionOrder done
Event: 14.958 loading class org/apache/tomcat/PeriodicEventListener
Event: 14.958 loading class org/apache/tomcat/PeriodicEventListener done
Event: 16.770 Thread 0x17451c00 Thread exited: 0x17451c00


Dynamic libraries:
0x002e0000 - 0x00313000 	D:\Program Files\jdk\bin\java.exe
0x76f00000 - 0x7706f000 	C:\WINDOWS\SYSTEM32\ntdll.dll
0x74c50000 - 0x74d90000 	C:\WINDOWS\SYSTEM32\KERNEL32.DLL
0x75050000 - 0x75127000 	C:\WINDOWS\SYSTEM32\KERNELBASE.dll
0x73900000 - 0x739a0000 	C:\WINDOWS\system32\apphelp.dll
0x5e6c0000 - 0x5e926000 	C:\WINDOWS\AppPatch\AcGenral.DLL
0x74ad0000 - 0x74b93000 	C:\WINDOWS\SYSTEM32\msvcrt.dll
0x76850000 - 0x76891000 	C:\WINDOWS\SYSTEM32\sechost.dll
0x76bc0000 - 0x76bde000 	C:\WINDOWS\SYSTEM32\SspiCli.dll
0x74e80000 - 0x74ec5000 	C:\WINDOWS\SYSTEM32\SHLWAPI.dll
0x71ff0000 - 0x720dd000 	C:\WINDOWS\SYSTEM32\UxTheme.dll
0x76a60000 - 0x76bb3000 	C:\WINDOWS\SYSTEM32\USER32.dll
0x75140000 - 0x7524f000 	C:\WINDOWS\SYSTEM32\GDI32.dll
0x74360000 - 0x74383000 	C:\WINDOWS\SYSTEM32\WINMM.dll
0x5f5d0000 - 0x5f5e3000 	C:\WINDOWS\SYSTEM32\samcli.dll
0x76d00000 - 0x76e29000 	C:\WINDOWS\SYSTEM32\ole32.dll
0x74dd0000 - 0x74e65000 	C:\WINDOWS\SYSTEM32\OLEAUT32.dll
0x5eb60000 - 0x5eb77000 	C:\WINDOWS\SYSTEM32\MSACM32.dll
0x73da0000 - 0x73da8000 	C:\WINDOWS\SYSTEM32\VERSION.dll
0x75250000 - 0x7650c000 	C:\WINDOWS\SYSTEM32\SHELL32.dll
0x744d0000 - 0x744eb000 	C:\WINDOWS\SYSTEM32\USERENV.dll
0x71fd0000 - 0x71fea000 	C:\WINDOWS\SYSTEM32\dwmapi.dll
0x74130000 - 0x7427b000 	C:\WINDOWS\SYSTEM32\urlmon.dll
0x76680000 - 0x766fc000 	C:\WINDOWS\SYSTEM32\ADVAPI32.dll
0x72e70000 - 0x72ed5000 	C:\WINDOWS\SYSTEM32\WINSPOOL.DRV
0x71d20000 - 0x71d36000 	C:\WINDOWS\SYSTEM32\MPR.dll
0x747e0000 - 0x7489a000 	C:\WINDOWS\SYSTEM32\RPCRT4.dll
0x746e0000 - 0x746ea000 	C:\WINDOWS\SYSTEM32\CRYPTBASE.dll
0x74ed0000 - 0x7504d000 	C:\WINDOWS\SYSTEM32\combase.dll
0x73d50000 - 0x73d73000 	C:\WINDOWS\SYSTEM32\WINMMBASE.dll
0x744c0000 - 0x744cf000 	C:\WINDOWS\SYSTEM32\profapi.dll
0x73b10000 - 0x73d44000 	C:\WINDOWS\SYSTEM32\iertutil.dll
0x73db0000 - 0x73fbd000 	C:\WINDOWS\SYSTEM32\WININET.dll
0x74680000 - 0x746d4000 	C:\WINDOWS\SYSTEM32\bcryptPrimitives.dll
0x74770000 - 0x747ac000 	C:\WINDOWS\SYSTEM32\cfgmgr32.dll
0x73ad0000 - 0x73af1000 	C:\WINDOWS\SYSTEM32\DEVOBJ.dll
0x74430000 - 0x744bb000 	C:\WINDOWS\SYSTEM32\SHCORE.DLL
0x747b0000 - 0x747d7000 	C:\WINDOWS\system32\IMM32.DLL
0x76be0000 - 0x76cf2000 	C:\WINDOWS\SYSTEM32\MSCTF.dll
0x722e0000 - 0x724e6000 	C:\WINDOWS\WinSxS\x86_microsoft.windows.common-controls_6595b64144ccf1df_6.0.9600.17810_none_a9edf09f013934e0\COMCTL32.dll
0x5eaa0000 - 0x5eb5f000 	D:\Program Files\jdk\jre\bin\msvcr100.dll
0x5e2f0000 - 0x5e6b4000 	D:\Program Files\jdk\jre\bin\client\jvm.dll
0x743d0000 - 0x743d8000 	C:\WINDOWS\SYSTEM32\WSOCK32.dll
0x74c40000 - 0x74c46000 	C:\WINDOWS\SYSTEM32\PSAPI.DLL
0x76800000 - 0x76850000 	C:\WINDOWS\SYSTEM32\WS2_32.dll
0x74e70000 - 0x74e77000 	C:\WINDOWS\SYSTEM32\NSI.dll
0x69a80000 - 0x69a8c000 	D:\Program Files\jdk\jre\bin\verify.dll
0x5ea70000 - 0x5ea91000 	D:\Program Files\jdk\jre\bin\java.dll
0x5e9c0000 - 0x5e9e0000 	D:\Program Files\jdk\jre\bin\instrument.dll
0x5ea50000 - 0x5ea63000 	D:\Program Files\jdk\jre\bin\zip.dll
0x5e9a0000 - 0x5e9b6000 	D:\Program Files\JetBrains\IntelliJ IDEA 2019.3.3\bin\breakgen.dll
0x5ea30000 - 0x5ea46000 	D:\Program Files\jdk\jre\bin\net.dll
0x743e0000 - 0x7442b000 	C:\WINDOWS\system32\mswsock.dll
0x730a0000 - 0x7311e000 	C:\WINDOWS\SYSTEM32\DNSAPI.dll
0x72bd0000 - 0x72bd8000 	C:\Windows\System32\rasadhlp.dll
0x72b80000 - 0x72bc6000 	C:\WINDOWS\System32\fwpuclnt.dll
0x5e9e0000 - 0x5e9ea000 	D:\Program Files\jdk\jre\bin\management.dll
0x5ea20000 - 0x5ea2f000 	D:\Program Files\jdk\jre\bin\nio.dll
0x72d10000 - 0x72d29000 	C:\WINDOWS\SYSTEM32\CRYPTSP.dll
0x72ce0000 - 0x72d10000 	C:\WINDOWS\system32\rsaenh.dll
0x72cc0000 - 0x72cde000 	C:\WINDOWS\SYSTEM32\bcrypt.dll
0x73d80000 - 0x73da0000 	C:\WINDOWS\SYSTEM32\IPHLPAPI.DLL
0x73b00000 - 0x73b08000 	C:\WINDOWS\SYSTEM32\WINNSI.DLL
0x72c60000 - 0x72c73000 	C:\WINDOWS\SYSTEM32\dhcpcsvc6.DLL
0x73aa0000 - 0x73ab4000 	C:\WINDOWS\SYSTEM32\dhcpcsvc.DLL
0x72c40000 - 0x72c51000 	C:\WINDOWS\system32\napinsp.dll
0x72c20000 - 0x72c36000 	C:\WINDOWS\system32\pnrpnsp.dll
0x72c00000 - 0x72c14000 	C:\WINDOWS\system32\NLAapi.dll
0x72bf0000 - 0x72bfa000 	C:\WINDOWS\System32\winrnr.dll
0x72be0000 - 0x72bf0000 	C:\WINDOWS\system32\wshbth.dll
0x73120000 - 0x73261000 	C:\WINDOWS\SYSTEM32\dbghelp.dll

VM Arguments:
jvm_args: -XX:TieredStopAtLevel=1 -Xverify:none -Dspring.output.ansi.enabled=always -Dcom.sun.management.jmxremote -Dspring.jmx.enabled=true -Dspring.liveBeansView.mbeanDomain -Dspring.application.admin.enabled=true -javaagent:D:\Program Files\JetBrains\IntelliJ IDEA 2019.3.3\lib\idea_rt.jar=49846:D:\Program Files\JetBrains\IntelliJ IDEA 2019.3.3\bin -Dfile.encoding=UTF-8 
java_command: com.qsz.bmss.BmssApplication
java_class_path (initial): D:\Program Files\jdk\jre\lib\charsets.jar;D:\Program Files\jdk\jre\lib\deploy.jar;D:\Program Files\jdk\jre\lib\ext\access-bridge.jar;D:\Program Files\jdk\jre\lib\ext\cldrdata.jar;D:\Program Files\jdk\jre\lib\ext\dnsns.jar;D:\Program Files\jdk\jre\lib\ext\jaccess.jar;D:\Program Files\jdk\jre\lib\ext\jfxrt.jar;D:\Program Files\jdk\jre\lib\ext\localedata.jar;D:\Program Files\jdk\jre\lib\ext\nashorn.jar;D:\Program Files\jdk\jre\lib\ext\sunec.jar;D:\Program Files\jdk\jre\lib\ext\sunjce_provider.jar;D:\Program Files\jdk\jre\lib\ext\sunmscapi.jar;D:\Program Files\jdk\jre\lib\ext\sunpkcs11.jar;D:\Program Files\jdk\jre\lib\ext\zipfs.jar;D:\Program Files\jdk\jre\lib\javaws.jar;D:\Program Files\jdk\jre\lib\jce.jar;D:\Program Files\jdk\jre\lib\jfr.jar;D:\Program Files\jdk\jre\lib\jfxswt.jar;D:\Program Files\jdk\jre\lib\jsse.jar;D:\Program Files\jdk\jre\lib\management-agent.jar;D:\Program Files\jdk\jre\lib\plugin.jar;D:\Program Files\jdk\jre\lib\resources.jar;D:\Program Files\jdk\jre\lib\rt.jar;G:\QszWork\qsz-admin\bmss\build\classes\java\main;G:\QszWork\qsz-admin\bmss\build\resources\main;E:\gradle\caches\modules-2\files-2.1\com.alibaba\fastjson\1.2.62\9243497a2f1f9d40d7d1d8d852f0abdc71955532\fastjson-1.2.62.jar;E:\gradle\caches\modules-2\files-2.1\org.springframework.security\spring-security-jwt\1.0.10.RELEASE\19a1ca7a83e9d263a31af5f529da460f8f863451\spring-security-jwt-1.0.10.RELEASE.jar;E:\gradle\caches\modules-2\files-2.1\io.jsonwebtoken\jjwt\0.9.1\54d2abfc3e63a28824d35bf600d6a5d627da681a\jjwt-0.9.1.jar;E:\gradle\caches\modules-2\files-2.1\mysql\mysql-connector-java\8.0.18\e088efaa4b568bc7d9f7274b9c5ea1a00da1a45c\mysql-connector-java-8.0.18.jar;E:\gradle\caches\modules-2\files-2.1\com.baomidou\mybatis-plus-boot-starter\3.2.0\b9459d99c7ace222dd96476d218b11efa3b2e625\mybatis-plus-boot-starter-3.2.0.jar;E:\gradle\caches\modules-2\files-2.1\com.github.pagehelper\pagehelper-spring-boot-starter\1.2.12\813bb735ebbf290339163b8d2aeb8df6598b7c93\pagehelpe
Launcher Type: SUN_STANDARD

Environment Variables:
JAVA_HOME=D:\Program Files\jdk
CLASSPATH=.;D:\Program Files\jdk\lib\dt.jar;D:\Program Files\jdk\lib\tools.jar
PATH=C:\Program Files (x86)\Intel\iCLS Client\;C:\Program Files\Intel\iCLS Client\;C:\Program Files (x86)\NVIDIA Corporation\PhysX\Common;C:\WINDOWS\system32;C:\WINDOWS;C:\WINDOWS\System32\Wbem;C:\WINDOWS\System32\WindowsPowerShell\v1.0\;C:\Program Files\Intel\Intel(R) Management Engine Components\DAL;C:\Program Files (x86)\Intel\Intel(R) Management Engine Components\DAL;C:\Program Files\Intel\Intel(R) Management Engine Components\IPT;C:\Program Files (x86)\Intel\Intel(R) Management Engine Components\IPT;D:\Program Files\jdk\bin;D:\Program Files\jdk\jre\bin;D:\Program Files\Git\cmd;C:\Program Files\TortoiseGit\bin;D:\apache-tomcat-7.0.63\lib;D:\apache-tomcat-7.0.63\bin;D:\sqlite;E:\adt\sdk\platform-tools;E:\adt\sdk\tools;D:\Program Files\apache-maven-3.6.1-bin\apache-maven-3.6.1\bin;C:\gradle\bin;C:\Program Files\MySQL\MySQL Server 5.7\bin;D:\Program Files\apache-maven-3.6.1-bin\apache-maven-3.6.1\bin;D:\Program Files\nodejs\;C:\Users\asus\AppData\Roaming\npm
USERNAME=asus
OS=Windows_NT
PROCESSOR_IDENTIFIER=Intel64 Family 6 Model 61 Stepping 4, GenuineIntel



---------------  S Y S T E M  ---------------

OS: Windows 8.1 , 64 bit Build 9600 (6.3.9600.17415)

CPU:total 4 (2 cores per cpu, 2 threads per core) family 6 model 61 stepping 4, cmov, cx8, fxsr, mmx, sse, sse2, sse3, ssse3, sse4.1, sse4.2, popcnt, avx, avx2, aes, clmul, erms, 3dnowpref, lzcnt, ht, tsc, tscinvbit, bmi1, bmi2, adx

Memory: 4k page, physical 12482980k(6718940k free), swap 15432100k(9344640k free)

vm_info: Java HotSpot(TM) Client VM (25.65-b01) for windows-x86 JRE (1.8.0_65-b17), built on Oct  6 2015 17:26:22 by "java_re" with MS VC++ 10.0 (VS2010)

time: Thu Jun 25 17:28:51 2020
elapsed time: 17 seconds (0d 0h 0m 17s)

