#
# A fatal error has been detected by the Java Runtime Environment:
#
#  EXCEPTION_ACCESS_VIOLATION (0xc0000005) at pc=0x76f49ef4, pid=11252, tid=7920
#
# JRE version: Java(TM) SE Runtime Environment (8.0_65-b17) (build 1.8.0_65-b17)
# Java VM: Java HotSpot(TM) Client VM (25.65-b01 mixed mode windows-x86 )
# Problematic frame:
# C  [ntdll.dll+0x49ef4]
#
# Failed to write core dump. Minidumps are not enabled by default on client versions of Windows
#
# If you would like to submit a bug report, please visit:
#   http://bugreport.java.com/bugreport/crash.jsp
# The crash happened outside the Java Virtual Machine in native code.
# See problematic frame for where to report the bug.
#

---------------  T H R E A D  ---------------

Current thread (0x17630400):  JavaThread "File Watcher" daemon [_thread_in_native, id=7920, stack(0x18d60000,0x18db0000)]

siginfo: ExceptionCode=0xc0000005, writing address 0x000000b8

Registers:
EAX=0x00000000, EBX=0x00000000, ECX=0x0000005c, EDX=0x0000006e
ESP=0x18daf258, EBP=0x18daf278, ESI=0x000000e8, EDI=0x000000dc
EIP=0x76f49ef4, EFLAGS=0x00010246

Top of Stack: (sp=0x18daf258)
0x18daf258:   0000006e 18daf338 18daf390 000000e8
0x18daf268:   00de00dc 15de7b28 00000000 00000000
0x18daf278:   18daf318 76f49d87 c4236067 00000000
0x18daf288:   18daf368 14b74a38 15de6858 00000002
0x18daf298:   00880000 18daf38c 00000009 0000006e
0x18daf2a8:   15de6854 00000009 00000012 000000dc
0x18daf2b8:   00000020 00000000 00881db8 18daf338
0x18daf2c8:   18daf354 76f40ea9 00000000 00000000 

Instructions: (pc=0x76f49ef4)
0x76f49ed4:   8b 75 b4 80 7d c7 00 74 10 3b ce 76 0c 66 83 7c
0x76f49ee4:   4b fe 5c 75 04 49 89 4d a4 3b 4d 94 73 09 33 c0
0x76f49ef4:   66 89 04 4b 8d 24 24 85 c9 74 16 49 89 4d a4 0f
0x76f49f04:   b7 04 4b 83 f8 20 74 e6 83 f8 2e 74 e1 41 89 4d 


Register to memory mapping:

EAX=0x00000000 is an unknown value
EBX=0x00000000 is an unknown value
ECX=0x0000005c is an unknown value
EDX=0x0000006e is an unknown value
ESP=0x18daf258 is pointing into the stack for thread: 0x17630400
EBP=0x18daf278 is pointing into the stack for thread: 0x17630400
ESI=0x000000e8 is an unknown value
EDI=0x000000dc is an unknown value


Stack: [0x18d60000,0x18db0000],  sp=0x18daf258,  free space=316k
Native frames: (J=compiled Java code, j=interpreted, Vv=VM code, C=native code)
C  [ntdll.dll+0x49ef4]
C  [ntdll.dll+0x49d87]
C  [ntdll.dll+0x66070]
C  [KERNELBASE.dll+0x1802f]
C  [java.dll+0x7fd4]
C  [java.dll+0x80cd]
J 2158 C1 java.io.File.isDirectory()Z (43 bytes) @ 0x02d835e0 [0x02d83560+0x80]
J 2164 C1 org.springframework.boot.devtools.filewatch.FolderSnapshot.collectFiles(Ljava/io/File;Ljava/util/Set;)V (99 bytes) @ 0x02d84d54 [0x02d84cf0+0x64]
J 2164 C1 org.springframework.boot.devtools.filewatch.FolderSnapshot.collectFiles(Ljava/io/File;Ljava/util/Set;)V (99 bytes) @ 0x02d84e14 [0x02d84cf0+0x124]
J 2164 C1 org.springframework.boot.devtools.filewatch.FolderSnapshot.collectFiles(Ljava/io/File;Ljava/util/Set;)V (99 bytes) @ 0x02d84e14 [0x02d84cf0+0x124]
J 2164 C1 org.springframework.boot.devtools.filewatch.FolderSnapshot.collectFiles(Ljava/io/File;Ljava/util/Set;)V (99 bytes) @ 0x02d84e14 [0x02d84cf0+0x124]
J 2164 C1 org.springframework.boot.devtools.filewatch.FolderSnapshot.collectFiles(Ljava/io/File;Ljava/util/Set;)V (99 bytes) @ 0x02d84e14 [0x02d84cf0+0x124]
J 2164 C1 org.springframework.boot.devtools.filewatch.FolderSnapshot.collectFiles(Ljava/io/File;Ljava/util/Set;)V (99 bytes) @ 0x02d84e14 [0x02d84cf0+0x124]
j  org.springframework.boot.devtools.filewatch.FolderSnapshot.<init>(Ljava/io/File;)V+76
J 2651 C1 org.springframework.boot.devtools.filewatch.FileSystemWatcher$Watcher.getCurrentSnapshots()Ljava/util/Map; (63 bytes) @ 0x02b5edc4 [0x02b5ecc0+0x104]
j  org.springframework.boot.devtools.filewatch.FileSystemWatcher$Watcher.scan()V+20
j  org.springframework.boot.devtools.filewatch.FileSystemWatcher$Watcher.run()V+30
j  java.lang.Thread.run()V+11
v  ~StubRoutines::call_stub
V  [jvm.dll+0x158985]
V  [jvm.dll+0x21df3e]
V  [jvm.dll+0x158a1e]
V  [jvm.dll+0x158ba6]
V  [jvm.dll+0x158c17]
V  [jvm.dll+0xfd45f]
V  [jvm.dll+0x17bddc]
V  [jvm.dll+0x17beca]
V  [jvm.dll+0x1c0466]
C  [msvcr100.dll+0x5c556]
C  [msvcr100.dll+0x5c600]
C  [KERNEL32.DLL+0x17c04]
C  [ntdll.dll+0x5ab8f]
C  [ntdll.dll+0x5ab5a]
C  0x00000000

Java frames: (J=compiled Java code, j=interpreted, Vv=VM code)
J 390  java.io.WinNTFileSystem.getBooleanAttributes(Ljava/io/File;)I (0 bytes) @ 0x02b27066 [0x02b27010+0x56]
J 2158 C1 java.io.File.isDirectory()Z (43 bytes) @ 0x02d835e0 [0x02d83560+0x80]
J 2164 C1 org.springframework.boot.devtools.filewatch.FolderSnapshot.collectFiles(Ljava/io/File;Ljava/util/Set;)V (99 bytes) @ 0x02d84d54 [0x02d84cf0+0x64]
J 2164 C1 org.springframework.boot.devtools.filewatch.FolderSnapshot.collectFiles(Ljava/io/File;Ljava/util/Set;)V (99 bytes) @ 0x02d84e14 [0x02d84cf0+0x124]
J 2164 C1 org.springframework.boot.devtools.filewatch.FolderSnapshot.collectFiles(Ljava/io/File;Ljava/util/Set;)V (99 bytes) @ 0x02d84e14 [0x02d84cf0+0x124]
J 2164 C1 org.springframework.boot.devtools.filewatch.FolderSnapshot.collectFiles(Ljava/io/File;Ljava/util/Set;)V (99 bytes) @ 0x02d84e14 [0x02d84cf0+0x124]
J 2164 C1 org.springframework.boot.devtools.filewatch.FolderSnapshot.collectFiles(Ljava/io/File;Ljava/util/Set;)V (99 bytes) @ 0x02d84e14 [0x02d84cf0+0x124]
J 2164 C1 org.springframework.boot.devtools.filewatch.FolderSnapshot.collectFiles(Ljava/io/File;Ljava/util/Set;)V (99 bytes) @ 0x02d84e14 [0x02d84cf0+0x124]
j  org.springframework.boot.devtools.filewatch.FolderSnapshot.<init>(Ljava/io/File;)V+76
J 2651 C1 org.springframework.boot.devtools.filewatch.FileSystemWatcher$Watcher.getCurrentSnapshots()Ljava/util/Map; (63 bytes) @ 0x02b5edc4 [0x02b5ecc0+0x104]
j  org.springframework.boot.devtools.filewatch.FileSystemWatcher$Watcher.scan()V+20
j  org.springframework.boot.devtools.filewatch.FileSystemWatcher$Watcher.run()V+30
j  java.lang.Thread.run()V+11
v  ~StubRoutines::call_stub

---------------  P R O C E S S  ---------------

Java Threads: ( => current thread )
  0x17784c00 JavaThread "MyHikariCP housekeeper" daemon [_thread_blocked, id=9604, stack(0x199d0000,0x19a20000)]
  0x17785000 JavaThread "DestroyJavaVM" [_thread_blocked, id=4528, stack(0x00900000,0x00950000)]
  0x17785c00 JavaThread "http-nio-8090-Acceptor" daemon [_thread_in_native, id=9380, stack(0x19640000,0x19690000)]
  0x17784000 JavaThread "http-nio-8090-ClientPoller" daemon [_thread_in_native, id=10260, stack(0x195b0000,0x19600000)]
  0x17783800 JavaThread "http-nio-8090-exec-10" daemon [_thread_blocked, id=11172, stack(0x19520000,0x19570000)]
  0x17784400 JavaThread "http-nio-8090-exec-9" daemon [_thread_blocked, id=8184, stack(0x19390000,0x193e0000)]
  0x17782000 JavaThread "http-nio-8090-exec-8" daemon [_thread_blocked, id=9684, stack(0x19300000,0x19350000)]
  0x17781800 JavaThread "http-nio-8090-exec-7" daemon [_thread_blocked, id=9844, stack(0x19270000,0x192c0000)]
  0x17632000 JavaThread "http-nio-8090-exec-6" daemon [_thread_blocked, id=2920, stack(0x191e0000,0x19230000)]
  0x17631800 JavaThread "http-nio-8090-exec-5" daemon [_thread_blocked, id=452, stack(0x19150000,0x191a0000)]
  0x17631000 JavaThread "http-nio-8090-exec-4" daemon [_thread_blocked, id=8988, stack(0x190c0000,0x19110000)]
  0x1762ec00 JavaThread "http-nio-8090-exec-3" daemon [_thread_blocked, id=9500, stack(0x19030000,0x19080000)]
  0x1762f800 JavaThread "http-nio-8090-exec-2" daemon [_thread_blocked, id=9488, stack(0x18fa0000,0x18ff0000)]
  0x17630c00 JavaThread "http-nio-8090-exec-1" daemon [_thread_blocked, id=200, stack(0x18f10000,0x18f60000)]
  0x1762f400 JavaThread "http-nio-8090-BlockPoller" daemon [_thread_in_native, id=8736, stack(0x18df0000,0x18e40000)]
  0x17632400 JavaThread "Live Reload Server" daemon [_thread_in_native, id=5068, stack(0x18e80000,0x18ed0000)]
=>0x17630400 JavaThread "File Watcher" daemon [_thread_in_native, id=7920, stack(0x18d60000,0x18db0000)]
  0x17630000 JavaThread "container-0" [_thread_blocked, id=10516, stack(0x18ad0000,0x18b20000)]
  0x17649400 JavaThread "Catalina-utility-2" [_thread_blocked, id=10488, stack(0x18a40000,0x18a90000)]
  0x17621800 JavaThread "Catalina-utility-1" [_thread_blocked, id=9884, stack(0x189b0000,0x18a00000)]
  0x174bfc00 JavaThread "mysql-cj-abandoned-connection-cleanup" daemon [_thread_blocked, id=9332, stack(0x167a0000,0x167f0000)]
  0x15642000 JavaThread "RMI TCP Accept-0" daemon [_thread_in_native, id=10888, stack(0x15a00000,0x15a50000)]
  0x1549a800 JavaThread "Service Thread" daemon [_thread_blocked, id=10372, stack(0x15850000,0x158a0000)]
  0x15498000 JavaThread "C1 CompilerThread0" daemon [_thread_blocked, id=9280, stack(0x157c0000,0x15810000)]
  0x154aa800 JavaThread "Monitor Ctrl-Break" daemon [_thread_in_native, id=2024, stack(0x15730000,0x15780000)]
  0x14efc800 JavaThread "Attach Listener" daemon [_thread_blocked, id=9716, stack(0x15290000,0x152e0000)]
  0x14efbc00 JavaThread "Signal Dispatcher" daemon [_thread_blocked, id=3676, stack(0x15200000,0x15250000)]
  0x14ecc800 JavaThread "Finalizer" daemon [_thread_blocked, id=1404, stack(0x15110000,0x15160000)]
  0x14ec7c00 JavaThread "Reference Handler" daemon [_thread_blocked, id=6356, stack(0x150c0000,0x15110000)]

Other Threads:
  0x14ec3400 VMThread [stack: 0x02420000,0x02470000] [id=6760]
  0x1562e000 WatcherThread [stack: 0x15a90000,0x15ae0000] [id=10248]

VM state:not at safepoint (normal execution)

VM Mutex/Monitor currently owned by a thread: None

Heap:
 def new generation   total 12928K, used 2130K [0x04a00000, 0x05800000, 0x09f50000)
  eden space 11520K,  14% used [0x04a00000, 0x04baaf38, 0x05540000)
  from space 1408K,  29% used [0x05540000, 0x055a9920, 0x056a0000)
  to   space 1408K,   0% used [0x056a0000, 0x056a0000, 0x05800000)
 tenured generation   total 28516K, used 25735K [0x09f50000, 0x0bb29000, 0x14a00000)
   the space 28516K,  90% used [0x09f50000, 0x0b871c90, 0x0b871e00, 0x0bb29000)
 Metaspace       used 30732K, capacity 32162K, committed 32256K, reserved 33152K

Card table byte_map: [0x02390000,0x02420000] byte_map_base: 0x0236b000

Polling page: 0x008d0000

CodeCache: size=32768Kb used=3965Kb max_used=4114Kb free=28802Kb
 bounds [0x02a00000, 0x02e18000, 0x04a00000]
 total_blobs=2419 nmethods=2197 adapters=152
 compilation: enabled

Compilation events (10 events):
Event: 520.081 Thread 0x15498000 2647             org.springframework.security.crypto.bcrypt.BCrypt::crypt_raw (261 bytes)
Event: 520.082 Thread 0x15498000 nmethod 2647 0x02b5de48 code [0x02b5dfe0, 0x02b5e4dc]
Event: 520.196 Thread 0x15498000 2648   !         java.util.concurrent.ConcurrentHashMap::clear (176 bytes)
Event: 520.197 Thread 0x15498000 nmethod 2648 0x02acf148 code [0x02acf280, 0x02acf6b8]
Event: 527.004 Thread 0x15498000 2649             java.util.concurrent.locks.AbstractQueuedSynchronizer::enq (58 bytes)
Event: 527.004 Thread 0x15498000 nmethod 2649 0x02b5d488 code [0x02b5d590, 0x02b5d730]
Event: 532.004 Thread 0x15498000 2650   !         java.util.concurrent.locks.AbstractQueuedSynchronizer::fullyRelease (54 bytes)
Event: 532.004 Thread 0x15498000 nmethod 2650 0x02ac3f08 code [0x02ac4030, 0x02ac4204]
Event: 538.459 Thread 0x15498000 2651             org.springframework.boot.devtools.filewatch.FileSystemWatcher$Watcher::getCurrentSnapshots (63 bytes)
Event: 538.459 Thread 0x15498000 nmethod 2651 0x02b5eb48 code [0x02b5ecc0, 0x02b5ef50]

GC Heap History (10 events):
Event: 213.291 GC heap before
{Heap before GC invocations=103 (full 4):
 def new generation   total 12928K, used 12079K [0x04a00000, 0x05800000, 0x09f50000)
  eden space 11520K, 100% used [0x04a00000, 0x05540000, 0x05540000)
  from space 1408K,  39% used [0x056a0000, 0x0572bd98, 0x05800000)
  to   space 1408K,   0% used [0x05540000, 0x05540000, 0x056a0000)
 tenured generation   total 28516K, used 25735K [0x09f50000, 0x0bb29000, 0x14a00000)
   the space 28516K,  90% used [0x09f50000, 0x0b871c90, 0x0b871e00, 0x0bb29000)
 Metaspace       used 30551K, capacity 31929K, committed 32000K, reserved 32128K
Event: 213.295 GC heap after
Heap after GC invocations=104 (full 4):
 def new generation   total 12928K, used 453K [0x04a00000, 0x05800000, 0x09f50000)
  eden space 11520K,   0% used [0x04a00000, 0x04a00000, 0x05540000)
  from space 1408K,  32% used [0x05540000, 0x055b1430, 0x056a0000)
  to   space 1408K,   0% used [0x056a0000, 0x056a0000, 0x05800000)
 tenured generation   total 28516K, used 25735K [0x09f50000, 0x0bb29000, 0x14a00000)
   the space 28516K,  90% used [0x09f50000, 0x0b871c90, 0x0b871e00, 0x0bb29000)
 Metaspace       used 30551K, capacity 31929K, committed 32000K, reserved 32128K
}
Event: 317.066 GC heap before
{Heap before GC invocations=104 (full 4):
 def new generation   total 12928K, used 11973K [0x04a00000, 0x05800000, 0x09f50000)
  eden space 11520K, 100% used [0x04a00000, 0x05540000, 0x05540000)
  from space 1408K,  32% used [0x05540000, 0x055b1430, 0x056a0000)
  to   space 1408K,   0% used [0x056a0000, 0x056a0000, 0x05800000)
 tenured generation   total 28516K, used 25735K [0x09f50000, 0x0bb29000, 0x14a00000)
   the space 28516K,  90% used [0x09f50000, 0x0b871c90, 0x0b871e00, 0x0bb29000)
 Metaspace       used 30551K, capacity 31929K, committed 32000K, reserved 32128K
Event: 317.069 GC heap after
Heap after GC invocations=105 (full 4):
 def new generation   total 12928K, used 229K [0x04a00000, 0x05800000, 0x09f50000)
  eden space 11520K,   0% used [0x04a00000, 0x04a00000, 0x05540000)
  from space 1408K,  16% used [0x056a0000, 0x056d9460, 0x05800000)
  to   space 1408K,   0% used [0x05540000, 0x05540000, 0x056a0000)
 tenured generation   total 28516K, used 25735K [0x09f50000, 0x0bb29000, 0x14a00000)
   the space 28516K,  90% used [0x09f50000, 0x0b871c90, 0x0b871e00, 0x0bb29000)
 Metaspace       used 30551K, capacity 31929K, committed 32000K, reserved 32128K
}
Event: 405.209 GC heap before
{Heap before GC invocations=105 (full 4):
 def new generation   total 12928K, used 11749K [0x04a00000, 0x05800000, 0x09f50000)
  eden space 11520K, 100% used [0x04a00000, 0x05540000, 0x05540000)
  from space 1408K,  16% used [0x056a0000, 0x056d9460, 0x05800000)
  to   space 1408K,   0% used [0x05540000, 0x05540000, 0x056a0000)
 tenured generation   total 28516K, used 25735K [0x09f50000, 0x0bb29000, 0x14a00000)
   the space 28516K,  90% used [0x09f50000, 0x0b871c90, 0x0b871e00, 0x0bb29000)
 Metaspace       used 30600K, capacity 32004K, committed 32128K, reserved 32128K
Event: 405.213 GC heap after
Heap after GC invocations=106 (full 4):
 def new generation   total 12928K, used 290K [0x04a00000, 0x05800000, 0x09f50000)
  eden space 11520K,   0% used [0x04a00000, 0x04a00000, 0x05540000)
  from space 1408K,  20% used [0x05540000, 0x055889d0, 0x056a0000)
  to   space 1408K,   0% used [0x056a0000, 0x056a0000, 0x05800000)
 tenured generation   total 28516K, used 25735K [0x09f50000, 0x0bb29000, 0x14a00000)
   the space 28516K,  90% used [0x09f50000, 0x0b871c90, 0x0b871e00, 0x0bb29000)
 Metaspace       used 30600K, capacity 32004K, committed 32128K, reserved 32128K
}
Event: 457.430 GC heap before
{Heap before GC invocations=106 (full 4):
 def new generation   total 12928K, used 11810K [0x04a00000, 0x05800000, 0x09f50000)
  eden space 11520K, 100% used [0x04a00000, 0x05540000, 0x05540000)
  from space 1408K,  20% used [0x05540000, 0x055889d0, 0x056a0000)
  to   space 1408K,   0% used [0x056a0000, 0x056a0000, 0x05800000)
 tenured generation   total 28516K, used 25735K [0x09f50000, 0x0bb29000, 0x14a00000)
   the space 28516K,  90% used [0x09f50000, 0x0b871c90, 0x0b871e00, 0x0bb29000)
 Metaspace       used 30728K, capacity 32157K, committed 32256K, reserved 33152K
Event: 457.434 GC heap after
Heap after GC invocations=107 (full 4):
 def new generation   total 12928K, used 525K [0x04a00000, 0x05800000, 0x09f50000)
  eden space 11520K,   0% used [0x04a00000, 0x04a00000, 0x05540000)
  from space 1408K,  37% used [0x056a0000, 0x05723778, 0x05800000)
  to   space 1408K,   0% used [0x05540000, 0x05540000, 0x056a0000)
 tenured generation   total 28516K, used 25735K [0x09f50000, 0x0bb29000, 0x14a00000)
   the space 28516K,  90% used [0x09f50000, 0x0b871c90, 0x0b871e00, 0x0bb29000)
 Metaspace       used 30728K, capacity 32157K, committed 32256K, reserved 33152K
}
Event: 526.676 GC heap before
{Heap before GC invocations=107 (full 4):
 def new generation   total 12928K, used 12045K [0x04a00000, 0x05800000, 0x09f50000)
  eden space 11520K, 100% used [0x04a00000, 0x05540000, 0x05540000)
  from space 1408K,  37% used [0x056a0000, 0x05723778, 0x05800000)
  to   space 1408K,   0% used [0x05540000, 0x05540000, 0x056a0000)
 tenured generation   total 28516K, used 25735K [0x09f50000, 0x0bb29000, 0x14a00000)
   the space 28516K,  90% used [0x09f50000, 0x0b871c90, 0x0b871e00, 0x0bb29000)
 Metaspace       used 30732K, capacity 32162K, committed 32256K, reserved 33152K
Event: 526.680 GC heap after
Heap after GC invocations=108 (full 4):
 def new generation   total 12928K, used 422K [0x04a00000, 0x05800000, 0x09f50000)
  eden space 11520K,   0% used [0x04a00000, 0x04a00000, 0x05540000)
  from space 1408K,  29% used [0x05540000, 0x055a9920, 0x056a0000)
  to   space 1408K,   0% used [0x056a0000, 0x056a0000, 0x05800000)
 tenured generation   total 28516K, used 25735K [0x09f50000, 0x0bb29000, 0x14a00000)
   the space 28516K,  90% used [0x09f50000, 0x0b871c90, 0x0b871e00, 0x0bb29000)
 Metaspace       used 30732K, capacity 32162K, committed 32256K, reserved 33152K
}

Deoptimization events (0 events):
No events

Internal exceptions (10 events):
Event: 455.829 Thread 0x17631800 Exception <a 'java/lang/ArrayIndexOutOfBoundsException'> (0x054ab098) thrown at [C:\re\workspace\8-2-build-windows-i586-cygwin\jdk8u65\4987\hotspot\src\share\vm\runtime\sharedRuntime.cpp, line 605]
Event: 455.829 Thread 0x17631800 Exception <a 'java/lang/ArrayIndexOutOfBoundsException'> (0x054ad410) thrown at [C:\re\workspace\8-2-build-windows-i586-cygwin\jdk8u65\4987\hotspot\src\share\vm\runtime\sharedRuntime.cpp, line 605]
Event: 455.829 Thread 0x17631800 Exception <a 'java/lang/ArrayIndexOutOfBoundsException'> (0x054aeb70) thrown at [C:\re\workspace\8-2-build-windows-i586-cygwin\jdk8u65\4987\hotspot\src\share\vm\runtime\sharedRuntime.cpp, line 605]
Event: 455.829 Thread 0x17631800 Exception <a 'java/lang/ArrayIndexOutOfBoundsException'> (0x054b0c38) thrown at [C:\re\workspace\8-2-build-windows-i586-cygwin\jdk8u65\4987\hotspot\src\share\vm\runtime\sharedRuntime.cpp, line 605]
Event: 455.829 Thread 0x17631800 Exception <a 'java/lang/ArrayIndexOutOfBoundsException'> (0x054b3760) thrown at [C:\re\workspace\8-2-build-windows-i586-cygwin\jdk8u65\4987\hotspot\src\share\vm\runtime\sharedRuntime.cpp, line 605]
Event: 455.829 Thread 0x17631800 Exception <a 'java/lang/ArrayIndexOutOfBoundsException'> (0x054b4e60) thrown at [C:\re\workspace\8-2-build-windows-i586-cygwin\jdk8u65\4987\hotspot\src\share\vm\runtime\sharedRuntime.cpp, line 605]
Event: 455.829 Thread 0x17631800 Exception <a 'java/lang/ArrayIndexOutOfBoundsException'> (0x054b6ac8) thrown at [C:\re\workspace\8-2-build-windows-i586-cygwin\jdk8u65\4987\hotspot\src\share\vm\runtime\sharedRuntime.cpp, line 605]
Event: 455.829 Thread 0x17631800 Exception <a 'java/lang/ArrayIndexOutOfBoundsException'> (0x054b8568) thrown at [C:\re\workspace\8-2-build-windows-i586-cygwin\jdk8u65\4987\hotspot\src\share\vm\runtime\sharedRuntime.cpp, line 605]
Event: 455.832 Thread 0x17631800 Exception <a 'java/lang/ArrayIndexOutOfBoundsException'> (0x0552f200) thrown at [C:\re\workspace\8-2-build-windows-i586-cygwin\jdk8u65\4987\hotspot\src\share\vm\runtime\sharedRuntime.cpp, line 605]
Event: 455.833 Thread 0x17631800 Exception <a 'java/lang/ArrayIndexOutOfBoundsException'> (0x055336e0) thrown at [C:\re\workspace\8-2-build-windows-i586-cygwin\jdk8u65\4987\hotspot\src\share\vm\runtime\sharedRuntime.cpp, line 605]

Events (10 events):
Event: 520.194 Executing VM operation: RevokeBias done
Event: 520.197 Thread 0x15498000 flushing nmethod 0x02b5ea48
Event: 520.197 Thread 0x15498000 flushing nmethod 0x02b5f7c8
Event: 520.197 Thread 0x15498000 flushing nmethod 0x02b5ff48
Event: 520.197 Thread 0x15498000 flushing nmethod 0x02b60108
Event: 520.197 Thread 0x15498000 flushing nmethod 0x02b605c8
Event: 521.065 Executing VM operation: RevokeBias
Event: 521.065 Executing VM operation: RevokeBias done
Event: 526.676 Executing VM operation: GenCollectForAllocation
Event: 526.680 Executing VM operation: GenCollectForAllocation done


Dynamic libraries:
0x002e0000 - 0x00313000 	D:\Program Files\jdk\bin\java.exe
0x76f00000 - 0x7706f000 	C:\WINDOWS\SYSTEM32\ntdll.dll
0x74c50000 - 0x74d90000 	C:\WINDOWS\SYSTEM32\KERNEL32.DLL
0x75050000 - 0x75127000 	C:\WINDOWS\SYSTEM32\KERNELBASE.dll
0x73900000 - 0x739a0000 	C:\WINDOWS\system32\apphelp.dll
0x5e6c0000 - 0x5e926000 	C:\WINDOWS\AppPatch\AcGenral.DLL
0x74ad0000 - 0x74b93000 	C:\WINDOWS\SYSTEM32\msvcrt.dll
0x76850000 - 0x76891000 	C:\WINDOWS\SYSTEM32\sechost.dll
0x76bc0000 - 0x76bde000 	C:\WINDOWS\SYSTEM32\SspiCli.dll
0x74e80000 - 0x74ec5000 	C:\WINDOWS\SYSTEM32\SHLWAPI.dll
0x71ff0000 - 0x720dd000 	C:\WINDOWS\SYSTEM32\UxTheme.dll
0x76a60000 - 0x76bb3000 	C:\WINDOWS\SYSTEM32\USER32.dll
0x75140000 - 0x7524f000 	C:\WINDOWS\SYSTEM32\GDI32.dll
0x74360000 - 0x74383000 	C:\WINDOWS\SYSTEM32\WINMM.dll
0x5f5d0000 - 0x5f5e3000 	C:\WINDOWS\SYSTEM32\samcli.dll
0x76d00000 - 0x76e29000 	C:\WINDOWS\SYSTEM32\ole32.dll
0x74dd0000 - 0x74e65000 	C:\WINDOWS\SYSTEM32\OLEAUT32.dll
0x5eb60000 - 0x5eb77000 	C:\WINDOWS\SYSTEM32\MSACM32.dll
0x73da0000 - 0x73da8000 	C:\WINDOWS\SYSTEM32\VERSION.dll
0x75250000 - 0x7650c000 	C:\WINDOWS\SYSTEM32\SHELL32.dll
0x744d0000 - 0x744eb000 	C:\WINDOWS\SYSTEM32\USERENV.dll
0x71fd0000 - 0x71fea000 	C:\WINDOWS\SYSTEM32\dwmapi.dll
0x74130000 - 0x7427b000 	C:\WINDOWS\SYSTEM32\urlmon.dll
0x76680000 - 0x766fc000 	C:\WINDOWS\SYSTEM32\ADVAPI32.dll
0x72e70000 - 0x72ed5000 	C:\WINDOWS\SYSTEM32\WINSPOOL.DRV
0x71d20000 - 0x71d36000 	C:\WINDOWS\SYSTEM32\MPR.dll
0x747e0000 - 0x7489a000 	C:\WINDOWS\SYSTEM32\RPCRT4.dll
0x746e0000 - 0x746ea000 	C:\WINDOWS\SYSTEM32\CRYPTBASE.dll
0x74ed0000 - 0x7504d000 	C:\WINDOWS\SYSTEM32\combase.dll
0x73d50000 - 0x73d73000 	C:\WINDOWS\SYSTEM32\WINMMBASE.dll
0x744c0000 - 0x744cf000 	C:\WINDOWS\SYSTEM32\profapi.dll
0x73b10000 - 0x73d44000 	C:\WINDOWS\SYSTEM32\iertutil.dll
0x73db0000 - 0x73fbd000 	C:\WINDOWS\SYSTEM32\WININET.dll
0x74680000 - 0x746d4000 	C:\WINDOWS\SYSTEM32\bcryptPrimitives.dll
0x74770000 - 0x747ac000 	C:\WINDOWS\SYSTEM32\cfgmgr32.dll
0x73ad0000 - 0x73af1000 	C:\WINDOWS\SYSTEM32\DEVOBJ.dll
0x74430000 - 0x744bb000 	C:\WINDOWS\SYSTEM32\SHCORE.DLL
0x747b0000 - 0x747d7000 	C:\WINDOWS\system32\IMM32.DLL
0x76be0000 - 0x76cf2000 	C:\WINDOWS\SYSTEM32\MSCTF.dll
0x722e0000 - 0x724e6000 	C:\WINDOWS\WinSxS\x86_microsoft.windows.common-controls_6595b64144ccf1df_6.0.9600.17810_none_a9edf09f013934e0\COMCTL32.dll
0x5eaa0000 - 0x5eb5f000 	D:\Program Files\jdk\jre\bin\msvcr100.dll
0x5e2f0000 - 0x5e6b4000 	D:\Program Files\jdk\jre\bin\client\jvm.dll
0x743d0000 - 0x743d8000 	C:\WINDOWS\SYSTEM32\WSOCK32.dll
0x74c40000 - 0x74c46000 	C:\WINDOWS\SYSTEM32\PSAPI.DLL
0x76800000 - 0x76850000 	C:\WINDOWS\SYSTEM32\WS2_32.dll
0x74e70000 - 0x74e77000 	C:\WINDOWS\SYSTEM32\NSI.dll
0x69a80000 - 0x69a8c000 	D:\Program Files\jdk\jre\bin\verify.dll
0x5ea70000 - 0x5ea91000 	D:\Program Files\jdk\jre\bin\java.dll
0x6d7f0000 - 0x6d810000 	D:\Program Files\jdk\jre\bin\instrument.dll
0x5ea50000 - 0x5ea63000 	D:\Program Files\jdk\jre\bin\zip.dll
0x6d7d0000 - 0x6d7e6000 	D:\Program Files\JetBrains\IntelliJ IDEA 2019.3.3\bin\breakgen.dll
0x5ea30000 - 0x5ea46000 	D:\Program Files\jdk\jre\bin\net.dll
0x743e0000 - 0x7442b000 	C:\WINDOWS\system32\mswsock.dll
0x730a0000 - 0x7311e000 	C:\WINDOWS\SYSTEM32\DNSAPI.dll
0x72bd0000 - 0x72bd8000 	C:\Windows\System32\rasadhlp.dll
0x72b80000 - 0x72bc6000 	C:\WINDOWS\System32\fwpuclnt.dll
0x5e9e0000 - 0x5e9ea000 	D:\Program Files\jdk\jre\bin\management.dll
0x5ea20000 - 0x5ea2f000 	D:\Program Files\jdk\jre\bin\nio.dll
0x72d10000 - 0x72d29000 	C:\WINDOWS\SYSTEM32\CRYPTSP.dll
0x72ce0000 - 0x72d10000 	C:\WINDOWS\system32\rsaenh.dll
0x72cc0000 - 0x72cde000 	C:\WINDOWS\SYSTEM32\bcrypt.dll
0x73d80000 - 0x73da0000 	C:\WINDOWS\SYSTEM32\IPHLPAPI.DLL
0x73b00000 - 0x73b08000 	C:\WINDOWS\SYSTEM32\WINNSI.DLL
0x72c60000 - 0x72c73000 	C:\WINDOWS\SYSTEM32\dhcpcsvc6.DLL
0x73aa0000 - 0x73ab4000 	C:\WINDOWS\SYSTEM32\dhcpcsvc.DLL
0x72c40000 - 0x72c51000 	C:\WINDOWS\system32\napinsp.dll
0x72c20000 - 0x72c36000 	C:\WINDOWS\system32\pnrpnsp.dll
0x72c00000 - 0x72c14000 	C:\WINDOWS\system32\NLAapi.dll
0x72bf0000 - 0x72bfa000 	C:\WINDOWS\System32\winrnr.dll
0x72be0000 - 0x72bf0000 	C:\WINDOWS\system32\wshbth.dll
0x5e980000 - 0x5e9a0000 	D:\Program Files\jdk\jre\bin\sunec.dll
0x5e970000 - 0x5e979000 	D:\Program Files\jdk\jre\bin\sunmscapi.dll
0x748a0000 - 0x74a28000 	C:\WINDOWS\SYSTEM32\CRYPT32.dll
0x74ac0000 - 0x74ace000 	C:\WINDOWS\SYSTEM32\MSASN1.dll
0x73120000 - 0x73261000 	C:\WINDOWS\SYSTEM32\dbghelp.dll

VM Arguments:
jvm_args: -XX:TieredStopAtLevel=1 -Xverify:none -Dspring.output.ansi.enabled=always -Dcom.sun.management.jmxremote -Dspring.jmx.enabled=true -Dspring.liveBeansView.mbeanDomain -Dspring.application.admin.enabled=true -javaagent:D:\Program Files\JetBrains\IntelliJ IDEA 2019.3.3\lib\idea_rt.jar=58411:D:\Program Files\JetBrains\IntelliJ IDEA 2019.3.3\bin -Dfile.encoding=UTF-8 
java_command: com.qsz.bmss.BmssApplication
java_class_path (initial): D:\Program Files\jdk\jre\lib\charsets.jar;D:\Program Files\jdk\jre\lib\deploy.jar;D:\Program Files\jdk\jre\lib\ext\access-bridge.jar;D:\Program Files\jdk\jre\lib\ext\cldrdata.jar;D:\Program Files\jdk\jre\lib\ext\dnsns.jar;D:\Program Files\jdk\jre\lib\ext\jaccess.jar;D:\Program Files\jdk\jre\lib\ext\jfxrt.jar;D:\Program Files\jdk\jre\lib\ext\localedata.jar;D:\Program Files\jdk\jre\lib\ext\nashorn.jar;D:\Program Files\jdk\jre\lib\ext\sunec.jar;D:\Program Files\jdk\jre\lib\ext\sunjce_provider.jar;D:\Program Files\jdk\jre\lib\ext\sunmscapi.jar;D:\Program Files\jdk\jre\lib\ext\sunpkcs11.jar;D:\Program Files\jdk\jre\lib\ext\zipfs.jar;D:\Program Files\jdk\jre\lib\javaws.jar;D:\Program Files\jdk\jre\lib\jce.jar;D:\Program Files\jdk\jre\lib\jfr.jar;D:\Program Files\jdk\jre\lib\jfxswt.jar;D:\Program Files\jdk\jre\lib\jsse.jar;D:\Program Files\jdk\jre\lib\management-agent.jar;D:\Program Files\jdk\jre\lib\plugin.jar;D:\Program Files\jdk\jre\lib\resources.jar;D:\Program Files\jdk\jre\lib\rt.jar;G:\QszWork\qsz-admin\bmss\build\classes\java\main;G:\QszWork\qsz-admin\bmss\build\resources\main;E:\gradle\caches\modules-2\files-2.1\com.alibaba\fastjson\1.2.62\9243497a2f1f9d40d7d1d8d852f0abdc71955532\fastjson-1.2.62.jar;E:\gradle\caches\modules-2\files-2.1\org.springframework.security\spring-security-jwt\1.0.10.RELEASE\19a1ca7a83e9d263a31af5f529da460f8f863451\spring-security-jwt-1.0.10.RELEASE.jar;E:\gradle\caches\modules-2\files-2.1\io.jsonwebtoken\jjwt\0.9.1\54d2abfc3e63a28824d35bf600d6a5d627da681a\jjwt-0.9.1.jar;E:\gradle\caches\modules-2\files-2.1\mysql\mysql-connector-java\8.0.18\e088efaa4b568bc7d9f7274b9c5ea1a00da1a45c\mysql-connector-java-8.0.18.jar;E:\gradle\caches\modules-2\files-2.1\com.baomidou\mybatis-plus-boot-starter\3.2.0\b9459d99c7ace222dd96476d218b11efa3b2e625\mybatis-plus-boot-starter-3.2.0.jar;E:\gradle\caches\modules-2\files-2.1\com.github.pagehelper\pagehelper-spring-boot-starter\1.2.12\813bb735ebbf290339163b8d2aeb8df6598b7c93\pagehelpe
Launcher Type: SUN_STANDARD

Environment Variables:
JAVA_HOME=D:\Program Files\jdk
CLASSPATH=.;D:\Program Files\jdk\lib\dt.jar;D:\Program Files\jdk\lib\tools.jar
PATH=C:\Program Files (x86)\Intel\iCLS Client\;C:\Program Files\Intel\iCLS Client\;C:\Program Files (x86)\NVIDIA Corporation\PhysX\Common;C:\WINDOWS\system32;C:\WINDOWS;C:\WINDOWS\System32\Wbem;C:\WINDOWS\System32\WindowsPowerShell\v1.0\;C:\Program Files\Intel\Intel(R) Management Engine Components\DAL;C:\Program Files (x86)\Intel\Intel(R) Management Engine Components\DAL;C:\Program Files\Intel\Intel(R) Management Engine Components\IPT;C:\Program Files (x86)\Intel\Intel(R) Management Engine Components\IPT;D:\Program Files\jdk\bin;D:\Program Files\jdk\jre\bin;D:\Program Files\Git\cmd;C:\Program Files\TortoiseGit\bin;D:\apache-tomcat-7.0.63\lib;D:\apache-tomcat-7.0.63\bin;D:\sqlite;E:\adt\sdk\platform-tools;E:\adt\sdk\tools;D:\Program Files\apache-maven-3.6.1-bin\apache-maven-3.6.1\bin;C:\gradle\bin;C:\Program Files\MySQL\MySQL Server 5.7\bin;D:\Program Files\apache-maven-3.6.1-bin\apache-maven-3.6.1\bin;D:\Program Files\nodejs\;C:\Users\asus\AppData\Roaming\npm
USERNAME=asus
OS=Windows_NT
PROCESSOR_IDENTIFIER=Intel64 Family 6 Model 61 Stepping 4, GenuineIntel



---------------  S Y S T E M  ---------------

OS: Windows 8.1 , 64 bit Build 9600 (6.3.9600.17415)

CPU:total 4 (2 cores per cpu, 2 threads per core) family 6 model 61 stepping 4, cmov, cx8, fxsr, mmx, sse, sse2, sse3, ssse3, sse4.1, sse4.2, popcnt, avx, avx2, aes, clmul, erms, 3dnowpref, lzcnt, ht, tsc, tscinvbit, bmi1, bmi2, adx

Memory: 4k page, physical 12482980k(5224488k free), swap 15432100k(7137568k free)

vm_info: Java HotSpot(TM) Client VM (25.65-b01) for windows-x86 JRE (1.8.0_65-b17), built on Oct  6 2015 17:26:22 by "java_re" with MS VC++ 10.0 (VS2010)

time: Thu Jun 25 21:05:25 2020
elapsed time: 541 seconds (0d 0h 9m 1s)

