#
# A fatal error has been detected by the Java Runtime Environment:
#
#  EXCEPTION_ACCESS_VIOLATION (0xc0000005) at pc=0x76f49f03, pid=9920, tid=11076
#
# JRE version: Java(TM) SE Runtime Environment (8.0_65-b17) (build 1.8.0_65-b17)
# Java VM: Java HotSpot(TM) Client VM (25.65-b01 mixed mode windows-x86 )
# Problematic frame:
# C  [ntdll.dll+0x49f03]
#
# Failed to write core dump. Minidumps are not enabled by default on client versions of Windows
#
# If you would like to submit a bug report, please visit:
#   http://bugreport.java.com/bugreport/crash.jsp
# The crash happened outside the Java Virtual Machine in native code.
# See problematic frame for where to report the bug.
#

---------------  T H R E A D  ---------------

Current thread (0x15fb3c00):  JavaThread "File Watcher" daemon [_thread_in_native, id=11076, stack(0x18b50000,0x18ba0000)]

siginfo: ExceptionCode=0xc0000005, reading address 0x000000b6

Registers:
EAX=0x1788dc26, EBX=0x00000000, ECX=0x0000005b, EDX=0x0000006e
ESP=0x18b9f2e8, EBP=0x18b9f308, ESI=0x000000f4, EDI=0x000000dc
EIP=0x76f49f03, EFLAGS=0x00010202

Top of Stack: (sp=0x18b9f2e8)
0x18b9f2e8:   0000006e 18b9f3c8 18b9f420 000000e8
0x18b9f2f8:   00de00dc 1788db88 00000000 00000000
0x18b9f308:   18b9f3a8 76f49d87 f0ba36c1 00000000
0x18b9f318:   18b9f3f8 0000006e 1788d038 00000000
0x18b9f328:   00550000 18b9f41c 00000009 0000006e
0x18b9f338:   1788d034 00000009 00000012 000000dc
0x18b9f348:   00000020 00000000 00552028 18b9f3c8
0x18b9f358:   18b9f3e4 76f40ea9 00000000 00000000 

Instructions: (pc=0x76f49f03)
0x76f49ee3:   7c 4b fe 5c 75 04 49 89 4d a4 3b 4d 94 73 09 33
0x76f49ef3:   c0 66 89 04 4b 8d 24 24 85 c9 74 16 49 89 4d a4
0x76f49f03:   0f b7 04 4b 83 f8 20 74 e6 83 f8 2e 74 e1 41 89
0x76f49f13:   4d a4 8d 14 09 66 89 55 d0 8b 7d 84 85 ff 74 29 


Register to memory mapping:

EAX=0x1788dc26 is an unknown value
EBX=0x00000000 is an unknown value
ECX=0x0000005b is an unknown value
EDX=0x0000006e is an unknown value
ESP=0x18b9f2e8 is pointing into the stack for thread: 0x15fb3c00
EBP=0x18b9f308 is pointing into the stack for thread: 0x15fb3c00
ESI=0x000000f4 is an unknown value
EDI=0x000000dc is an unknown value


Stack: [0x18b50000,0x18ba0000],  sp=0x18b9f2e8,  free space=316k
Native frames: (J=compiled Java code, j=interpreted, Vv=VM code, C=native code)
C  [ntdll.dll+0x49f03]
C  [ntdll.dll+0x49d87]
C  [ntdll.dll+0x66070]
C  [KERNELBASE.dll+0x1802f]
C  [java.dll+0x7fd4]
C  [java.dll+0x80cd]
J 2161 C1 java.io.File.isDirectory()Z (43 bytes) @ 0x0293f2dc [0x0293f260+0x7c]
J 2429 C1 org.springframework.boot.devtools.filewatch.FolderSnapshot.collectFiles(Ljava/io/File;Ljava/util/Set;)V (99 bytes) @ 0x02693198 [0x02693130+0x68]
J 2429 C1 org.springframework.boot.devtools.filewatch.FolderSnapshot.collectFiles(Ljava/io/File;Ljava/util/Set;)V (99 bytes) @ 0x0269325c [0x02693130+0x12c]
J 2429 C1 org.springframework.boot.devtools.filewatch.FolderSnapshot.collectFiles(Ljava/io/File;Ljava/util/Set;)V (99 bytes) @ 0x0269325c [0x02693130+0x12c]
J 2429 C1 org.springframework.boot.devtools.filewatch.FolderSnapshot.collectFiles(Ljava/io/File;Ljava/util/Set;)V (99 bytes) @ 0x0269325c [0x02693130+0x12c]
J 2429 C1 org.springframework.boot.devtools.filewatch.FolderSnapshot.collectFiles(Ljava/io/File;Ljava/util/Set;)V (99 bytes) @ 0x0269325c [0x02693130+0x12c]
J 2429 C1 org.springframework.boot.devtools.filewatch.FolderSnapshot.collectFiles(Ljava/io/File;Ljava/util/Set;)V (99 bytes) @ 0x0269325c [0x02693130+0x12c]
j  org.springframework.boot.devtools.filewatch.FolderSnapshot.<init>(Ljava/io/File;)V+76
j  org.springframework.boot.devtools.filewatch.FileSystemWatcher$Watcher.getCurrentSnapshots()Ljava/util/Map;+49
j  org.springframework.boot.devtools.filewatch.FileSystemWatcher$Watcher.scan()V+20
j  org.springframework.boot.devtools.filewatch.FileSystemWatcher$Watcher.run()V+30
j  java.lang.Thread.run()V+11
v  ~StubRoutines::call_stub
V  [jvm.dll+0x158985]
V  [jvm.dll+0x21df3e]
V  [jvm.dll+0x158a1e]
V  [jvm.dll+0x158ba6]
V  [jvm.dll+0x158c17]
V  [jvm.dll+0xfd45f]
V  [jvm.dll+0x17bddc]
V  [jvm.dll+0x17beca]
V  [jvm.dll+0x1c0466]
C  [msvcr100.dll+0x5c556]
C  [msvcr100.dll+0x5c600]
C  [KERNEL32.DLL+0x17c04]
C  [ntdll.dll+0x5ab8f]
C  [ntdll.dll+0x5ab5a]
C  0x00000000

Java frames: (J=compiled Java code, j=interpreted, Vv=VM code)
J 386  java.io.WinNTFileSystem.getBooleanAttributes(Ljava/io/File;)I (0 bytes) @ 0x026c2be6 [0x026c2b90+0x56]
J 2161 C1 java.io.File.isDirectory()Z (43 bytes) @ 0x0293f2dc [0x0293f260+0x7c]
J 2429 C1 org.springframework.boot.devtools.filewatch.FolderSnapshot.collectFiles(Ljava/io/File;Ljava/util/Set;)V (99 bytes) @ 0x02693198 [0x02693130+0x68]
J 2429 C1 org.springframework.boot.devtools.filewatch.FolderSnapshot.collectFiles(Ljava/io/File;Ljava/util/Set;)V (99 bytes) @ 0x0269325c [0x02693130+0x12c]
J 2429 C1 org.springframework.boot.devtools.filewatch.FolderSnapshot.collectFiles(Ljava/io/File;Ljava/util/Set;)V (99 bytes) @ 0x0269325c [0x02693130+0x12c]
J 2429 C1 org.springframework.boot.devtools.filewatch.FolderSnapshot.collectFiles(Ljava/io/File;Ljava/util/Set;)V (99 bytes) @ 0x0269325c [0x02693130+0x12c]
J 2429 C1 org.springframework.boot.devtools.filewatch.FolderSnapshot.collectFiles(Ljava/io/File;Ljava/util/Set;)V (99 bytes) @ 0x0269325c [0x02693130+0x12c]
J 2429 C1 org.springframework.boot.devtools.filewatch.FolderSnapshot.collectFiles(Ljava/io/File;Ljava/util/Set;)V (99 bytes) @ 0x0269325c [0x02693130+0x12c]
j  org.springframework.boot.devtools.filewatch.FolderSnapshot.<init>(Ljava/io/File;)V+76
j  org.springframework.boot.devtools.filewatch.FileSystemWatcher$Watcher.getCurrentSnapshots()Ljava/util/Map;+49
j  org.springframework.boot.devtools.filewatch.FileSystemWatcher$Watcher.scan()V+20
j  org.springframework.boot.devtools.filewatch.FileSystemWatcher$Watcher.run()V+30
j  java.lang.Thread.run()V+11
v  ~StubRoutines::call_stub

---------------  P R O C E S S  ---------------

Java Threads: ( => current thread )
  0x1615b000 JavaThread "MyHikariCP housekeeper" daemon [_thread_blocked, id=6324, stack(0x196c0000,0x19710000)]
  0x1615ac00 JavaThread "DestroyJavaVM" [_thread_blocked, id=1888, stack(0x01f30000,0x01f80000)]
  0x1615bc00 JavaThread "http-nio-8090-Acceptor" daemon [_thread_in_native, id=10988, stack(0x19430000,0x19480000)]
  0x1615a400 JavaThread "http-nio-8090-ClientPoller" daemon [_thread_in_native, id=1836, stack(0x193a0000,0x193f0000)]
  0x1615cc00 JavaThread "http-nio-8090-exec-10" daemon [_thread_blocked, id=9876, stack(0x19310000,0x19360000)]
  0x1615c400 JavaThread "http-nio-8090-exec-9" daemon [_thread_blocked, id=10096, stack(0x19280000,0x192d0000)]
  0x15450400 JavaThread "http-nio-8090-exec-8" daemon [_thread_blocked, id=8644, stack(0x191f0000,0x19240000)]
  0x15450000 JavaThread "http-nio-8090-exec-7" daemon [_thread_blocked, id=11048, stack(0x19160000,0x191b0000)]
  0x1544f800 JavaThread "http-nio-8090-exec-6" daemon [_thread_blocked, id=10920, stack(0x18fd0000,0x19020000)]
  0x1544f000 JavaThread "http-nio-8090-exec-5" daemon [_thread_blocked, id=10116, stack(0x18f40000,0x18f90000)]
  0x15452c00 JavaThread "http-nio-8090-exec-4" daemon [_thread_blocked, id=2788, stack(0x18eb0000,0x18f00000)]
  0x15451000 JavaThread "http-nio-8090-exec-3" daemon [_thread_blocked, id=10908, stack(0x18e20000,0x18e70000)]
  0x15452400 JavaThread "http-nio-8090-exec-2" daemon [_thread_blocked, id=9708, stack(0x18d90000,0x18de0000)]
  0x15451800 JavaThread "http-nio-8090-exec-1" daemon [_thread_blocked, id=9840, stack(0x18d00000,0x18d50000)]
  0x15450c00 JavaThread "http-nio-8090-BlockPoller" daemon [_thread_in_native, id=10404, stack(0x18be0000,0x18c30000)]
  0x15451c00 JavaThread "Live Reload Server" daemon [_thread_in_native, id=3664, stack(0x18c70000,0x18cc0000)]
=>0x15fb3c00 JavaThread "File Watcher" daemon [_thread_in_native, id=11076, stack(0x18b50000,0x18ba0000)]
  0x15fb3400 JavaThread "container-0" [_thread_blocked, id=10600, stack(0x188c0000,0x18910000)]
  0x15fb2000 JavaThread "Catalina-utility-2" [_thread_blocked, id=9584, stack(0x18830000,0x18880000)]
  0x15fb1c00 JavaThread "Catalina-utility-1" [_thread_blocked, id=2768, stack(0x187a0000,0x187f0000)]
  0x15fb2800 JavaThread "mysql-cj-abandoned-connection-cleanup" daemon [_thread_blocked, id=10656, stack(0x16590000,0x165e0000)]
  0x1552dc00 JavaThread "RMI TCP Accept-0" daemon [_thread_in_native, id=1268, stack(0x157f0000,0x15840000)]
  0x1539c800 JavaThread "Service Thread" daemon [_thread_blocked, id=2572, stack(0x15660000,0x156b0000)]
  0x15399800 JavaThread "C1 CompilerThread0" daemon [_thread_blocked, id=10748, stack(0x155d0000,0x15620000)]
  0x14cd5c00 JavaThread "JDWP Command Reader" daemon [_thread_in_native, id=8292, stack(0x15140000,0x15190000)]
  0x14cd4c00 JavaThread "JDWP Event Helper Thread" daemon [_thread_blocked, id=9304, stack(0x150b0000,0x15100000)]
  0x14cd1000 JavaThread "JDWP Transport Listener: dt_socket" daemon [_thread_blocked, id=7488, stack(0x15020000,0x15070000)]
  0x14c93000 JavaThread "Attach Listener" daemon [_thread_blocked, id=11140, stack(0x14f90000,0x14fe0000)]
  0x14cc8000 JavaThread "Signal Dispatcher" daemon [_thread_blocked, id=9892, stack(0x14f00000,0x14f50000)]
  0x14c6dc00 JavaThread "Finalizer" daemon [_thread_blocked, id=10732, stack(0x14e60000,0x14eb0000)]
  0x14c69000 JavaThread "Reference Handler" daemon [_thread_blocked, id=11036, stack(0x04730000,0x04780000)]

Other Threads:
  0x0258ac00 VMThread [stack: 0x046a0000,0x046f0000] [id=9236]
  0x15538800 WatcherThread [stack: 0x15880000,0x158d0000] [id=11068]

VM state:not at safepoint (normal execution)

VM Mutex/Monitor currently owned by a thread: None

Heap:
 def new generation   total 14528K, used 7485K [0x04800000, 0x057c0000, 0x09d50000)
  eden space 12928K,  51% used [0x04800000, 0x04e795f8, 0x054a0000)
  from space 1600K,  53% used [0x05630000, 0x057060e0, 0x057c0000)
  to   space 1600K,   0% used [0x054a0000, 0x054a0000, 0x05630000)
 tenured generation   total 32180K, used 23127K [0x09d50000, 0x0bcbd000, 0x14800000)
   the space 32180K,  71% used [0x09d50000, 0x0b3e5fc8, 0x0b3e6000, 0x0bcbd000)
 Metaspace       used 30959K, capacity 32333K, committed 32384K, reserved 33152K

Card table byte_map: [0x04610000,0x046a0000] byte_map_base: 0x045ec000

Polling page: 0x005a0000

CodeCache: size=32768Kb used=3923Kb max_used=4094Kb free=28844Kb
 bounds [0x02590000, 0x029a0000, 0x04590000]
 total_blobs=2375 nmethods=2160 adapters=152
 compilation: enabled

Compilation events (10 events):
Event: 36.052 Thread 0x15399800 2456             com.fasterxml.jackson.core.json.UTF8JsonGenerator::_writeStringSegment (122 bytes)
Event: 36.053 Thread 0x15399800 nmethod 2456 0x02646f48 code [0x02647090, 0x02647330]
Event: 36.053 Thread 0x15399800 2457             java.lang.String::equalsIgnoreCase (48 bytes)
Event: 36.053 Thread 0x15399800 nmethod 2457 0x02691ac8 code [0x02691bd0, 0x02691cec]
Event: 36.053 Thread 0x15399800 2458             java.nio.Buffer::nextPutIndex (31 bytes)
Event: 36.053 Thread 0x15399800 nmethod 2458 0x026a0288 code [0x026a0390, 0x026a047c]
Event: 36.053 Thread 0x15399800 2459             org.apache.tomcat.util.buf.AbstractChunk::getLength (10 bytes)
Event: 36.053 Thread 0x15399800 nmethod 2459 0x02646d88 code [0x02646e80, 0x02646f00]
Event: 38.622 Thread 0x15399800 2460             java.io.File::isInvalid (47 bytes)
Event: 38.623 Thread 0x15399800 nmethod 2460 0x026b0c48 code [0x026b0d50, 0x026b0e4c]

GC Heap History (10 events):
Event: 22.614 GC heap before
{Heap before GC invocations=103 (full 4):
 def new generation   total 14528K, used 12928K [0x04800000, 0x057c0000, 0x09d50000)
  eden space 12928K, 100% used [0x04800000, 0x054a0000, 0x054a0000)
  from space 1600K,   0% used [0x054a0000, 0x054a0000, 0x05630000)
  to   space 1600K,   0% used [0x05630000, 0x05630000, 0x057c0000)
 tenured generation   total 32180K, used 19305K [0x09d50000, 0x0bcbd000, 0x14800000)
   the space 32180K,  59% used [0x09d50000, 0x0b02a768, 0x0b02a800, 0x0bcbd000)
 Metaspace       used 27324K, capacity 28568K, committed 28672K, reserved 29056K
Event: 22.618 GC heap after
Heap after GC invocations=104 (full 4):
 def new generation   total 14528K, used 1203K [0x04800000, 0x057c0000, 0x09d50000)
  eden space 12928K,   0% used [0x04800000, 0x04800000, 0x054a0000)
  from space 1600K,  75% used [0x05630000, 0x0575cc30, 0x057c0000)
  to   space 1600K,   0% used [0x054a0000, 0x054a0000, 0x05630000)
 tenured generation   total 32180K, used 19305K [0x09d50000, 0x0bcbd000, 0x14800000)
   the space 32180K,  59% used [0x09d50000, 0x0b02a768, 0x0b02a800, 0x0bcbd000)
 Metaspace       used 27324K, capacity 28568K, committed 28672K, reserved 29056K
}
Event: 22.763 GC heap before
{Heap before GC invocations=104 (full 4):
 def new generation   total 14528K, used 14131K [0x04800000, 0x057c0000, 0x09d50000)
  eden space 12928K, 100% used [0x04800000, 0x054a0000, 0x054a0000)
  from space 1600K,  75% used [0x05630000, 0x0575cc30, 0x057c0000)
  to   space 1600K,   0% used [0x054a0000, 0x054a0000, 0x05630000)
 tenured generation   total 32180K, used 19305K [0x09d50000, 0x0bcbd000, 0x14800000)
   the space 32180K,  59% used [0x09d50000, 0x0b02a768, 0x0b02a800, 0x0bcbd000)
 Metaspace       used 28310K, capacity 29585K, committed 29696K, reserved 30080K
Event: 22.769 GC heap after
Heap after GC invocations=105 (full 4):
 def new generation   total 14528K, used 1600K [0x04800000, 0x057c0000, 0x09d50000)
  eden space 12928K,   0% used [0x04800000, 0x04800000, 0x054a0000)
  from space 1600K, 100% used [0x054a0000, 0x05630000, 0x05630000)
  to   space 1600K,   0% used [0x05630000, 0x05630000, 0x057c0000)
 tenured generation   total 32180K, used 20176K [0x09d50000, 0x0bcbd000, 0x14800000)
   the space 32180K,  62% used [0x09d50000, 0x0b104268, 0x0b104400, 0x0bcbd000)
 Metaspace       used 28310K, capacity 29585K, committed 29696K, reserved 30080K
}
Event: 22.958 GC heap before
{Heap before GC invocations=105 (full 4):
 def new generation   total 14528K, used 14528K [0x04800000, 0x057c0000, 0x09d50000)
  eden space 12928K, 100% used [0x04800000, 0x054a0000, 0x054a0000)
  from space 1600K, 100% used [0x054a0000, 0x05630000, 0x05630000)
  to   space 1600K,   0% used [0x05630000, 0x05630000, 0x057c0000)
 tenured generation   total 32180K, used 20176K [0x09d50000, 0x0bcbd000, 0x14800000)
   the space 32180K,  62% used [0x09d50000, 0x0b104268, 0x0b104400, 0x0bcbd000)
 Metaspace       used 29339K, capacity 30675K, committed 30720K, reserved 31104K
Event: 22.965 GC heap after
Heap after GC invocations=106 (full 4):
 def new generation   total 14528K, used 1600K [0x04800000, 0x057c0000, 0x09d50000)
  eden space 12928K,   0% used [0x04800000, 0x04800000, 0x054a0000)
  from space 1600K, 100% used [0x05630000, 0x057c0000, 0x057c0000)
  to   space 1600K,   0% used [0x054a0000, 0x054a0000, 0x05630000)
 tenured generation   total 32180K, used 21666K [0x09d50000, 0x0bcbd000, 0x14800000)
   the space 32180K,  67% used [0x09d50000, 0x0b2789b0, 0x0b278a00, 0x0bcbd000)
 Metaspace       used 29339K, capacity 30675K, committed 30720K, reserved 31104K
}
Event: 23.591 GC heap before
{Heap before GC invocations=106 (full 4):
 def new generation   total 14528K, used 14528K [0x04800000, 0x057c0000, 0x09d50000)
  eden space 12928K, 100% used [0x04800000, 0x054a0000, 0x054a0000)
  from space 1600K, 100% used [0x05630000, 0x057c0000, 0x057c0000)
  to   space 1600K,   0% used [0x054a0000, 0x054a0000, 0x05630000)
 tenured generation   total 32180K, used 21666K [0x09d50000, 0x0bcbd000, 0x14800000)
   the space 32180K,  67% used [0x09d50000, 0x0b2789b0, 0x0b278a00, 0x0bcbd000)
 Metaspace       used 29934K, capacity 31296K, committed 31360K, reserved 32128K
Event: 23.600 GC heap after
Heap after GC invocations=107 (full 4):
 def new generation   total 14528K, used 1240K [0x04800000, 0x057c0000, 0x09d50000)
  eden space 12928K,   0% used [0x04800000, 0x04800000, 0x054a0000)
  from space 1600K,  77% used [0x054a0000, 0x055d6170, 0x05630000)
  to   space 1600K,   0% used [0x05630000, 0x05630000, 0x057c0000)
 tenured generation   total 32180K, used 22682K [0x09d50000, 0x0bcbd000, 0x14800000)
   the space 32180K,  70% used [0x09d50000, 0x0b376830, 0x0b376a00, 0x0bcbd000)
 Metaspace       used 29934K, capacity 31296K, committed 31360K, reserved 32128K
}
Event: 35.997 GC heap before
{Heap before GC invocations=107 (full 4):
 def new generation   total 14528K, used 14168K [0x04800000, 0x057c0000, 0x09d50000)
  eden space 12928K, 100% used [0x04800000, 0x054a0000, 0x054a0000)
  from space 1600K,  77% used [0x054a0000, 0x055d6170, 0x05630000)
  to   space 1600K,   0% used [0x05630000, 0x05630000, 0x057c0000)
 tenured generation   total 32180K, used 22682K [0x09d50000, 0x0bcbd000, 0x14800000)
   the space 32180K,  70% used [0x09d50000, 0x0b376830, 0x0b376a00, 0x0bcbd000)
 Metaspace       used 30707K, capacity 32072K, committed 32128K, reserved 32128K
Event: 36.002 GC heap after
Heap after GC invocations=108 (full 4):
 def new generation   total 14528K, used 856K [0x04800000, 0x057c0000, 0x09d50000)
  eden space 12928K,   0% used [0x04800000, 0x04800000, 0x054a0000)
  from space 1600K,  53% used [0x05630000, 0x057060e0, 0x057c0000)
  to   space 1600K,   0% used [0x054a0000, 0x054a0000, 0x05630000)
 tenured generation   total 32180K, used 23127K [0x09d50000, 0x0bcbd000, 0x14800000)
   the space 32180K,  71% used [0x09d50000, 0x0b3e5fc8, 0x0b3e6000, 0x0bcbd000)
 Metaspace       used 30707K, capacity 32072K, committed 32128K, reserved 32128K
}

Deoptimization events (0 events):
No events

Internal exceptions (10 events):
Event: 23.799 Thread 0x15452c00 Exception <a 'java/lang/ArrayIndexOutOfBoundsException'> (0x05018518) thrown at [C:\re\workspace\8-2-build-windows-i586-cygwin\jdk8u65\4987\hotspot\src\share\vm\runtime\sharedRuntime.cpp, line 605]
Event: 23.799 Thread 0x15452c00 Exception <a 'java/lang/ArrayIndexOutOfBoundsException'> (0x0501ab08) thrown at [C:\re\workspace\8-2-build-windows-i586-cygwin\jdk8u65\4987\hotspot\src\share\vm\runtime\sharedRuntime.cpp, line 605]
Event: 23.808 Thread 0x15452c00 Exception <a 'java/lang/ArrayIndexOutOfBoundsException'> (0x050c3a88) thrown at [C:\re\workspace\8-2-build-windows-i586-cygwin\jdk8u65\4987\hotspot\src\share\vm\runtime\sharedRuntime.cpp, line 605]
Event: 23.814 Thread 0x15452c00 Exception <a 'java/lang/ArrayIndexOutOfBoundsException'> (0x050fe998) thrown at [C:\re\workspace\8-2-build-windows-i586-cygwin\jdk8u65\4987\hotspot\src\share\vm\runtime\sharedRuntime.cpp, line 605]
Event: 23.814 Thread 0x15452c00 Exception <a 'java/lang/ArrayIndexOutOfBoundsException'> (0x051000d8) thrown at [C:\re\workspace\8-2-build-windows-i586-cygwin\jdk8u65\4987\hotspot\src\share\vm\runtime\sharedRuntime.cpp, line 605]
Event: 35.992 Thread 0x15451000 Exception <a 'java/lang/ArrayIndexOutOfBoundsException'> (0x0541f8b0) thrown at [C:\re\workspace\8-2-build-windows-i586-cygwin\jdk8u65\4987\hotspot\src\share\vm\runtime\sharedRuntime.cpp, line 605]
Event: 36.042 Thread 0x15451000 Exception <a 'java/lang/ArrayIndexOutOfBoundsException'> (0x04b16b78) thrown at [C:\re\workspace\8-2-build-windows-i586-cygwin\jdk8u65\4987\hotspot\src\share\vm\runtime\sharedRuntime.cpp, line 605]
Event: 36.042 Thread 0x15451000 Exception <a 'java/lang/ArrayIndexOutOfBoundsException'> (0x04b17e18) thrown at [C:\re\workspace\8-2-build-windows-i586-cygwin\jdk8u65\4987\hotspot\src\share\vm\runtime\sharedRuntime.cpp, line 605]
Event: 36.049 Thread 0x15451000 Exception <a 'java/lang/ArrayIndexOutOfBoundsException'> (0x04ba22e8) thrown at [C:\re\workspace\8-2-build-windows-i586-cygwin\jdk8u65\4987\hotspot\src\share\vm\runtime\sharedRuntime.cpp, line 605]
Event: 36.050 Thread 0x15451000 Exception <a 'java/lang/ArrayIndexOutOfBoundsException'> (0x04bbe200) thrown at [C:\re\workspace\8-2-build-windows-i586-cygwin\jdk8u65\4987\hotspot\src\share\vm\runtime\sharedRuntime.cpp, line 605]

Events (10 events):
Event: 38.623 Thread 0x15399800 flushing nmethod 0x026b2c08
Event: 38.623 Thread 0x15399800 flushing nmethod 0x026b3048
Event: 38.623 Thread 0x15399800 flushing nmethod 0x026b3688
Event: 38.623 Thread 0x15399800 flushing nmethod 0x026b3a08
Event: 38.623 Thread 0x15399800 flushing nmethod 0x026b3c88
Event: 38.623 Thread 0x15399800 flushing nmethod 0x026b3f08
Event: 38.623 Thread 0x15399800 flushing nmethod 0x026b4788
Event: 38.623 Thread 0x15399800 flushing nmethod 0x026bd608
Event: 38.623 Thread 0x15399800 flushing nmethod 0x026bde08
Event: 38.623 Thread 0x15399800 flushing nmethod 0x026be688


Dynamic libraries:
0x002e0000 - 0x00313000 	D:\Program Files\jdk\bin\java.exe
0x76f00000 - 0x7706f000 	C:\WINDOWS\SYSTEM32\ntdll.dll
0x74c50000 - 0x74d90000 	C:\WINDOWS\SYSTEM32\KERNEL32.DLL
0x75050000 - 0x75127000 	C:\WINDOWS\SYSTEM32\KERNELBASE.dll
0x73900000 - 0x739a0000 	C:\WINDOWS\system32\apphelp.dll
0x5e6c0000 - 0x5e926000 	C:\WINDOWS\AppPatch\AcGenral.DLL
0x74ad0000 - 0x74b93000 	C:\WINDOWS\SYSTEM32\msvcrt.dll
0x76850000 - 0x76891000 	C:\WINDOWS\SYSTEM32\sechost.dll
0x76bc0000 - 0x76bde000 	C:\WINDOWS\SYSTEM32\SspiCli.dll
0x74e80000 - 0x74ec5000 	C:\WINDOWS\SYSTEM32\SHLWAPI.dll
0x71ff0000 - 0x720dd000 	C:\WINDOWS\SYSTEM32\UxTheme.dll
0x76a60000 - 0x76bb3000 	C:\WINDOWS\SYSTEM32\USER32.dll
0x75140000 - 0x7524f000 	C:\WINDOWS\SYSTEM32\GDI32.dll
0x74360000 - 0x74383000 	C:\WINDOWS\SYSTEM32\WINMM.dll
0x5f5d0000 - 0x5f5e3000 	C:\WINDOWS\SYSTEM32\samcli.dll
0x76d00000 - 0x76e29000 	C:\WINDOWS\SYSTEM32\ole32.dll
0x74dd0000 - 0x74e65000 	C:\WINDOWS\SYSTEM32\OLEAUT32.dll
0x5eb60000 - 0x5eb77000 	C:\WINDOWS\SYSTEM32\MSACM32.dll
0x73da0000 - 0x73da8000 	C:\WINDOWS\SYSTEM32\VERSION.dll
0x75250000 - 0x7650c000 	C:\WINDOWS\SYSTEM32\SHELL32.dll
0x744d0000 - 0x744eb000 	C:\WINDOWS\SYSTEM32\USERENV.dll
0x71fd0000 - 0x71fea000 	C:\WINDOWS\SYSTEM32\dwmapi.dll
0x74130000 - 0x7427b000 	C:\WINDOWS\SYSTEM32\urlmon.dll
0x76680000 - 0x766fc000 	C:\WINDOWS\SYSTEM32\ADVAPI32.dll
0x72e70000 - 0x72ed5000 	C:\WINDOWS\SYSTEM32\WINSPOOL.DRV
0x71d20000 - 0x71d36000 	C:\WINDOWS\SYSTEM32\MPR.dll
0x747e0000 - 0x7489a000 	C:\WINDOWS\SYSTEM32\RPCRT4.dll
0x746e0000 - 0x746ea000 	C:\WINDOWS\SYSTEM32\CRYPTBASE.dll
0x74ed0000 - 0x7504d000 	C:\WINDOWS\SYSTEM32\combase.dll
0x73d50000 - 0x73d73000 	C:\WINDOWS\SYSTEM32\WINMMBASE.dll
0x744c0000 - 0x744cf000 	C:\WINDOWS\SYSTEM32\profapi.dll
0x73b10000 - 0x73d44000 	C:\WINDOWS\SYSTEM32\iertutil.dll
0x73db0000 - 0x73fbd000 	C:\WINDOWS\SYSTEM32\WININET.dll
0x74680000 - 0x746d4000 	C:\WINDOWS\SYSTEM32\bcryptPrimitives.dll
0x74770000 - 0x747ac000 	C:\WINDOWS\SYSTEM32\cfgmgr32.dll
0x73ad0000 - 0x73af1000 	C:\WINDOWS\SYSTEM32\DEVOBJ.dll
0x74430000 - 0x744bb000 	C:\WINDOWS\SYSTEM32\SHCORE.DLL
0x747b0000 - 0x747d7000 	C:\WINDOWS\system32\IMM32.DLL
0x76be0000 - 0x76cf2000 	C:\WINDOWS\SYSTEM32\MSCTF.dll
0x722e0000 - 0x724e6000 	C:\WINDOWS\WinSxS\x86_microsoft.windows.common-controls_6595b64144ccf1df_6.0.9600.17810_none_a9edf09f013934e0\COMCTL32.dll
0x5eaa0000 - 0x5eb5f000 	D:\Program Files\jdk\jre\bin\msvcr100.dll
0x5e2f0000 - 0x5e6b4000 	D:\Program Files\jdk\jre\bin\client\jvm.dll
0x743d0000 - 0x743d8000 	C:\WINDOWS\SYSTEM32\WSOCK32.dll
0x74c40000 - 0x74c46000 	C:\WINDOWS\SYSTEM32\PSAPI.DLL
0x76800000 - 0x76850000 	C:\WINDOWS\SYSTEM32\WS2_32.dll
0x74e70000 - 0x74e77000 	C:\WINDOWS\SYSTEM32\NSI.dll
0x69a80000 - 0x69a8c000 	D:\Program Files\jdk\jre\bin\verify.dll
0x5ea70000 - 0x5ea91000 	D:\Program Files\jdk\jre\bin\java.dll
0x6d7e0000 - 0x6d809000 	D:\Program Files\jdk\jre\bin\jdwp.dll
0x6d7d0000 - 0x6d7d7000 	D:\Program Files\jdk\jre\bin\npt.dll
0x5e980000 - 0x5e9a0000 	D:\Program Files\jdk\jre\bin\instrument.dll
0x5ea50000 - 0x5ea63000 	D:\Program Files\jdk\jre\bin\zip.dll
0x5e970000 - 0x5e978000 	D:\Program Files\jdk\jre\bin\dt_socket.dll
0x743e0000 - 0x7442b000 	C:\WINDOWS\system32\mswsock.dll
0x5ea30000 - 0x5ea46000 	D:\Program Files\jdk\jre\bin\net.dll
0x730a0000 - 0x7311e000 	C:\WINDOWS\SYSTEM32\DNSAPI.dll
0x72bd0000 - 0x72bd8000 	C:\Windows\System32\rasadhlp.dll
0x72b80000 - 0x72bc6000 	C:\WINDOWS\System32\fwpuclnt.dll
0x5e9e0000 - 0x5e9ea000 	D:\Program Files\jdk\jre\bin\management.dll
0x5ea20000 - 0x5ea2f000 	D:\Program Files\jdk\jre\bin\nio.dll
0x72d10000 - 0x72d29000 	C:\WINDOWS\SYSTEM32\CRYPTSP.dll
0x72ce0000 - 0x72d10000 	C:\WINDOWS\system32\rsaenh.dll
0x72cc0000 - 0x72cde000 	C:\WINDOWS\SYSTEM32\bcrypt.dll
0x73d80000 - 0x73da0000 	C:\WINDOWS\SYSTEM32\IPHLPAPI.DLL
0x73b00000 - 0x73b08000 	C:\WINDOWS\SYSTEM32\WINNSI.DLL
0x72c60000 - 0x72c73000 	C:\WINDOWS\SYSTEM32\dhcpcsvc6.DLL
0x73aa0000 - 0x73ab4000 	C:\WINDOWS\SYSTEM32\dhcpcsvc.DLL
0x72c40000 - 0x72c51000 	C:\WINDOWS\system32\napinsp.dll
0x72c20000 - 0x72c36000 	C:\WINDOWS\system32\pnrpnsp.dll
0x72c00000 - 0x72c14000 	C:\WINDOWS\system32\NLAapi.dll
0x72bf0000 - 0x72bfa000 	C:\WINDOWS\System32\winrnr.dll
0x72be0000 - 0x72bf0000 	C:\WINDOWS\system32\wshbth.dll
0x5de10000 - 0x5de30000 	D:\Program Files\jdk\jre\bin\sunec.dll
0x5de00000 - 0x5de09000 	D:\Program Files\jdk\jre\bin\sunmscapi.dll
0x748a0000 - 0x74a28000 	C:\WINDOWS\SYSTEM32\CRYPT32.dll
0x74ac0000 - 0x74ace000 	C:\WINDOWS\SYSTEM32\MSASN1.dll
0x73120000 - 0x73261000 	C:\WINDOWS\SYSTEM32\dbghelp.dll

VM Arguments:
jvm_args: -agentlib:jdwp=transport=dt_socket,address=127.0.0.1:57541,suspend=y,server=n -XX:TieredStopAtLevel=1 -Xverify:none -Dspring.output.ansi.enabled=always -Dcom.sun.management.jmxremote -Dspring.jmx.enabled=true -Dspring.liveBeansView.mbeanDomain -Dspring.application.admin.enabled=true -javaagent:C:\Users\asus\.IntelliJIdea2019.3\system\groovyHotSwap\gragent.jar -javaagent:C:\Users\asus\.IntelliJIdea2019.3\system\captureAgent\debugger-agent.jar -Dfile.encoding=UTF-8 
java_command: com.qsz.bmss.BmssApplication
java_class_path (initial): D:\Program Files\jdk\jre\lib\charsets.jar;D:\Program Files\jdk\jre\lib\deploy.jar;D:\Program Files\jdk\jre\lib\ext\access-bridge.jar;D:\Program Files\jdk\jre\lib\ext\cldrdata.jar;D:\Program Files\jdk\jre\lib\ext\dnsns.jar;D:\Program Files\jdk\jre\lib\ext\jaccess.jar;D:\Program Files\jdk\jre\lib\ext\jfxrt.jar;D:\Program Files\jdk\jre\lib\ext\localedata.jar;D:\Program Files\jdk\jre\lib\ext\nashorn.jar;D:\Program Files\jdk\jre\lib\ext\sunec.jar;D:\Program Files\jdk\jre\lib\ext\sunjce_provider.jar;D:\Program Files\jdk\jre\lib\ext\sunmscapi.jar;D:\Program Files\jdk\jre\lib\ext\sunpkcs11.jar;D:\Program Files\jdk\jre\lib\ext\zipfs.jar;D:\Program Files\jdk\jre\lib\javaws.jar;D:\Program Files\jdk\jre\lib\jce.jar;D:\Program Files\jdk\jre\lib\jfr.jar;D:\Program Files\jdk\jre\lib\jfxswt.jar;D:\Program Files\jdk\jre\lib\jsse.jar;D:\Program Files\jdk\jre\lib\management-agent.jar;D:\Program Files\jdk\jre\lib\plugin.jar;D:\Program Files\jdk\jre\lib\resources.jar;D:\Program Files\jdk\jre\lib\rt.jar;G:\QszWork\qsz-admin\bmss\build\classes\java\main;G:\QszWork\qsz-admin\bmss\build\resources\main;E:\gradle\caches\modules-2\files-2.1\com.alibaba\fastjson\1.2.62\9243497a2f1f9d40d7d1d8d852f0abdc71955532\fastjson-1.2.62.jar;E:\gradle\caches\modules-2\files-2.1\org.springframework.security\spring-security-jwt\1.0.10.RELEASE\19a1ca7a83e9d263a31af5f529da460f8f863451\spring-security-jwt-1.0.10.RELEASE.jar;E:\gradle\caches\modules-2\files-2.1\io.jsonwebtoken\jjwt\0.9.1\54d2abfc3e63a28824d35bf600d6a5d627da681a\jjwt-0.9.1.jar;E:\gradle\caches\modules-2\files-2.1\mysql\mysql-connector-java\8.0.18\e088efaa4b568bc7d9f7274b9c5ea1a00da1a45c\mysql-connector-java-8.0.18.jar;E:\gradle\caches\modules-2\files-2.1\com.baomidou\mybatis-plus-boot-starter\3.2.0\b9459d99c7ace222dd96476d218b11efa3b2e625\mybatis-plus-boot-starter-3.2.0.jar;E:\gradle\caches\modules-2\files-2.1\com.github.pagehelper\pagehelper-spring-boot-starter\1.2.12\813bb735ebbf290339163b8d2aeb8df6598b7c93\pagehelpe
Launcher Type: SUN_STANDARD

Environment Variables:
JAVA_HOME=D:\Program Files\jdk
CLASSPATH=.;D:\Program Files\jdk\lib\dt.jar;D:\Program Files\jdk\lib\tools.jar
PATH=C:\Program Files (x86)\Intel\iCLS Client\;C:\Program Files\Intel\iCLS Client\;C:\Program Files (x86)\NVIDIA Corporation\PhysX\Common;C:\WINDOWS\system32;C:\WINDOWS;C:\WINDOWS\System32\Wbem;C:\WINDOWS\System32\WindowsPowerShell\v1.0\;C:\Program Files\Intel\Intel(R) Management Engine Components\DAL;C:\Program Files (x86)\Intel\Intel(R) Management Engine Components\DAL;C:\Program Files\Intel\Intel(R) Management Engine Components\IPT;C:\Program Files (x86)\Intel\Intel(R) Management Engine Components\IPT;D:\Program Files\jdk\bin;D:\Program Files\jdk\jre\bin;D:\Program Files\Git\cmd;C:\Program Files\TortoiseGit\bin;D:\apache-tomcat-7.0.63\lib;D:\apache-tomcat-7.0.63\bin;D:\sqlite;E:\adt\sdk\platform-tools;E:\adt\sdk\tools;D:\Program Files\apache-maven-3.6.1-bin\apache-maven-3.6.1\bin;C:\gradle\bin;C:\Program Files\MySQL\MySQL Server 5.7\bin;D:\Program Files\apache-maven-3.6.1-bin\apache-maven-3.6.1\bin;D:\Program Files\nodejs\;C:\Users\asus\AppData\Roaming\npm
USERNAME=asus
OS=Windows_NT
PROCESSOR_IDENTIFIER=Intel64 Family 6 Model 61 Stepping 4, GenuineIntel



---------------  S Y S T E M  ---------------

OS: Windows 8.1 , 64 bit Build 9600 (6.3.9600.17415)

CPU:total 4 (2 cores per cpu, 2 threads per core) family 6 model 61 stepping 4, cmov, cx8, fxsr, mmx, sse, sse2, sse3, ssse3, sse4.1, sse4.2, popcnt, avx, avx2, aes, clmul, erms, 3dnowpref, lzcnt, ht, tsc, tscinvbit, bmi1, bmi2, adx

Memory: 4k page, physical 12482980k(5484272k free), swap 15432100k(7327028k free)

vm_info: Java HotSpot(TM) Client VM (25.65-b01) for windows-x86 JRE (1.8.0_65-b17), built on Oct  6 2015 17:26:22 by "java_re" with MS VC++ 10.0 (VS2010)

time: Thu Jun 25 20:45:01 2020
elapsed time: 58 seconds (0d 0h 0m 58s)

