#
# A fatal error has been detected by the Java Runtime Environment:
#
#  EXCEPTION_ACCESS_VIOLATION (0xc0000005) at pc=0x76f49ef4, pid=8368, tid=7692
#
# JRE version: Java(TM) SE Runtime Environment (8.0_65-b17) (build 1.8.0_65-b17)
# Java VM: Java HotSpot(TM) Client VM (25.65-b01 mixed mode windows-x86 )
# Problematic frame:
# C  [ntdll.dll+0x49ef4]
#
# Failed to write core dump. Minidumps are not enabled by default on client versions of Windows
#
# If you would like to submit a bug report, please visit:
#   http://bugreport.java.com/bugreport/crash.jsp
# The crash happened outside the Java Virtual Machine in native code.
# See problematic frame for where to report the bug.
#

---------------  T H R E A D  ---------------

Current thread (0x02bee800):  JavaThread "main" [_thread_in_native, id=7692, stack(0x02a50000,0x02aa0000)]

siginfo: ExceptionCode=0xc0000005, writing address 0x000000b8

Registers:
EAX=0x00000000, EBX=0x00000000, ECX=0x0000005c, EDX=0x0000009f
ESP=0x02a9da40, EBP=0x02a9da60, ESI=0x00000001, EDI=0x0000013e
EIP=0x76f49ef4, EFLAGS=0x00010246

Top of Stack: (sp=0x02a9da40)
0x02a9da40:   0000009f 02a9dda0 02a9db68 00cd00c0
0x02a9da50:   0140013e 153b7cd0 00000000 00000000
0x02a9da60:   02a9db00 76f49d87 6c714204 02a9ddec
0x02a9da70:   00000000 00000208 00000106 00000110
0x02a9da80:   00cd031c 02a9ddfc 00000104 0000009f
0x02a9da90:   020800fc 00000104 00000208 0000013e
0x02a9daa0:   00cd0260 0000007e 00000000 02a9dda0
0x02a9dab0:   0000007e 00000003 02a9db33 00000000 

Instructions: (pc=0x76f49ef4)
0x76f49ed4:   8b 75 b4 80 7d c7 00 74 10 3b ce 76 0c 66 83 7c
0x76f49ee4:   4b fe 5c 75 04 49 89 4d a4 3b 4d 94 73 09 33 c0
0x76f49ef4:   66 89 04 4b 8d 24 24 85 c9 74 16 49 89 4d a4 0f
0x76f49f04:   b7 04 4b 83 f8 20 74 e6 83 f8 2e 74 e1 41 89 4d 


Register to memory mapping:

EAX=0x00000000 is an unknown value
EBX=0x00000000 is an unknown value
ECX=0x0000005c is an unknown value
EDX=0x0000009f is an unknown value
ESP=0x02a9da40 is pointing into the stack for thread: 0x02bee800
EBP=0x02a9da60 is pointing into the stack for thread: 0x02bee800
ESI=0x00000001 is an unknown value
EDI=0x0000013e is an unknown value


Stack: [0x02a50000,0x02aa0000],  sp=0x02a9da40,  free space=310k
Native frames: (J=compiled Java code, j=interpreted, Vv=VM code, C=native code)
C  [ntdll.dll+0x49ef4]
C  [ntdll.dll+0x49d87]
C  [ntdll.dll+0x4a4d5]
C  [ntdll.dll+0x6d8c3]
C  [ntdll.dll+0x6d8e8]
C  [KERNELBASE.dll+0x22da0]
C  [KERNELBASE.dll+0x23096]
C  [java.dll+0x957b]
C  0x00330035

Java frames: (J=compiled Java code, j=interpreted, Vv=VM code)
j  java.io.WinNTFileSystem.canonicalize0(Ljava/lang/String;)Ljava/lang/String;+0
j  java.io.WinNTFileSystem.canonicalize(Ljava/lang/String;)Ljava/lang/String;+298
j  java.io.File.getCanonicalPath()Ljava/lang/String;+27
j  java.io.File.getCanonicalFile()Ljava/io/File;+1
j  sun.misc.Launcher.getFileURL(Ljava/io/File;)Ljava/net/URL;+1
j  sun.misc.Launcher.pathToURLs([Ljava/io/File;)[Ljava/net/URL;+19
j  sun.misc.Launcher.access$300([Ljava/io/File;)[Ljava/net/URL;+1
j  sun.misc.Launcher$AppClassLoader$1.run()Lsun/misc/Launcher$AppClassLoader;+18
j  sun.misc.Launcher$AppClassLoader$1.run()Ljava/lang/Object;+1
v  ~StubRoutines::call_stub
j  java.security.AccessController.doPrivileged(Ljava/security/PrivilegedAction;)Ljava/lang/Object;+0
j  sun.misc.Launcher$AppClassLoader.getAppClassLoader(Ljava/lang/ClassLoader;)Ljava/lang/ClassLoader;+32
j  sun.misc.Launcher.<init>()V+25
j  sun.misc.Launcher.<clinit>()V+15
v  ~StubRoutines::call_stub
j  java.lang.ClassLoader.initSystemClassLoader()V+22
j  java.lang.ClassLoader.getSystemClassLoader()Ljava/lang/ClassLoader;+0
v  ~StubRoutines::call_stub

---------------  P R O C E S S  ---------------

Java Threads: ( => current thread )
  0x1535c800 JavaThread "Finalizer" daemon [_thread_blocked, id=9912, stack(0x155f0000,0x15640000)]
  0x15357c00 JavaThread "Reference Handler" daemon [_thread_blocked, id=10464, stack(0x155a0000,0x155f0000)]
=>0x02bee800 JavaThread "main" [_thread_in_native, id=7692, stack(0x02a50000,0x02aa0000)]

Other Threads:
  0x15353400 VMThread [stack: 0x15550000,0x155a0000] [id=5344]

VM state:not at safepoint (normal execution)

VM Mutex/Monitor currently owned by a thread: None

Heap:
 def new generation   total 4928K, used 885K [0x04e00000, 0x05350000, 0x0a350000)
  eden space 4416K,  20% used [0x04e00000, 0x04edd7d0, 0x05250000)
  from space 512K,   0% used [0x05250000, 0x05250000, 0x052d0000)
  to   space 512K,   0% used [0x052d0000, 0x052d0000, 0x05350000)
 tenured generation   total 10944K, used 0K [0x0a350000, 0x0ae00000, 0x14e00000)
   the space 10944K,   0% used [0x0a350000, 0x0a350000, 0x0a350200, 0x0ae00000)
 Metaspace       used 1417K, capacity 2240K, committed 2240K, reserved 4480K

Card table byte_map: [0x14e00000,0x14e90000] byte_map_base: 0x14dd9000

Polling page: 0x00fe0000

CodeCache: size=32768Kb used=342Kb max_used=342Kb free=32426Kb
 bounds [0x02dc0000, 0x02e18000, 0x04dc0000]
 total_blobs=98 nmethods=0 adapters=67
 compilation: enabled

Compilation events (0 events):
No events

GC Heap History (0 events):
No events

Deoptimization events (0 events):
No events

Internal exceptions (2 events):
Event: 0.042 Thread 0x02bee800 Exception <a 'java/lang/NoSuchMethodError': Method sun.misc.Unsafe.defineClass(Ljava/lang/String;[BII)Ljava/lang/Class; name or signature does not match> (0x04e10970) thrown at [C:\re\workspace\8-2-build-windows-i586-cygwin\jdk8u65\4987\hotspot\src\share\v±ƒ®¥?
Event: 0.042 Thread 0x02bee800 Exception <a 'java/lang/NoSuchMethodError': Method sun.misc.Unsafe.prefetchRead(Ljava/lang/Object;J)V name or signature does not match> (0x04e10c40) thrown at [C:\re\workspace\8-2-build-windows-i586-cygwin\jdk8u65\4987\hotspot\src\share\vm\prims\jni.cpp, lr;D:\Program€¸¾

Events (10 events):
Event: 0.095 loading class java/security/Principal
Event: 0.095 loading class java/security/Principal done
Event: 0.095 loading class java/util/HashSet
Event: 0.095 loading class java/util/HashSet done
Event: 0.095 loading class sun/misc/URLClassPath
Event: 0.095 loading class sun/misc/URLClassPath done
Event: 0.095 loading class sun/net/www/protocol/jar/Handler
Event: 0.095 loading class sun/net/www/protocol/jar/Handler done
Event: 0.097 loading class sun/misc/Launcher$AppClassLoader$1
Event: 0.097 loading class sun/misc/Launcher$AppClassLoader$1 done


Dynamic libraries:
0x002e0000 - 0x00313000 	D:\Program Files\jdk\bin\java.exe
0x76f00000 - 0x7706f000 	C:\WINDOWS\SYSTEM32\ntdll.dll
0x74c50000 - 0x74d90000 	C:\WINDOWS\SYSTEM32\KERNEL32.DLL
0x75050000 - 0x75127000 	C:\WINDOWS\SYSTEM32\KERNELBASE.dll
0x73900000 - 0x739a0000 	C:\WINDOWS\system32\apphelp.dll
0x5e6c0000 - 0x5e926000 	C:\WINDOWS\AppPatch\AcGenral.DLL
0x74ad0000 - 0x74b93000 	C:\WINDOWS\SYSTEM32\msvcrt.dll
0x76850000 - 0x76891000 	C:\WINDOWS\SYSTEM32\sechost.dll
0x76bc0000 - 0x76bde000 	C:\WINDOWS\SYSTEM32\SspiCli.dll
0x74e80000 - 0x74ec5000 	C:\WINDOWS\SYSTEM32\SHLWAPI.dll
0x71ff0000 - 0x720dd000 	C:\WINDOWS\SYSTEM32\UxTheme.dll
0x76a60000 - 0x76bb3000 	C:\WINDOWS\SYSTEM32\USER32.dll
0x75140000 - 0x7524f000 	C:\WINDOWS\SYSTEM32\GDI32.dll
0x74360000 - 0x74383000 	C:\WINDOWS\SYSTEM32\WINMM.dll
0x5f5d0000 - 0x5f5e3000 	C:\WINDOWS\SYSTEM32\samcli.dll
0x76d00000 - 0x76e29000 	C:\WINDOWS\SYSTEM32\ole32.dll
0x74dd0000 - 0x74e65000 	C:\WINDOWS\SYSTEM32\OLEAUT32.dll
0x5eb60000 - 0x5eb77000 	C:\WINDOWS\SYSTEM32\MSACM32.dll
0x73da0000 - 0x73da8000 	C:\WINDOWS\SYSTEM32\VERSION.dll
0x75250000 - 0x7650c000 	C:\WINDOWS\SYSTEM32\SHELL32.dll
0x744d0000 - 0x744eb000 	C:\WINDOWS\SYSTEM32\USERENV.dll
0x71fd0000 - 0x71fea000 	C:\WINDOWS\SYSTEM32\dwmapi.dll
0x74130000 - 0x7427b000 	C:\WINDOWS\SYSTEM32\urlmon.dll
0x76680000 - 0x766fc000 	C:\WINDOWS\SYSTEM32\ADVAPI32.dll
0x72e70000 - 0x72ed5000 	C:\WINDOWS\SYSTEM32\WINSPOOL.DRV
0x71d20000 - 0x71d36000 	C:\WINDOWS\SYSTEM32\MPR.dll
0x747e0000 - 0x7489a000 	C:\WINDOWS\SYSTEM32\RPCRT4.dll
0x746e0000 - 0x746ea000 	C:\WINDOWS\SYSTEM32\CRYPTBASE.dll
0x74ed0000 - 0x7504d000 	C:\WINDOWS\SYSTEM32\combase.dll
0x73d50000 - 0x73d73000 	C:\WINDOWS\SYSTEM32\WINMMBASE.dll
0x744c0000 - 0x744cf000 	C:\WINDOWS\SYSTEM32\profapi.dll
0x73b10000 - 0x73d44000 	C:\WINDOWS\SYSTEM32\iertutil.dll
0x73db0000 - 0x73fbd000 	C:\WINDOWS\SYSTEM32\WININET.dll
0x74680000 - 0x746d4000 	C:\WINDOWS\SYSTEM32\bcryptPrimitives.dll
0x74770000 - 0x747ac000 	C:\WINDOWS\SYSTEM32\cfgmgr32.dll
0x73ad0000 - 0x73af1000 	C:\WINDOWS\SYSTEM32\DEVOBJ.dll
0x74430000 - 0x744bb000 	C:\WINDOWS\SYSTEM32\SHCORE.DLL
0x747b0000 - 0x747d7000 	C:\WINDOWS\system32\IMM32.DLL
0x76be0000 - 0x76cf2000 	C:\WINDOWS\SYSTEM32\MSCTF.dll
0x722e0000 - 0x724e6000 	C:\WINDOWS\WinSxS\x86_microsoft.windows.common-controls_6595b64144ccf1df_6.0.9600.17810_none_a9edf09f013934e0\COMCTL32.dll
0x5eaa0000 - 0x5eb5f000 	D:\Program Files\jdk\jre\bin\msvcr100.dll
0x5e2f0000 - 0x5e6b4000 	D:\Program Files\jdk\jre\bin\client\jvm.dll
0x743d0000 - 0x743d8000 	C:\WINDOWS\SYSTEM32\WSOCK32.dll
0x74c40000 - 0x74c46000 	C:\WINDOWS\SYSTEM32\PSAPI.DLL
0x76800000 - 0x76850000 	C:\WINDOWS\SYSTEM32\WS2_32.dll
0x74e70000 - 0x74e77000 	C:\WINDOWS\SYSTEM32\NSI.dll
0x69a80000 - 0x69a8c000 	D:\Program Files\jdk\jre\bin\verify.dll
0x5ea70000 - 0x5ea91000 	D:\Program Files\jdk\jre\bin\java.dll
0x6d7f0000 - 0x6d810000 	D:\Program Files\jdk\jre\bin\instrument.dll
0x5ea50000 - 0x5ea63000 	D:\Program Files\jdk\jre\bin\zip.dll
0x73120000 - 0x73261000 	C:\WINDOWS\SYSTEM32\dbghelp.dll

VM Arguments:
jvm_args: -XX:TieredStopAtLevel=1 -Xverify:none -Dspring.output.ansi.enabled=always -Dcom.sun.management.jmxremote -Dspring.jmx.enabled=true -Dspring.liveBeansView.mbeanDomain -Dspring.application.admin.enabled=true -javaagent:D:\Program Files\JetBrains\IntelliJ IDEA 2019.3.3\lib\idea_rt.jar=57360:D:\Program Files\JetBrains\IntelliJ IDEA 2019.3.3\bin -Dfile.encoding=UTF-8 
java_command: com.qsz.bmss.BmssApplication
java_class_path (initial): D:\Program Files\jdk\jre\lib\charsets.jar;D:\Program Files\jdk\jre\lib\deploy.jar;D:\Program Files\jdk\jre\lib\ext\access-bridge.jar;D:\Program Files\jdk\jre\lib\ext\cldrdata.jar;D:\Program Files\jdk\jre\lib\ext\dnsns.jar;D:\Program Files\jdk\jre\lib\ext\jaccess.jar;D:\Program Files\jdk\jre\lib\ext\jfxrt.jar;D:\Program Files\jdk\jre\lib\ext\localedata.jar;D:\Program Files\jdk\jre\lib\ext\nashorn.jar;D:\Program Files\jdk\jre\lib\ext\sunec.jar;D:\Program Files\jdk\jre\lib\ext\sunjce_provider.jar;D:\Program Files\jdk\jre\lib\ext\sunmscapi.jar;D:\Program Files\jdk\jre\lib\ext\sunpkcs11.jar;D:\Program Files\jdk\jre\lib\ext\zipfs.jar;D:\Program Files\jdk\jre\lib\javaws.jar;D:\Program Files\jdk\jre\lib\jce.jar;D:\Program Files\jdk\jre\lib\jfr.jar;D:\Program Files\jdk\jre\lib\jfxswt.jar;D:\Program Files\jdk\jre\lib\jsse.jar;D:\Program Files\jdk\jre\lib\management-agent.jar;D:\Program Files\jdk\jre\lib\plugin.jar;D:\Program Files\jdk\jre\lib\resources.jar;D:\Program Files\jdk\jre\lib\rt.jar;G:\QszWork\qsz-admin\bmss\build\classes\java\main;G:\QszWork\qsz-admin\bmss\build\resources\main;E:\gradle\caches\modules-2\files-2.1\com.alibaba\fastjson\1.2.62\9243497a2f1f9d40d7d1d8d852f0abdc71955532\fastjson-1.2.62.jar;E:\gradle\caches\modules-2\files-2.1\org.springframework.security\spring-security-jwt\1.0.10.RELEASE\19a1ca7a83e9d263a31af5f529da460f8f863451\spring-security-jwt-1.0.10.RELEASE.jar;E:\gradle\caches\modules-2\files-2.1\io.jsonwebtoken\jjwt\0.9.1\54d2abfc3e63a28824d35bf600d6a5d627da681a\jjwt-0.9.1.jar;E:\gradle\caches\modules-2\files-2.1\mysql\mysql-connector-java\8.0.18\e088efaa4b568bc7d9f7274b9c5ea1a00da1a45c\mysql-connector-java-8.0.18.jar;E:\gradle\caches\modules-2\files-2.1\com.baomidou\mybatis-plus-boot-starter\3.2.0\b9459d99c7ace222dd96476d218b11efa3b2e625\mybatis-plus-boot-starter-3.2.0.jar;E:\gradle\caches\modules-2\files-2.1\com.github.pagehelper\pagehelper-spring-boot-starter\1.2.12\813bb735ebbf290339163b8d2aeb8df6598b7c93\pagehelpe
Launcher Type: SUN_STANDARD

Environment Variables:
JAVA_HOME=D:\Program Files\jdk
CLASSPATH=.;D:\Program Files\jdk\lib\dt.jar;D:\Program Files\jdk\lib\tools.jar
PATH=C:\Program Files (x86)\Intel\iCLS Client\;C:\Program Files\Intel\iCLS Client\;C:\Program Files (x86)\NVIDIA Corporation\PhysX\Common;C:\WINDOWS\system32;C:\WINDOWS;C:\WINDOWS\System32\Wbem;C:\WINDOWS\System32\WindowsPowerShell\v1.0\;C:\Program Files\Intel\Intel(R) Management Engine Components\DAL;C:\Program Files (x86)\Intel\Intel(R) Management Engine Components\DAL;C:\Program Files\Intel\Intel(R) Management Engine Components\IPT;C:\Program Files (x86)\Intel\Intel(R) Management Engine Components\IPT;D:\Program Files\jdk\bin;D:\Program Files\jdk\jre\bin;D:\Program Files\Git\cmd;C:\Program Files\TortoiseGit\bin;D:\apache-tomcat-7.0.63\lib;D:\apache-tomcat-7.0.63\bin;D:\sqlite;E:\adt\sdk\platform-tools;E:\adt\sdk\tools;D:\Program Files\apache-maven-3.6.1-bin\apache-maven-3.6.1\bin;C:\gradle\bin;C:\Program Files\MySQL\MySQL Server 5.7\bin;D:\Program Files\apache-maven-3.6.1-bin\apache-maven-3.6.1\bin;D:\Program Files\nodejs\;C:\Users\asus\AppData\Roaming\npm
USERNAME=asus
OS=Windows_NT
PROCESSOR_IDENTIFIER=Intel64 Family 6 Model 61 Stepping 4, GenuineIntel



---------------  S Y S T E M  ---------------

OS: Windows 8.1 , 64 bit Build 9600 (6.3.9600.17415)

CPU:total 4 (2 cores per cpu, 2 threads per core) family 6 model 61 stepping 4, cmov, cx8, fxsr, mmx, sse, sse2, sse3, ssse3, sse4.1, sse4.2, popcnt, avx, avx2, aes, clmul, erms, 3dnowpref, lzcnt, ht, tsc, tscinvbit, bmi1, bmi2, adx

Memory: 4k page, physical 12482980k(5712212k free), swap 15432100k(7531916k free)

vm_info: Java HotSpot(TM) Client VM (25.65-b01) for windows-x86 JRE (1.8.0_65-b17), built on Oct  6 2015 17:26:22 by "java_re" with MS VC++ 10.0 (VS2010)

time: Thu Jun 25 20:41:44 2020
elapsed time: 0 seconds (0d 0h 0m 0s)

