#
# A fatal error has been detected by the Java Runtime Environment:
#
#  EXCEPTION_ACCESS_VIOLATION (0xc0000005) at pc=0x00000009, pid=18292, tid=7840
#
# JRE version: Java(TM) SE Runtime Environment (8.0_65-b17) (build 1.8.0_65-b17)
# Java VM: Java HotSpot(TM) Client VM (25.65-b01 mixed mode windows-x86 )
# Problematic frame:
# C  0x00000009
#
# Failed to write core dump. Minidumps are not enabled by default on client versions of Windows
#
# If you would like to submit a bug report, please visit:
#   http://bugreport.java.com/bugreport/crash.jsp
# The crash happened outside the Java Virtual Machine in native code.
# See problematic frame for where to report the bug.
#

---------------  T H R E A D  ---------------

Current thread (0x16326c00):  JavaThread "File Watcher" daemon [_thread_in_native, id=7840, stack(0x18eb0000,0x18f00000)]

siginfo: ExceptionCode=0xc0000005, ExceptionInformation=0x00000008 0x00000009

Registers:
EAX=0x17635b3e, EBX=0x00000000, ECX=0x0000005d, EDX=0x0000006e
ESP=0x18eff590, EBP=0x18eff558, ESI=0x176349ac, EDI=0x000000dc
EIP=0x00000009, EFLAGS=0x00010202

Top of Stack: (sp=0x18eff590)
0x18eff590:   00000012 000000dc 00000020 00000000
0x18eff5a0:   00991600 18eff618 18eff634 76f40ea9
0x18eff5b0:   00000000 00000000 00000000 0100006e
0x18eff5c0:   18eff620 00000000 00120000 18eff670
0x18eff5d0:   17635aa0 16326c00 162bcbb8 5a13d85c
0x18eff5e0:   00000017 18efef9c 18effb2c 76f97380
0x18eff5f0:   3408b31c fffffffe 18eff62c 76f66070
0x18eff600:   18eff670 18eff66c 00000000 18eff620 

Instructions: (pc=0x00000009)
0xffffffe9:   


Register to memory mapping:

EAX=0x17635b3e is an unknown value
EBX=0x00000000 is an unknown value
ECX=0x0000005d is an unknown value
EDX=0x0000006e is an unknown value
ESP=0x18eff590 is pointing into the stack for thread: 0x16326c00
EBP=0x18eff558 is pointing into the stack for thread: 0x16326c00
ESI=0x176349ac is an unknown value
EDI=0x000000dc is an unknown value


Stack: [0x18eb0000,0x18f00000],  sp=0x18eff590,  free space=317k
Native frames: (J=compiled Java code, j=interpreted, Vv=VM code, C=native code)
C  0x00000009
C  [ntdll.dll+0x49d87]
C  [ntdll.dll+0x66070]
C  [KERNELBASE.dll+0x1802f]
C  [java.dll+0x7fd4]
C  [java.dll+0x80cd]
J 2640 C1 java.io.File.isFile()Z (43 bytes) @ 0x02fc8be0 [0x02fc8b60+0x80]
J 2654 C1 org.springframework.boot.devtools.filewatch.FileSnapshot.<init>(Ljava/io/File;)V (64 bytes) @ 0x02fcbb18 [0x02fcbae0+0x38]
J 2649 C1 org.springframework.boot.devtools.filewatch.FolderSnapshot.collectFiles(Ljava/io/File;Ljava/util/Set;)V (99 bytes) @ 0x02fcaae4 [0x02fca9f0+0xf4]
J 2649 C1 org.springframework.boot.devtools.filewatch.FolderSnapshot.collectFiles(Ljava/io/File;Ljava/util/Set;)V (99 bytes) @ 0x02fcab14 [0x02fca9f0+0x124]
J 2649 C1 org.springframework.boot.devtools.filewatch.FolderSnapshot.collectFiles(Ljava/io/File;Ljava/util/Set;)V (99 bytes) @ 0x02fcab14 [0x02fca9f0+0x124]
J 2649 C1 org.springframework.boot.devtools.filewatch.FolderSnapshot.collectFiles(Ljava/io/File;Ljava/util/Set;)V (99 bytes) @ 0x02fcab14 [0x02fca9f0+0x124]
J 2649 C1 org.springframework.boot.devtools.filewatch.FolderSnapshot.collectFiles(Ljava/io/File;Ljava/util/Set;)V (99 bytes) @ 0x02fcab14 [0x02fca9f0+0x124]
J 2649 C1 org.springframework.boot.devtools.filewatch.FolderSnapshot.collectFiles(Ljava/io/File;Ljava/util/Set;)V (99 bytes) @ 0x02fcab14 [0x02fca9f0+0x124]
j  org.springframework.boot.devtools.filewatch.FolderSnapshot.<init>(Ljava/io/File;)V+76
j  org.springframework.boot.devtools.filewatch.FileSystemWatcher$Watcher.getCurrentSnapshots()Ljava/util/Map;+49
j  org.springframework.boot.devtools.filewatch.FileSystemWatcher$Watcher.scan()V+20
j  org.springframework.boot.devtools.filewatch.FileSystemWatcher$Watcher.run()V+30
j  java.lang.Thread.run()V+11
v  ~StubRoutines::call_stub
V  [jvm.dll+0x158985]
V  [jvm.dll+0x21df3e]
V  [jvm.dll+0x158a1e]
V  [jvm.dll+0x158ba6]
V  [jvm.dll+0x158c17]
V  [jvm.dll+0xfd45f]
V  [jvm.dll+0x17bddc]
V  [jvm.dll+0x17beca]
V  [jvm.dll+0x1c0466]
C  [msvcr100.dll+0x5c556]
C  [msvcr100.dll+0x5c600]
C  [KERNEL32.DLL+0x17c04]
C  [ntdll.dll+0x5ab8f]
C  [ntdll.dll+0x5ab5a]
C  0x00000000

Java frames: (J=compiled Java code, j=interpreted, Vv=VM code)
J 390  java.io.WinNTFileSystem.getBooleanAttributes(Ljava/io/File;)I (0 bytes) @ 0x02ca68e6 [0x02ca6890+0x56]
J 2640 C1 java.io.File.isFile()Z (43 bytes) @ 0x02fc8be0 [0x02fc8b60+0x80]
J 2654 C1 org.springframework.boot.devtools.filewatch.FileSnapshot.<init>(Ljava/io/File;)V (64 bytes) @ 0x02fcbb18 [0x02fcbae0+0x38]
J 2649 C1 org.springframework.boot.devtools.filewatch.FolderSnapshot.collectFiles(Ljava/io/File;Ljava/util/Set;)V (99 bytes) @ 0x02fcaae4 [0x02fca9f0+0xf4]
J 2649 C1 org.springframework.boot.devtools.filewatch.FolderSnapshot.collectFiles(Ljava/io/File;Ljava/util/Set;)V (99 bytes) @ 0x02fcab14 [0x02fca9f0+0x124]
J 2649 C1 org.springframework.boot.devtools.filewatch.FolderSnapshot.collectFiles(Ljava/io/File;Ljava/util/Set;)V (99 bytes) @ 0x02fcab14 [0x02fca9f0+0x124]
J 2649 C1 org.springframework.boot.devtools.filewatch.FolderSnapshot.collectFiles(Ljava/io/File;Ljava/util/Set;)V (99 bytes) @ 0x02fcab14 [0x02fca9f0+0x124]
J 2649 C1 org.springframework.boot.devtools.filewatch.FolderSnapshot.collectFiles(Ljava/io/File;Ljava/util/Set;)V (99 bytes) @ 0x02fcab14 [0x02fca9f0+0x124]
J 2649 C1 org.springframework.boot.devtools.filewatch.FolderSnapshot.collectFiles(Ljava/io/File;Ljava/util/Set;)V (99 bytes) @ 0x02fcab14 [0x02fca9f0+0x124]
j  org.springframework.boot.devtools.filewatch.FolderSnapshot.<init>(Ljava/io/File;)V+76
j  org.springframework.boot.devtools.filewatch.FileSystemWatcher$Watcher.getCurrentSnapshots()Ljava/util/Map;+49
j  org.springframework.boot.devtools.filewatch.FileSystemWatcher$Watcher.scan()V+20
j  org.springframework.boot.devtools.filewatch.FileSystemWatcher$Watcher.run()V+30
j  java.lang.Thread.run()V+11
v  ~StubRoutines::call_stub

---------------  P R O C E S S  ---------------

Java Threads: ( => current thread )
  0x15692000 JavaThread "MyHikariCP housekeeper" daemon [_thread_blocked, id=4748, stack(0x19920000,0x19970000)]
  0x15692c00 JavaThread "DestroyJavaVM" [_thread_blocked, id=1176, stack(0x00a40000,0x00a90000)]
  0x15691400 JavaThread "http-nio-8090-Acceptor" daemon [_thread_in_native, id=7808, stack(0x19790000,0x197e0000)]
  0x15693800 JavaThread "http-nio-8090-ClientPoller" daemon [_thread_in_native, id=16592, stack(0x19700000,0x19750000)]
  0x15693000 JavaThread "http-nio-8090-exec-10" daemon [_thread_blocked, id=15656, stack(0x19670000,0x196c0000)]
  0x15690c00 JavaThread "http-nio-8090-exec-9" daemon [_thread_blocked, id=12772, stack(0x195e0000,0x19630000)]
  0x15690000 JavaThread "http-nio-8090-exec-8" daemon [_thread_blocked, id=18140, stack(0x19450000,0x194a0000)]
  0x15691800 JavaThread "http-nio-8090-exec-7" daemon [_thread_blocked, id=17636, stack(0x193c0000,0x19410000)]
  0x16329000 JavaThread "http-nio-8090-exec-6" daemon [_thread_blocked, id=16568, stack(0x19330000,0x19380000)]
  0x16329c00 JavaThread "http-nio-8090-exec-5" daemon [_thread_blocked, id=17412, stack(0x192a0000,0x192f0000)]
  0x16329800 JavaThread "http-nio-8090-exec-4" daemon [_thread_blocked, id=17960, stack(0x19210000,0x19260000)]
  0x16328c00 JavaThread "http-nio-8090-exec-3" daemon [_thread_blocked, id=18012, stack(0x19180000,0x191d0000)]
  0x16328400 JavaThread "http-nio-8090-exec-2" daemon [_thread_blocked, id=16520, stack(0x190f0000,0x19140000)]
  0x16327800 JavaThread "http-nio-8090-exec-1" daemon [_thread_blocked, id=11860, stack(0x19060000,0x190b0000)]
  0x16327c00 JavaThread "http-nio-8090-BlockPoller" daemon [_thread_in_native, id=3844, stack(0x18f40000,0x18f90000)]
  0x16327000 JavaThread "Live Reload Server" daemon [_thread_in_native, id=15916, stack(0x18fd0000,0x19020000)]
=>0x16326c00 JavaThread "File Watcher" daemon [_thread_in_native, id=7840, stack(0x18eb0000,0x18f00000)]
  0x16326400 JavaThread "container-0" [_thread_blocked, id=1436, stack(0x18b20000,0x18b70000)]
  0x1631d800 JavaThread "Catalina-utility-2" [_thread_blocked, id=4724, stack(0x18a90000,0x18ae0000)]
  0x1631d400 JavaThread "Catalina-utility-1" [_thread_blocked, id=14680, stack(0x18a00000,0x18a50000)]
  0x1766ac00 JavaThread "mysql-cj-abandoned-connection-cleanup" daemon [_thread_blocked, id=9012, stack(0x168f0000,0x16940000)]
  0x157b0400 JavaThread "RMI TCP Accept-0" daemon [_thread_in_native, id=18028, stack(0x15b50000,0x15ba0000)]
  0x15643000 JavaThread "Service Thread" daemon [_thread_blocked, id=12376, stack(0x159c0000,0x15a10000)]
  0x155f8c00 JavaThread "C1 CompilerThread0" daemon [_thread_blocked, id=11544, stack(0x15930000,0x15980000)]
  0x155f5000 JavaThread "Monitor Ctrl-Break" daemon [_thread_in_native, id=9892, stack(0x158a0000,0x158f0000)]
  0x1509c400 JavaThread "Attach Listener" daemon [_thread_blocked, id=11780, stack(0x15410000,0x15460000)]
  0x1509bc00 JavaThread "Signal Dispatcher" daemon [_thread_blocked, id=16888, stack(0x15380000,0x153d0000)]
  0x1506c800 JavaThread "Finalizer" daemon [_thread_blocked, id=14212, stack(0x152a0000,0x152f0000)]
  0x15067800 JavaThread "Reference Handler" daemon [_thread_blocked, id=13144, stack(0x04b80000,0x04bd0000)]

Other Threads:
  0x15063000 VMThread [stack: 0x01160000,0x011b0000] [id=15556]
  0x15786400 WatcherThread [stack: 0x15be0000,0x15c30000] [id=13660]

VM state:not at safepoint (normal execution)

VM Mutex/Monitor currently owned by a thread: None

Heap:
 def new generation   total 13568K, used 3081K [0x04c00000, 0x05ab0000, 0x0a150000)
  eden space 12096K,  24% used [0x04c00000, 0x04eeefe0, 0x057d0000)
  from space 1472K,   5% used [0x05940000, 0x059536d8, 0x05ab0000)
  to   space 1472K,   0% used [0x057d0000, 0x057d0000, 0x05940000)
 tenured generation   total 29936K, used 20531K [0x0a150000, 0x0be8c000, 0x14c00000)
   the space 29936K,  68% used [0x0a150000, 0x0b55ce40, 0x0b55d000, 0x0be8c000)
 Metaspace       used 27760K, capacity 29071K, committed 29184K, reserved 30080K

Card table byte_map: [0x010d0000,0x01160000] byte_map_base: 0x010aa000

Polling page: 0x009e0000

CodeCache: size=32768Kb used=4505Kb max_used=4571Kb free=28262Kb
 bounds [0x02b80000, 0x02ff8000, 0x04b80000]
 total_blobs=2906 nmethods=2692 adapters=144
 compilation: enabled

Compilation events (10 events):
Event: 151.770 Thread 0x155f8c00 2850             java.lang.ref.Reference::get (5 bytes)
Event: 151.770 Thread 0x155f8c00 nmethod 2850 0x02c5de88 code [0x02c5df80, 0x02c5e000]
Event: 151.808 Thread 0x155f8c00 2851             java.lang.AbstractStringBuilder::append (29 bytes)
Event: 151.809 Thread 0x155f8c00 nmethod 2851 0x02c5db88 code [0x02c5dc90, 0x02c5dd7c]
Event: 151.810 Thread 0x155f8c00 2852             org.springframework.util.MimeType::isWildcardType (10 bytes)
Event: 151.810 Thread 0x155f8c00 nmethod 2852 0x02c5d988 code [0x02c5da90, 0x02c5db2c]
Event: 151.813 Thread 0x155f8c00 2853             com.mysql.cj.protocol.a.NativePacketPayload::readBytes (68 bytes)
Event: 151.814 Thread 0x155f8c00 nmethod 2853 0x02c5d548 code [0x02c5d660, 0x02c5d84c]
Event: 161.311 Thread 0x155f8c00 2854  s!         sun.misc.URLClassPath::getLoader (197 bytes)
Event: 161.312 Thread 0x155f8c00 nmethod 2854 0x02c472c8 code [0x02c47510, 0x02c4850c]

GC Heap History (10 events):
Event: 69.217 GC heap before
{Heap before GC invocations=104 (full 3):
 def new generation   total 9792K, used 9642K [0x04c00000, 0x05690000, 0x0a150000)
  eden space 8768K, 100% used [0x04c00000, 0x05490000, 0x05490000)
  from space 1024K,  85% used [0x05490000, 0x0556a8d8, 0x05590000)
  to   space 1024K,   0% used [0x05590000, 0x05590000, 0x05690000)
 tenured generation   total 21488K, used 20775K [0x0a150000, 0x0b64c000, 0x14c00000)
   the space 21488K,  96% used [0x0a150000, 0x0b599fb8, 0x0b59a000, 0x0b64c000)
 Metaspace       used 25003K, capacity 26294K, committed 26368K, reserved 27008K
Event: 69.224 GC heap after
Heap after GC invocations=105 (full 3):
 def new generation   total 9792K, used 620K [0x04c00000, 0x05690000, 0x0a150000)
  eden space 8768K,   0% used [0x04c00000, 0x04c00000, 0x05490000)
  from space 1024K,  60% used [0x05590000, 0x0562b228, 0x05690000)
  to   space 1024K,   0% used [0x05490000, 0x05490000, 0x05590000)
 tenured generation   total 21488K, used 21024K [0x0a150000, 0x0b64c000, 0x14c00000)
   the space 21488K,  97% used [0x0a150000, 0x0b5d82a8, 0x0b5d8400, 0x0b64c000)
 Metaspace       used 25003K, capacity 26294K, committed 26368K, reserved 27008K
}
Event: 69.316 GC heap before
{Heap before GC invocations=105 (full 3):
 def new generation   total 9792K, used 9388K [0x04c00000, 0x05690000, 0x0a150000)
  eden space 8768K, 100% used [0x04c00000, 0x05490000, 0x05490000)
  from space 1024K,  60% used [0x05590000, 0x0562b228, 0x05690000)
  to   space 1024K,   0% used [0x05490000, 0x05490000, 0x05590000)
 tenured generation   total 21488K, used 21024K [0x0a150000, 0x0b64c000, 0x14c00000)
   the space 21488K,  97% used [0x0a150000, 0x0b5d82a8, 0x0b5d8400, 0x0b64c000)
 Metaspace       used 25862K, capacity 27193K, committed 27264K, reserved 28032K
Event: 69.403 GC heap after
Heap after GC invocations=106 (full 4):
 def new generation   total 13568K, used 0K [0x04c00000, 0x05ab0000, 0x0a150000)
  eden space 12096K,   0% used [0x04c00000, 0x04c00000, 0x057d0000)
  from space 1472K,   0% used [0x057d0000, 0x057d0000, 0x05940000)
  to   space 1472K,   0% used [0x05940000, 0x05940000, 0x05ab0000)
 tenured generation   total 29936K, used 17960K [0x0a150000, 0x0be8c000, 0x14c00000)
   the space 29936K,  59% used [0x0a150000, 0x0b2da108, 0x0b2da200, 0x0be8c000)
 Metaspace       used 25774K, capacity 27073K, committed 27264K, reserved 28032K
}
Event: 69.547 GC heap before
{Heap before GC invocations=106 (full 4):
 def new generation   total 13568K, used 12096K [0x04c00000, 0x05ab0000, 0x0a150000)
  eden space 12096K, 100% used [0x04c00000, 0x057d0000, 0x057d0000)
  from space 1472K,   0% used [0x057d0000, 0x057d0000, 0x05940000)
  to   space 1472K,   0% used [0x05940000, 0x05940000, 0x05ab0000)
 tenured generation   total 29936K, used 17960K [0x0a150000, 0x0be8c000, 0x14c00000)
   the space 29936K,  59% used [0x0a150000, 0x0b2da108, 0x0b2da200, 0x0be8c000)
 Metaspace       used 26959K, capacity 28290K, committed 28416K, reserved 29056K
Event: 69.552 GC heap after
Heap after GC invocations=107 (full 4):
 def new generation   total 13568K, used 1472K [0x04c00000, 0x05ab0000, 0x0a150000)
  eden space 12096K,   0% used [0x04c00000, 0x04c00000, 0x057d0000)
  from space 1472K, 100% used [0x05940000, 0x05ab0000, 0x05ab0000)
  to   space 1472K,   0% used [0x057d0000, 0x057d0000, 0x05940000)
 tenured generation   total 29936K, used 18496K [0x0a150000, 0x0be8c000, 0x14c00000)
   the space 29936K,  61% used [0x0a150000, 0x0b3600e8, 0x0b360200, 0x0be8c000)
 Metaspace       used 26959K, capacity 28290K, committed 28416K, reserved 29056K
}
Event: 92.108 GC heap before
{Heap before GC invocations=107 (full 4):
 def new generation   total 13568K, used 13568K [0x04c00000, 0x05ab0000, 0x0a150000)
  eden space 12096K, 100% used [0x04c00000, 0x057d0000, 0x057d0000)
  from space 1472K, 100% used [0x05940000, 0x05ab0000, 0x05ab0000)
  to   space 1472K,   0% used [0x057d0000, 0x057d0000, 0x05940000)
 tenured generation   total 29936K, used 18496K [0x0a150000, 0x0be8c000, 0x14c00000)
   the space 29936K,  61% used [0x0a150000, 0x0b3600e8, 0x0b360200, 0x0be8c000)
 Metaspace       used 27758K, capacity 29069K, committed 29184K, reserved 30080K
Event: 92.113 GC heap after
Heap after GC invocations=108 (full 4):
 def new generation   total 13568K, used 1471K [0x04c00000, 0x05ab0000, 0x0a150000)
  eden space 12096K,   0% used [0x04c00000, 0x04c00000, 0x057d0000)
  from space 1472K,  99% used [0x057d0000, 0x0593fff8, 0x05940000)
  to   space 1472K,   0% used [0x05940000, 0x05940000, 0x05ab0000)
 tenured generation   total 29936K, used 19834K [0x0a150000, 0x0be8c000, 0x14c00000)
   the space 29936K,  66% used [0x0a150000, 0x0b4aeb70, 0x0b4aec00, 0x0be8c000)
 Metaspace       used 27758K, capacity 29069K, committed 29184K, reserved 30080K
}
Event: 156.047 GC heap before
{Heap before GC invocations=108 (full 4):
 def new generation   total 13568K, used 13567K [0x04c00000, 0x05ab0000, 0x0a150000)
  eden space 12096K, 100% used [0x04c00000, 0x057d0000, 0x057d0000)
  from space 1472K,  99% used [0x057d0000, 0x0593fff8, 0x05940000)
  to   space 1472K,   0% used [0x05940000, 0x05940000, 0x05ab0000)
 tenured generation   total 29936K, used 19834K [0x0a150000, 0x0be8c000, 0x14c00000)
   the space 29936K,  66% used [0x0a150000, 0x0b4aeb70, 0x0b4aec00, 0x0be8c000)
 Metaspace       used 27760K, capacity 29071K, committed 29184K, reserved 30080K
Event: 156.050 GC heap after
Heap after GC invocations=109 (full 4):
 def new generation   total 13568K, used 77K [0x04c00000, 0x05ab0000, 0x0a150000)
  eden space 12096K,   0% used [0x04c00000, 0x04c00000, 0x057d0000)
  from space 1472K,   5% used [0x05940000, 0x059536d8, 0x05ab0000)
  to   space 1472K,   0% used [0x057d0000, 0x057d0000, 0x05940000)
 tenured generation   total 29936K, used 20531K [0x0a150000, 0x0be8c000, 0x14c00000)
   the space 29936K,  68% used [0x0a150000, 0x0b55ce40, 0x0b55d000, 0x0be8c000)
 Metaspace       used 27760K, capacity 29071K, committed 29184K, reserved 30080K
}

Deoptimization events (0 events):
No events

Internal exceptions (10 events):
Event: 8.790 Thread 0x15ec7c00 Exception <a 'java/lang/ArrayIndexOutOfBoundsException'> (0x04da3f50) thrown at [C:\re\workspace\8-2-build-windows-i586-cygwin\jdk8u65\4987\hotspot\src\share\vm\runtime\sharedRuntime.cpp, line 605]
Event: 8.792 Thread 0x15ec7c00 Exception <a 'java/lang/ArrayIndexOutOfBoundsException'> (0x04dd6f48) thrown at [C:\re\workspace\8-2-build-windows-i586-cygwin\jdk8u65\4987\hotspot\src\share\vm\runtime\sharedRuntime.cpp, line 605]
Event: 8.827 Thread 0x15ec7c00 Exception <a 'java/lang/ArrayIndexOutOfBoundsException'> (0x04f899d8) thrown at [C:\re\workspace\8-2-build-windows-i586-cygwin\jdk8u65\4987\hotspot\src\share\vm\runtime\sharedRuntime.cpp, line 605]
Event: 8.828 Thread 0x15ec7c00 Exception <a 'java/lang/ArrayIndexOutOfBoundsException'> (0x04f8ad68) thrown at [C:\re\workspace\8-2-build-windows-i586-cygwin\jdk8u65\4987\hotspot\src\share\vm\runtime\sharedRuntime.cpp, line 605]
Event: 8.828 Thread 0x15ec7c00 Exception <a 'java/lang/ArrayIndexOutOfBoundsException'> (0x04f9dd68) thrown at [C:\re\workspace\8-2-build-windows-i586-cygwin\jdk8u65\4987\hotspot\src\share\vm\runtime\sharedRuntime.cpp, line 605]
Event: 8.867 Thread 0x15ec7c00 Exception <a 'java/lang/ArrayIndexOutOfBoundsException'> (0x051b3268) thrown at [C:\re\workspace\8-2-build-windows-i586-cygwin\jdk8u65\4987\hotspot\src\share\vm\runtime\sharedRuntime.cpp, line 605]
Event: 69.150 Thread 0x16327800 Exception <a 'java/lang/ArrayIndexOutOfBoundsException'> (0x04cdadf0) thrown at [C:\re\workspace\8-2-build-windows-i586-cygwin\jdk8u65\4987\hotspot\src\share\vm\runtime\sharedRuntime.cpp, line 605]
Event: 69.205 Thread 0x16327800 Exception <a 'java/lang/ArrayIndexOutOfBoundsException'> (0x05389ea0) thrown at [C:\re\workspace\8-2-build-windows-i586-cygwin\jdk8u65\4987\hotspot\src\share\vm\runtime\sharedRuntime.cpp, line 605]
Event: 69.624 Thread 0x16327800 Exception <a 'java/lang/ArrayIndexOutOfBoundsException': 5> (0x052bc190) thrown at [C:\re\workspace\8-2-build-windows-i586-cygwin\jdk8u65\4987\hotspot\src\share\vm\interpreter\interpreterRuntime.cpp, line 366]
Event: 69.631 Thread 0x16327800 Exception <a 'java/lang/ArrayIndexOutOfBoundsException': 5> (0x05348aa0) thrown at [C:\re\workspace\8-2-build-windows-i586-cygwin\jdk8u65\4987\hotspot\src\share\vm\interpreter\interpreterRuntime.cpp, line 366]

Events (10 events):
Event: 156.046 Executing VM operation: GenCollectForAllocation
Event: 156.050 Executing VM operation: GenCollectForAllocation done
Event: 161.313 Thread 0x155f8c00 flushing nmethod 0x02c70488
Event: 161.313 Thread 0x155f8c00 flushing nmethod 0x02c70b48
Event: 161.313 Thread 0x155f8c00 flushing nmethod 0x02c70fc8
Event: 161.313 Thread 0x155f8c00 flushing nmethod 0x02c71208
Event: 161.313 Thread 0x155f8c00 flushing nmethod 0x02c73f08
Event: 161.313 Thread 0x155f8c00 flushing nmethod 0x02c746c8
Event: 161.313 Thread 0x155f8c00 flushing nmethod 0x02c74e88
Event: 161.313 Thread 0x155f8c00 flushing nmethod 0x02c75308


Dynamic libraries:
0x011b0000 - 0x011e3000 	D:\Program Files\jdk\bin\java.exe
0x76f00000 - 0x7706f000 	C:\WINDOWS\SYSTEM32\ntdll.dll
0x74c50000 - 0x74d90000 	C:\WINDOWS\SYSTEM32\KERNEL32.DLL
0x75050000 - 0x75127000 	C:\WINDOWS\SYSTEM32\KERNELBASE.dll
0x73900000 - 0x739a0000 	C:\WINDOWS\system32\apphelp.dll
0x5d450000 - 0x5d6b6000 	C:\WINDOWS\AppPatch\AcGenral.DLL
0x74ad0000 - 0x74b93000 	C:\WINDOWS\SYSTEM32\msvcrt.dll
0x76850000 - 0x76891000 	C:\WINDOWS\SYSTEM32\sechost.dll
0x76bc0000 - 0x76bde000 	C:\WINDOWS\SYSTEM32\SspiCli.dll
0x74e80000 - 0x74ec5000 	C:\WINDOWS\SYSTEM32\SHLWAPI.dll
0x71ff0000 - 0x720dd000 	C:\WINDOWS\SYSTEM32\UxTheme.dll
0x76a60000 - 0x76bb3000 	C:\WINDOWS\SYSTEM32\USER32.dll
0x75140000 - 0x7524f000 	C:\WINDOWS\SYSTEM32\GDI32.dll
0x74360000 - 0x74383000 	C:\WINDOWS\SYSTEM32\WINMM.dll
0x5f5d0000 - 0x5f5e3000 	C:\WINDOWS\SYSTEM32\samcli.dll
0x76d00000 - 0x76e29000 	C:\WINDOWS\SYSTEM32\ole32.dll
0x74dd0000 - 0x74e65000 	C:\WINDOWS\SYSTEM32\OLEAUT32.dll
0x6d7d0000 - 0x6d7e7000 	C:\WINDOWS\SYSTEM32\MSACM32.dll
0x73da0000 - 0x73da8000 	C:\WINDOWS\SYSTEM32\VERSION.dll
0x75250000 - 0x7650c000 	C:\WINDOWS\SYSTEM32\SHELL32.dll
0x744d0000 - 0x744eb000 	C:\WINDOWS\SYSTEM32\USERENV.dll
0x71fd0000 - 0x71fea000 	C:\WINDOWS\SYSTEM32\dwmapi.dll
0x74130000 - 0x7427b000 	C:\WINDOWS\SYSTEM32\urlmon.dll
0x76680000 - 0x766fc000 	C:\WINDOWS\SYSTEM32\ADVAPI32.dll
0x72e70000 - 0x72ed5000 	C:\WINDOWS\SYSTEM32\WINSPOOL.DRV
0x71d20000 - 0x71d36000 	C:\WINDOWS\SYSTEM32\MPR.dll
0x747e0000 - 0x7489a000 	C:\WINDOWS\SYSTEM32\RPCRT4.dll
0x746e0000 - 0x746ea000 	C:\WINDOWS\SYSTEM32\CRYPTBASE.dll
0x74ed0000 - 0x7504d000 	C:\WINDOWS\SYSTEM32\combase.dll
0x73d50000 - 0x73d73000 	C:\WINDOWS\SYSTEM32\WINMMBASE.dll
0x744c0000 - 0x744cf000 	C:\WINDOWS\SYSTEM32\profapi.dll
0x73b10000 - 0x73d44000 	C:\WINDOWS\SYSTEM32\iertutil.dll
0x73db0000 - 0x73fbd000 	C:\WINDOWS\SYSTEM32\WININET.dll
0x74680000 - 0x746d4000 	C:\WINDOWS\SYSTEM32\bcryptPrimitives.dll
0x74770000 - 0x747ac000 	C:\WINDOWS\SYSTEM32\cfgmgr32.dll
0x73ad0000 - 0x73af1000 	C:\WINDOWS\SYSTEM32\DEVOBJ.dll
0x74430000 - 0x744bb000 	C:\WINDOWS\SYSTEM32\SHCORE.DLL
0x747b0000 - 0x747d7000 	C:\WINDOWS\system32\IMM32.DLL
0x76be0000 - 0x76cf2000 	C:\WINDOWS\SYSTEM32\MSCTF.dll
0x722e0000 - 0x724e6000 	C:\WINDOWS\WinSxS\x86_microsoft.windows.common-controls_6595b64144ccf1df_6.0.9600.17810_none_a9edf09f013934e0\COMCTL32.dll
0x5eac0000 - 0x5eb7f000 	D:\Program Files\jdk\jre\bin\msvcr100.dll
0x5d080000 - 0x5d444000 	D:\Program Files\jdk\jre\bin\client\jvm.dll
0x743d0000 - 0x743d8000 	C:\WINDOWS\SYSTEM32\WSOCK32.dll
0x74c40000 - 0x74c46000 	C:\WINDOWS\SYSTEM32\PSAPI.DLL
0x76800000 - 0x76850000 	C:\WINDOWS\SYSTEM32\WS2_32.dll
0x74e70000 - 0x74e77000 	C:\WINDOWS\SYSTEM32\NSI.dll
0x6d760000 - 0x6d76c000 	D:\Program Files\jdk\jre\bin\verify.dll
0x6d730000 - 0x6d751000 	D:\Program Files\jdk\jre\bin\java.dll
0x6d790000 - 0x6d7b0000 	D:\Program Files\jdk\jre\bin\instrument.dll
0x6d710000 - 0x6d723000 	D:\Program Files\jdk\jre\bin\zip.dll
0x6d770000 - 0x6d786000 	D:\Program Files\JetBrains\IntelliJ IDEA 2019.3.3\bin\breakgen.dll
0x6d6f0000 - 0x6d706000 	D:\Program Files\jdk\jre\bin\net.dll
0x743e0000 - 0x7442b000 	C:\WINDOWS\system32\mswsock.dll
0x730a0000 - 0x7311e000 	C:\WINDOWS\SYSTEM32\DNSAPI.dll
0x72bd0000 - 0x72bd8000 	C:\Windows\System32\rasadhlp.dll
0x72b80000 - 0x72bc6000 	C:\WINDOWS\System32\fwpuclnt.dll
0x69a80000 - 0x69a8a000 	D:\Program Files\jdk\jre\bin\management.dll
0x6d6e0000 - 0x6d6ef000 	D:\Program Files\jdk\jre\bin\nio.dll
0x72d10000 - 0x72d29000 	C:\WINDOWS\SYSTEM32\CRYPTSP.dll
0x72ce0000 - 0x72d10000 	C:\WINDOWS\system32\rsaenh.dll
0x72cc0000 - 0x72cde000 	C:\WINDOWS\SYSTEM32\bcrypt.dll
0x73d80000 - 0x73da0000 	C:\WINDOWS\SYSTEM32\IPHLPAPI.DLL
0x73b00000 - 0x73b08000 	C:\WINDOWS\SYSTEM32\WINNSI.DLL
0x72c60000 - 0x72c73000 	C:\WINDOWS\SYSTEM32\dhcpcsvc6.DLL
0x73aa0000 - 0x73ab4000 	C:\WINDOWS\SYSTEM32\dhcpcsvc.DLL
0x72c40000 - 0x72c51000 	C:\WINDOWS\system32\napinsp.dll
0x72c20000 - 0x72c36000 	C:\WINDOWS\system32\pnrpnsp.dll
0x72c00000 - 0x72c14000 	C:\WINDOWS\system32\NLAapi.dll
0x72bf0000 - 0x72bfa000 	C:\WINDOWS\System32\winrnr.dll
0x72be0000 - 0x72bf0000 	C:\WINDOWS\system32\wshbth.dll
0x73120000 - 0x73261000 	C:\WINDOWS\SYSTEM32\dbghelp.dll

VM Arguments:
jvm_args: -XX:TieredStopAtLevel=1 -Xverify:none -Dspring.output.ansi.enabled=always -Dcom.sun.management.jmxremote -Dspring.jmx.enabled=true -Dspring.liveBeansView.mbeanDomain -Dspring.application.admin.enabled=true -javaagent:D:\Program Files\JetBrains\IntelliJ IDEA 2019.3.3\lib\idea_rt.jar=50025:D:\Program Files\JetBrains\IntelliJ IDEA 2019.3.3\bin -Dfile.encoding=UTF-8 
java_command: com.qsz.bmss.BmssApplication
java_class_path (initial): D:\Program Files\jdk\jre\lib\charsets.jar;D:\Program Files\jdk\jre\lib\deploy.jar;D:\Program Files\jdk\jre\lib\ext\access-bridge.jar;D:\Program Files\jdk\jre\lib\ext\cldrdata.jar;D:\Program Files\jdk\jre\lib\ext\dnsns.jar;D:\Program Files\jdk\jre\lib\ext\jaccess.jar;D:\Program Files\jdk\jre\lib\ext\jfxrt.jar;D:\Program Files\jdk\jre\lib\ext\localedata.jar;D:\Program Files\jdk\jre\lib\ext\nashorn.jar;D:\Program Files\jdk\jre\lib\ext\sunec.jar;D:\Program Files\jdk\jre\lib\ext\sunjce_provider.jar;D:\Program Files\jdk\jre\lib\ext\sunmscapi.jar;D:\Program Files\jdk\jre\lib\ext\sunpkcs11.jar;D:\Program Files\jdk\jre\lib\ext\zipfs.jar;D:\Program Files\jdk\jre\lib\javaws.jar;D:\Program Files\jdk\jre\lib\jce.jar;D:\Program Files\jdk\jre\lib\jfr.jar;D:\Program Files\jdk\jre\lib\jfxswt.jar;D:\Program Files\jdk\jre\lib\jsse.jar;D:\Program Files\jdk\jre\lib\management-agent.jar;D:\Program Files\jdk\jre\lib\plugin.jar;D:\Program Files\jdk\jre\lib\resources.jar;D:\Program Files\jdk\jre\lib\rt.jar;G:\QszWork\qsz-admin\bmss\build\classes\java\main;G:\QszWork\qsz-admin\bmss\build\resources\main;E:\gradle\caches\modules-2\files-2.1\org.springframework.boot\spring-boot-starter-web\2.3.1.RELEASE\555c4f90141cdbc7637145e413bca0d622ba6796\spring-boot-starter-web-2.3.1.RELEASE.jar;E:\gradle\caches\modules-2\files-2.1\com.alibaba\fastjson\1.2.62\9243497a2f1f9d40d7d1d8d852f0abdc71955532\fastjson-1.2.62.jar;E:\gradle\caches\modules-2\files-2.1\org.springframework.security\spring-security-jwt\1.0.10.RELEASE\19a1ca7a83e9d263a31af5f529da460f8f863451\spring-security-jwt-1.0.10.RELEASE.jar;E:\gradle\caches\modules-2\files-2.1\io.jsonwebtoken\jjwt\0.9.1\54d2abfc3e63a28824d35bf600d6a5d627da681a\jjwt-0.9.1.jar;E:\gradle\caches\modules-2\files-2.1\mysql\mysql-connector-java\8.0.18\e088efaa4b568bc7d9f7274b9c5ea1a00da1a45c\mysql-connector-java-8.0.18.jar;E:\gradle\caches\modules-2\files-2.1\com.baomidou\mybatis-plus-boot-starter\3.2.0\b9459d99c7ace222dd96476d218b11efa3b2e625\
Launcher Type: SUN_STANDARD

Environment Variables:
JAVA_HOME=D:\Program Files\jdk
CLASSPATH=.;D:\Program Files\jdk\lib\dt.jar;D:\Program Files\jdk\lib\tools.jar
PATH=C:\Program Files (x86)\Intel\iCLS Client\;C:\Program Files\Intel\iCLS Client\;C:\Program Files (x86)\NVIDIA Corporation\PhysX\Common;C:\WINDOWS\system32;C:\WINDOWS;C:\WINDOWS\System32\Wbem;C:\WINDOWS\System32\WindowsPowerShell\v1.0\;C:\Program Files\Intel\Intel(R) Management Engine Components\DAL;C:\Program Files (x86)\Intel\Intel(R) Management Engine Components\DAL;C:\Program Files\Intel\Intel(R) Management Engine Components\IPT;C:\Program Files (x86)\Intel\Intel(R) Management Engine Components\IPT;D:\Program Files\jdk\bin;D:\Program Files\jdk\jre\bin;D:\Program Files\Git\cmd;C:\Program Files\TortoiseGit\bin;D:\apache-tomcat-7.0.63\lib;D:\apache-tomcat-7.0.63\bin;D:\sqlite;E:\adt\sdk\platform-tools;E:\adt\sdk\tools;D:\Program Files\apache-maven-3.6.1-bin\apache-maven-3.6.1\bin;C:\gradle\bin;C:\Program Files\MySQL\MySQL Server 5.7\bin;D:\Program Files\apache-maven-3.6.1-bin\apache-maven-3.6.1\bin;D:\Program Files\nodejs\;C:\Users\asus\AppData\Roaming\npm
USERNAME=asus
OS=Windows_NT
PROCESSOR_IDENTIFIER=Intel64 Family 6 Model 61 Stepping 4, GenuineIntel



---------------  S Y S T E M  ---------------

OS: Windows 8.1 , 64 bit Build 9600 (6.3.9600.17415)

CPU:total 4 (2 cores per cpu, 2 threads per core) family 6 model 61 stepping 4, cmov, cx8, fxsr, mmx, sse, sse2, sse3, ssse3, sse4.1, sse4.2, popcnt, avx, avx2, aes, clmul, erms, 3dnowpref, lzcnt, ht, tsc, tscinvbit, bmi1, bmi2, adx

Memory: 4k page, physical 12482980k(5073388k free), swap 15432100k(6761420k free)

vm_info: Java HotSpot(TM) Client VM (25.65-b01) for windows-x86 JRE (1.8.0_65-b17), built on Oct  6 2015 17:26:22 by "java_re" with MS VC++ 10.0 (VS2010)

time: Sat Aug 01 22:03:08 2020
elapsed time: 175 seconds (0d 0h 2m 55s)

