#
# A fatal error has been detected by the Java Runtime Environment:
#
#  EXCEPTION_ACCESS_VIOLATION (0xc0000005) at pc=0x76f49ef4, pid=15608, tid=12492
#
# JRE version: Java(TM) SE Runtime Environment (8.0_65-b17) (build 1.8.0_65-b17)
# Java VM: Java HotSpot(TM) Client VM (25.65-b01 mixed mode windows-x86 )
# Problematic frame:
# C  [ntdll.dll+0x49ef4]
#
# Failed to write core dump. Minidumps are not enabled by default on client versions of Windows
#
# If you would like to submit a bug report, please visit:
#   http://bugreport.java.com/bugreport/crash.jsp
# The crash happened outside the Java Virtual Machine in native code.
# See problematic frame for where to report the bug.
#

---------------  T H R E A D  ---------------

Current thread (0x170c0800):  JavaThread "File Watcher" daemon [_thread_in_native, id=12492, stack(0x18790000,0x187e0000)]

siginfo: ExceptionCode=0xc0000005, writing address 0x000000b8

Registers:
EAX=0x00000000, EBX=0x00000000, ECX=0x0000005c, EDX=0x0000006e
ESP=0x187df218, EBP=0x187df238, ESI=0x000000e8, EDI=0x000000dc
EIP=0x76f49ef4, EFLAGS=0x00010246

Top of Stack: (sp=0x187df218)
0x187df218:   0000006e 187df2f8 187df350 000000e8
0x187df228:   00de00dc 174d9218 00000000 00000000
0x187df238:   187df2d8 76f49d87 df047f77 00000000
0x187df248:   187df328 187df320 174d8038 00000002
0x187df258:   00280000 187df34c 00000009 0000006e
0x187df268:   174d8034 00000009 00000012 000000dc
0x187df278:   00000020 00000000 00281808 187df2f8
0x187df288:   187df314 76f40ea9 00000000 00000000 

Instructions: (pc=0x76f49ef4)
0x76f49ed4:   8b 75 b4 80 7d c7 00 74 10 3b ce 76 0c 66 83 7c
0x76f49ee4:   4b fe 5c 75 04 49 89 4d a4 3b 4d 94 73 09 33 c0
0x76f49ef4:   66 89 04 4b 8d 24 24 85 c9 74 16 49 89 4d a4 0f
0x76f49f04:   b7 04 4b 83 f8 20 74 e6 83 f8 2e 74 e1 41 89 4d 


Register to memory mapping:

EAX=0x00000000 is an unknown value
EBX=0x00000000 is an unknown value
ECX=0x0000005c is an unknown value
EDX=0x0000006e is an unknown value
ESP=0x187df218 is pointing into the stack for thread: 0x170c0800
EBP=0x187df238 is pointing into the stack for thread: 0x170c0800
ESI=0x000000e8 is an unknown value
EDI=0x000000dc is an unknown value


Stack: [0x18790000,0x187e0000],  sp=0x187df218,  free space=316k
Native frames: (J=compiled Java code, j=interpreted, Vv=VM code, C=native code)
C  [ntdll.dll+0x49ef4]
C  [ntdll.dll+0x49d87]
C  [ntdll.dll+0x66070]
C  [KERNELBASE.dll+0x1802f]
C  [java.dll+0x7fd4]
C  [java.dll+0x80cd]
J 4113 C1 java.io.File.isFile()Z (43 bytes) @ 0x027891e0 [0x02789160+0x80]
J 2654 C1 org.springframework.boot.devtools.filewatch.FolderSnapshot.collectFiles(Ljava/io/File;Ljava/util/Set;)V (99 bytes) @ 0x02a39d50 [0x02a39cb0+0xa0]
J 2654 C1 org.springframework.boot.devtools.filewatch.FolderSnapshot.collectFiles(Ljava/io/File;Ljava/util/Set;)V (99 bytes) @ 0x02a39dd4 [0x02a39cb0+0x124]
J 2654 C1 org.springframework.boot.devtools.filewatch.FolderSnapshot.collectFiles(Ljava/io/File;Ljava/util/Set;)V (99 bytes) @ 0x02a39dd4 [0x02a39cb0+0x124]
J 2654 C1 org.springframework.boot.devtools.filewatch.FolderSnapshot.collectFiles(Ljava/io/File;Ljava/util/Set;)V (99 bytes) @ 0x02a39dd4 [0x02a39cb0+0x124]
J 2654 C1 org.springframework.boot.devtools.filewatch.FolderSnapshot.collectFiles(Ljava/io/File;Ljava/util/Set;)V (99 bytes) @ 0x02a39dd4 [0x02a39cb0+0x124]
J 2654 C1 org.springframework.boot.devtools.filewatch.FolderSnapshot.collectFiles(Ljava/io/File;Ljava/util/Set;)V (99 bytes) @ 0x02a39dd4 [0x02a39cb0+0x124]
J 4216 C1 org.springframework.boot.devtools.filewatch.FolderSnapshot.<init>(Ljava/io/File;)V (88 bytes) @ 0x026d1150 [0x026d0e70+0x2e0]
J 3494 C1 org.springframework.boot.devtools.filewatch.FileSystemWatcher$Watcher.getCurrentSnapshots()Ljava/util/Map; (63 bytes) @ 0x0283dc44 [0x0283db40+0x104]
j  org.springframework.boot.devtools.filewatch.FileSystemWatcher$Watcher.scan()V+20
j  org.springframework.boot.devtools.filewatch.FileSystemWatcher$Watcher.run()V+30
j  java.lang.Thread.run()V+11
v  ~StubRoutines::call_stub
V  [jvm.dll+0x158985]
V  [jvm.dll+0x21df3e]
V  [jvm.dll+0x158a1e]
V  [jvm.dll+0x158ba6]
V  [jvm.dll+0x158c17]
V  [jvm.dll+0xfd45f]
V  [jvm.dll+0x17bddc]
V  [jvm.dll+0x17beca]
V  [jvm.dll+0x1c0466]
C  [msvcr100.dll+0x5c556]
C  [msvcr100.dll+0x5c600]
C  [KERNEL32.DLL+0x17c04]
C  [ntdll.dll+0x5ab8f]
C  [ntdll.dll+0x5ab5a]
C  0x00000000

Java frames: (J=compiled Java code, j=interpreted, Vv=VM code)
J 390  java.io.WinNTFileSystem.getBooleanAttributes(Ljava/io/File;)I (0 bytes) @ 0x02716be6 [0x02716b90+0x56]
J 4113 C1 java.io.File.isFile()Z (43 bytes) @ 0x027891e0 [0x02789160+0x80]
J 2654 C1 org.springframework.boot.devtools.filewatch.FolderSnapshot.collectFiles(Ljava/io/File;Ljava/util/Set;)V (99 bytes) @ 0x02a39d50 [0x02a39cb0+0xa0]
J 2654 C1 org.springframework.boot.devtools.filewatch.FolderSnapshot.collectFiles(Ljava/io/File;Ljava/util/Set;)V (99 bytes) @ 0x02a39dd4 [0x02a39cb0+0x124]
J 2654 C1 org.springframework.boot.devtools.filewatch.FolderSnapshot.collectFiles(Ljava/io/File;Ljava/util/Set;)V (99 bytes) @ 0x02a39dd4 [0x02a39cb0+0x124]
J 2654 C1 org.springframework.boot.devtools.filewatch.FolderSnapshot.collectFiles(Ljava/io/File;Ljava/util/Set;)V (99 bytes) @ 0x02a39dd4 [0x02a39cb0+0x124]
J 2654 C1 org.springframework.boot.devtools.filewatch.FolderSnapshot.collectFiles(Ljava/io/File;Ljava/util/Set;)V (99 bytes) @ 0x02a39dd4 [0x02a39cb0+0x124]
J 2654 C1 org.springframework.boot.devtools.filewatch.FolderSnapshot.collectFiles(Ljava/io/File;Ljava/util/Set;)V (99 bytes) @ 0x02a39dd4 [0x02a39cb0+0x124]
J 4216 C1 org.springframework.boot.devtools.filewatch.FolderSnapshot.<init>(Ljava/io/File;)V (88 bytes) @ 0x026d1150 [0x026d0e70+0x2e0]
J 3494 C1 org.springframework.boot.devtools.filewatch.FileSystemWatcher$Watcher.getCurrentSnapshots()Ljava/util/Map; (63 bytes) @ 0x0283dc44 [0x0283db40+0x104]
j  org.springframework.boot.devtools.filewatch.FileSystemWatcher$Watcher.scan()V+20
j  org.springframework.boot.devtools.filewatch.FileSystemWatcher$Watcher.run()V+30
j  java.lang.Thread.run()V+11
v  ~StubRoutines::call_stub

---------------  P R O C E S S  ---------------

Java Threads: ( => current thread )
  0x16e96400 JavaThread "MyHikariCP housekeeper" daemon [_thread_blocked, id=17904, stack(0x19200000,0x19250000)]
  0x16e92800 JavaThread "DestroyJavaVM" [_thread_blocked, id=5928, stack(0x00750000,0x007a0000)]
  0x16e96000 JavaThread "http-nio-8090-Acceptor" daemon [_thread_in_native, id=7084, stack(0x19070000,0x190c0000)]
  0x16e95800 JavaThread "http-nio-8090-ClientPoller" daemon [_thread_in_native, id=4516, stack(0x18fe0000,0x19030000)]
  0x16e91c00 JavaThread "http-nio-8090-exec-10" daemon [_thread_blocked, id=17292, stack(0x18f50000,0x18fa0000)]
  0x16e95400 JavaThread "http-nio-8090-exec-9" daemon [_thread_blocked, id=17600, stack(0x18ec0000,0x18f10000)]
  0x16e93400 JavaThread "http-nio-8090-exec-8" daemon [_thread_blocked, id=17948, stack(0x18d30000,0x18d80000)]
  0x16e92000 JavaThread "http-nio-8090-exec-7" daemon [_thread_blocked, id=12504, stack(0x18ca0000,0x18cf0000)]
  0x170be400 JavaThread "http-nio-8090-exec-6" daemon [_thread_blocked, id=15528, stack(0x18c10000,0x18c60000)]
  0x170c1000 JavaThread "http-nio-8090-exec-5" daemon [_thread_blocked, id=17376, stack(0x18b80000,0x18bd0000)]
  0x170bfc00 JavaThread "http-nio-8090-exec-4" daemon [_thread_blocked, id=13660, stack(0x18af0000,0x18b40000)]
  0x170bf400 JavaThread "http-nio-8090-exec-3" daemon [_thread_blocked, id=18208, stack(0x18a60000,0x18ab0000)]
  0x170be800 JavaThread "http-nio-8090-exec-2" daemon [_thread_blocked, id=3124, stack(0x189d0000,0x18a20000)]
  0x170bf000 JavaThread "http-nio-8090-exec-1" daemon [_thread_blocked, id=17768, stack(0x18940000,0x18990000)]
  0x170c0000 JavaThread "http-nio-8090-BlockPoller" daemon [_thread_in_native, id=5260, stack(0x18820000,0x18870000)]
  0x170c1c00 JavaThread "Live Reload Server" daemon [_thread_in_native, id=9672, stack(0x188b0000,0x18900000)]
=>0x170c0800 JavaThread "File Watcher" daemon [_thread_in_native, id=12492, stack(0x18790000,0x187e0000)]
  0x170c1400 JavaThread "container-0" [_thread_blocked, id=14444, stack(0x18400000,0x18450000)]
  0x170bdc00 JavaThread "Catalina-utility-2" [_thread_blocked, id=7840, stack(0x18370000,0x183c0000)]
  0x170bc000 JavaThread "Catalina-utility-1" [_thread_blocked, id=15908, stack(0x182e0000,0x18330000)]
  0x16f59c00 JavaThread "mysql-cj-abandoned-connection-cleanup" daemon [_thread_blocked, id=2068, stack(0x161d0000,0x16220000)]
  0x15065000 JavaThread "RMI TCP Accept-0" daemon [_thread_in_native, id=17684, stack(0x15430000,0x15480000)]
  0x14f31400 JavaThread "Service Thread" daemon [_thread_blocked, id=2820, stack(0x152a0000,0x152f0000)]
  0x14eda800 JavaThread "C1 CompilerThread0" daemon [_thread_blocked, id=12596, stack(0x15210000,0x15260000)]
  0x14e3d000 JavaThread "Monitor Ctrl-Break" daemon [_thread_in_native, id=6204, stack(0x15180000,0x151d0000)]
  0x14a9c400 JavaThread "Attach Listener" daemon [_thread_blocked, id=16972, stack(0x14cf0000,0x14d40000)]
  0x14a9bc00 JavaThread "Signal Dispatcher" daemon [_thread_blocked, id=10176, stack(0x14c60000,0x14cb0000)]
  0x14a6c800 JavaThread "Finalizer" daemon [_thread_blocked, id=15476, stack(0x010b0000,0x01100000)]
  0x14a67800 JavaThread "Reference Handler" daemon [_thread_blocked, id=16928, stack(0x01020000,0x01070000)]

Other Threads:
  0x14a63000 VMThread [stack: 0x00e10000,0x00e60000] [id=11780]
  0x1508dc00 WatcherThread [stack: 0x154c0000,0x15510000] [id=6284]

VM state:not at safepoint (normal execution)

VM Mutex/Monitor currently owned by a thread: None

Heap:
 def new generation   total 15424K, used 2267K [0x04600000, 0x056b0000, 0x09b50000)
  eden space 13760K,  13% used [0x04600000, 0x047d8058, 0x05370000)
  from space 1664K,  22% used [0x05370000, 0x053ceee0, 0x05510000)
  to   space 1664K,   0% used [0x05510000, 0x05510000, 0x056b0000)
 tenured generation   total 34120K, used 25273K [0x09b50000, 0x0bca2000, 0x14600000)
   the space 34120K,  74% used [0x09b50000, 0x0b3fe5a8, 0x0b3fe600, 0x0bca2000)
 Metaspace       used 31555K, capacity 33092K, committed 33152K, reserved 33152K

Card table byte_map: [0x00ef0000,0x00f80000] byte_map_base: 0x00ecd000

Polling page: 0x00290000

CodeCache: size=32768Kb used=2831Kb max_used=4594Kb free=29936Kb
 bounds [0x025f0000, 0x02a80000, 0x045f0000]
 total_blobs=1563 nmethods=1345 adapters=147
 compilation: enabled

Compilation events (10 events):
Event: 1400.339 Thread 0x14eda800 4215             java.io.File::hashCode (8 bytes)
Event: 1400.340 Thread 0x14eda800 nmethod 4215 0x02748f88 code [0x027490a0, 0x02749168]
Event: 1450.353 Thread 0x14eda800 4216             org.springframework.boot.devtools.filewatch.FolderSnapshot::<init> (88 bytes)
Event: 1450.354 Thread 0x14eda800 nmethod 4216 0x026d0cc8 code [0x026d0e70, 0x026d138c]
Event: 1459.837 Thread 0x14eda800 4217             java.util.LinkedHashMap$LinkedHashIterator::nextNode (54 bytes)
Event: 1459.838 Thread 0x14eda800 nmethod 4217 0x02a22688 code [0x02a227a0, 0x02a22928]
Event: 1468.916 Thread 0x14eda800 4218             java.util.Collections$UnmodifiableCollection::size (10 bytes)
Event: 1468.917 Thread 0x14eda800 nmethod 4218 0x029ab408 code [0x029ab510, 0x029ab5ac]
Event: 1519.291 Thread 0x14eda800 4219             java.util.concurrent.atomic.AtomicInteger::get (5 bytes)
Event: 1519.291 Thread 0x14eda800 nmethod 4219 0x026b32c8 code [0x026b33c0, 0x026b3440]

GC Heap History (10 events):
Event: 1210.708 GC heap before
{Heap before GC invocations=134 (full 4):
 def new generation   total 15424K, used 14261K [0x04600000, 0x056b0000, 0x09b50000)
  eden space 13760K, 100% used [0x04600000, 0x05370000, 0x05370000)
  from space 1664K,  30% used [0x05510000, 0x0558d468, 0x056b0000)
  to   space 1664K,   0% used [0x05370000, 0x05370000, 0x05510000)
 tenured generation   total 34120K, used 25143K [0x09b50000, 0x0bca2000, 0x14600000)
   the space 34120K,  73% used [0x09b50000, 0x0b3ddd18, 0x0b3dde00, 0x0bca2000)
 Metaspace       used 31555K, capacity 33092K, committed 33152K, reserved 33152K
Event: 1210.713 GC heap after
Heap after GC invocations=135 (full 4):
 def new generation   total 15424K, used 574K [0x04600000, 0x056b0000, 0x09b50000)
  eden space 13760K,   0% used [0x04600000, 0x04600000, 0x05370000)
  from space 1664K,  34% used [0x05370000, 0x053ffb10, 0x05510000)
  to   space 1664K,   0% used [0x05510000, 0x05510000, 0x056b0000)
 tenured generation   total 34120K, used 25156K [0x09b50000, 0x0bca2000, 0x14600000)
   the space 34120K,  73% used [0x09b50000, 0x0b3e1348, 0x0b3e1400, 0x0bca2000)
 Metaspace       used 31555K, capacity 33092K, committed 33152K, reserved 33152K
}
Event: 1266.111 GC heap before
{Heap before GC invocations=135 (full 4):
 def new generation   total 15424K, used 14334K [0x04600000, 0x056b0000, 0x09b50000)
  eden space 13760K, 100% used [0x04600000, 0x05370000, 0x05370000)
  from space 1664K,  34% used [0x05370000, 0x053ffb10, 0x05510000)
  to   space 1664K,   0% used [0x05510000, 0x05510000, 0x056b0000)
 tenured generation   total 34120K, used 25156K [0x09b50000, 0x0bca2000, 0x14600000)
   the space 34120K,  73% used [0x09b50000, 0x0b3e1348, 0x0b3e1400, 0x0bca2000)
 Metaspace       used 31555K, capacity 33092K, committed 33152K, reserved 33152K
Event: 1266.115 GC heap after
Heap after GC invocations=136 (full 4):
 def new generation   total 15424K, used 492K [0x04600000, 0x056b0000, 0x09b50000)
  eden space 13760K,   0% used [0x04600000, 0x04600000, 0x05370000)
  from space 1664K,  29% used [0x05510000, 0x0558b120, 0x056b0000)
  to   space 1664K,   0% used [0x05370000, 0x05370000, 0x05510000)
 tenured generation   total 34120K, used 25208K [0x09b50000, 0x0bca2000, 0x14600000)
   the space 34120K,  73% used [0x09b50000, 0x0b3ee3a0, 0x0b3ee400, 0x0bca2000)
 Metaspace       used 31555K, capacity 33092K, committed 33152K, reserved 33152K
}
Event: 1333.370 GC heap before
{Heap before GC invocations=136 (full 4):
 def new generation   total 15424K, used 14252K [0x04600000, 0x056b0000, 0x09b50000)
  eden space 13760K, 100% used [0x04600000, 0x05370000, 0x05370000)
  from space 1664K,  29% used [0x05510000, 0x0558b120, 0x056b0000)
  to   space 1664K,   0% used [0x05370000, 0x05370000, 0x05510000)
 tenured generation   total 34120K, used 25208K [0x09b50000, 0x0bca2000, 0x14600000)
   the space 34120K,  73% used [0x09b50000, 0x0b3ee3a0, 0x0b3ee400, 0x0bca2000)
 Metaspace       used 31555K, capacity 33092K, committed 33152K, reserved 33152K
Event: 1333.374 GC heap after
Heap after GC invocations=137 (full 4):
 def new generation   total 15424K, used 487K [0x04600000, 0x056b0000, 0x09b50000)
  eden space 13760K,   0% used [0x04600000, 0x04600000, 0x05370000)
  from space 1664K,  29% used [0x05370000, 0x053e9fd8, 0x05510000)
  to   space 1664K,   0% used [0x05510000, 0x05510000, 0x056b0000)
 tenured generation   total 34120K, used 25214K [0x09b50000, 0x0bca2000, 0x14600000)
   the space 34120K,  73% used [0x09b50000, 0x0b3efba8, 0x0b3efc00, 0x0bca2000)
 Metaspace       used 31555K, capacity 33092K, committed 33152K, reserved 33152K
}
Event: 1424.290 GC heap before
{Heap before GC invocations=137 (full 4):
 def new generation   total 15424K, used 14247K [0x04600000, 0x056b0000, 0x09b50000)
  eden space 13760K, 100% used [0x04600000, 0x05370000, 0x05370000)
  from space 1664K,  29% used [0x05370000, 0x053e9fd8, 0x05510000)
  to   space 1664K,   0% used [0x05510000, 0x05510000, 0x056b0000)
 tenured generation   total 34120K, used 25214K [0x09b50000, 0x0bca2000, 0x14600000)
   the space 34120K,  73% used [0x09b50000, 0x0b3efba8, 0x0b3efc00, 0x0bca2000)
 Metaspace       used 31555K, capacity 33092K, committed 33152K, reserved 33152K
Event: 1424.298 GC heap after
Heap after GC invocations=138 (full 4):
 def new generation   total 15424K, used 426K [0x04600000, 0x056b0000, 0x09b50000)
  eden space 13760K,   0% used [0x04600000, 0x04600000, 0x05370000)
  from space 1664K,  25% used [0x05510000, 0x0557a9c0, 0x056b0000)
  to   space 1664K,   0% used [0x05370000, 0x05370000, 0x05510000)
 tenured generation   total 34120K, used 25249K [0x09b50000, 0x0bca2000, 0x14600000)
   the space 34120K,  74% used [0x09b50000, 0x0b3f8410, 0x0b3f8600, 0x0bca2000)
 Metaspace       used 31555K, capacity 33092K, committed 33152K, reserved 33152K
}
Event: 1515.890 GC heap before
{Heap before GC invocations=138 (full 4):
 def new generation   total 15424K, used 14186K [0x04600000, 0x056b0000, 0x09b50000)
  eden space 13760K, 100% used [0x04600000, 0x05370000, 0x05370000)
  from space 1664K,  25% used [0x05510000, 0x0557a9c0, 0x056b0000)
  to   space 1664K,   0% used [0x05370000, 0x05370000, 0x05510000)
 tenured generation   total 34120K, used 25249K [0x09b50000, 0x0bca2000, 0x14600000)
   the space 34120K,  74% used [0x09b50000, 0x0b3f8410, 0x0b3f8600, 0x0bca2000)
 Metaspace       used 31555K, capacity 33092K, committed 33152K, reserved 33152K
Event: 1515.894 GC heap after
Heap after GC invocations=139 (full 4):
 def new generation   total 15424K, used 379K [0x04600000, 0x056b0000, 0x09b50000)
  eden space 13760K,   0% used [0x04600000, 0x04600000, 0x05370000)
  from space 1664K,  22% used [0x05370000, 0x053ceee0, 0x05510000)
  to   space 1664K,   0% used [0x05510000, 0x05510000, 0x056b0000)
 tenured generation   total 34120K, used 25273K [0x09b50000, 0x0bca2000, 0x14600000)
   the space 34120K,  74% used [0x09b50000, 0x0b3fe5a8, 0x0b3fe600, 0x0bca2000)
 Metaspace       used 31555K, capacity 33092K, committed 33152K, reserved 33152K
}

Deoptimization events (0 events):
No events

Internal exceptions (10 events):
Event: 1050.738 Thread 0x170bfc00 Exception <a 'java/lang/ArrayIndexOutOfBoundsException'> (0x0466a440) thrown at [C:\re\workspace\8-2-build-windows-i586-cygwin\jdk8u65\4987\hotspot\src\share\vm\runtime\sharedRuntime.cpp, line 605]
Event: 1050.826 Thread 0x170bfc00 Exception <a 'java/lang/ArrayIndexOutOfBoundsException'> (0x046bd8c0) thrown at [C:\re\workspace\8-2-build-windows-i586-cygwin\jdk8u65\4987\hotspot\src\share\vm\runtime\sharedRuntime.cpp, line 605]
Event: 1050.830 Thread 0x170bfc00 Exception <a 'java/lang/ArrayIndexOutOfBoundsException'> (0x04716ba0) thrown at [C:\re\workspace\8-2-build-windows-i586-cygwin\jdk8u65\4987\hotspot\src\share\vm\runtime\sharedRuntime.cpp, line 605]
Event: 1050.836 Thread 0x170bfc00 Exception <a 'java/lang/ArrayIndexOutOfBoundsException'> (0x0479aa78) thrown at [C:\re\workspace\8-2-build-windows-i586-cygwin\jdk8u65\4987\hotspot\src\share\vm\runtime\sharedRuntime.cpp, line 605]
Event: 1167.740 Thread 0x170c1000 Exception <a 'java/lang/ArrayIndexOutOfBoundsException'> (0x052a8c18) thrown at [C:\re\workspace\8-2-build-windows-i586-cygwin\jdk8u65\4987\hotspot\src\share\vm\runtime\sharedRuntime.cpp, line 605]
Event: 1202.984 Thread 0x170be800 Exception <a 'java/lang/ClassNotFoundException': java/lang/ObjectCustomizer> (0x04e35690) thrown at [C:\re\workspace\8-2-build-windows-i586-cygwin\jdk8u65\4987\hotspot\src\share\vm\classfile\systemDictionary.cpp, line 210]
Event: 1202.984 Thread 0x170be800 Exception <a 'java/lang/ArrayIndexOutOfBoundsException': 22> (0x04e388e0) thrown at [C:\re\workspace\8-2-build-windows-i586-cygwin\jdk8u65\4987\hotspot\src\share\vm\interpreter\interpreterRuntime.cpp, line 366]
Event: 1202.985 Thread 0x170be800 Exception <a 'java/lang/ClassNotFoundException': com/qsz/bmss/model/FormMenuCustomizer> (0x04e52220) thrown at [C:\re\workspace\8-2-build-windows-i586-cygwin\jdk8u65\4987\hotspot\src\share\vm\classfile\systemDictionary.cpp, line 210]
Event: 1202.987 Thread 0x170be800 Exception <a 'java/lang/ArrayIndexOutOfBoundsException': 27> (0x04e66a70) thrown at [C:\re\workspace\8-2-build-windows-i586-cygwin\jdk8u65\4987\hotspot\src\share\vm\interpreter\interpreterRuntime.cpp, line 366]
Event: 1202.989 Thread 0x170be800 Exception <a 'java/lang/ArrayIndexOutOfBoundsException': 6> (0x04e74b90) thrown at [C:\re\workspace\8-2-build-windows-i586-cygwin\jdk8u65\4987\hotspot\src\share\vm\interpreter\interpreterRuntime.cpp, line 366]

Events (10 events):
Event: 1468.917 Thread 0x14eda800 flushing nmethod 0x0274df08
Event: 1468.917 Thread 0x14eda800 flushing nmethod 0x0274ffc8
Event: 1468.917 Thread 0x14eda800 flushing nmethod 0x02751088
Event: 1468.917 Thread 0x14eda800 flushing nmethod 0x027515c8
Event: 1468.917 Thread 0x14eda800 flushing nmethod 0x02751908
Event: 1468.917 Thread 0x14eda800 flushing nmethod 0x02751b88
Event: 1468.917 Thread 0x14eda800 flushing nmethod 0x02751d48
Event: 1515.890 Executing VM operation: GenCollectForAllocation
Event: 1515.894 Executing VM operation: GenCollectForAllocation done
Event: 1519.291 Thread 0x14eda800 flushing nmethod 0x027576c8


Dynamic libraries:
0x011b0000 - 0x011e3000 	D:\Program Files\jdk\bin\java.exe
0x76f00000 - 0x7706f000 	C:\WINDOWS\SYSTEM32\ntdll.dll
0x74c50000 - 0x74d90000 	C:\WINDOWS\SYSTEM32\KERNEL32.DLL
0x75050000 - 0x75127000 	C:\WINDOWS\SYSTEM32\KERNELBASE.dll
0x73900000 - 0x739a0000 	C:\WINDOWS\system32\apphelp.dll
0x5d450000 - 0x5d6b6000 	C:\WINDOWS\AppPatch\AcGenral.DLL
0x74ad0000 - 0x74b93000 	C:\WINDOWS\SYSTEM32\msvcrt.dll
0x76850000 - 0x76891000 	C:\WINDOWS\SYSTEM32\sechost.dll
0x76bc0000 - 0x76bde000 	C:\WINDOWS\SYSTEM32\SspiCli.dll
0x74e80000 - 0x74ec5000 	C:\WINDOWS\SYSTEM32\SHLWAPI.dll
0x71ff0000 - 0x720dd000 	C:\WINDOWS\SYSTEM32\UxTheme.dll
0x76a60000 - 0x76bb3000 	C:\WINDOWS\SYSTEM32\USER32.dll
0x75140000 - 0x7524f000 	C:\WINDOWS\SYSTEM32\GDI32.dll
0x74360000 - 0x74383000 	C:\WINDOWS\SYSTEM32\WINMM.dll
0x5f5d0000 - 0x5f5e3000 	C:\WINDOWS\SYSTEM32\samcli.dll
0x76d00000 - 0x76e29000 	C:\WINDOWS\SYSTEM32\ole32.dll
0x74dd0000 - 0x74e65000 	C:\WINDOWS\SYSTEM32\OLEAUT32.dll
0x6d7d0000 - 0x6d7e7000 	C:\WINDOWS\SYSTEM32\MSACM32.dll
0x73da0000 - 0x73da8000 	C:\WINDOWS\SYSTEM32\VERSION.dll
0x75250000 - 0x7650c000 	C:\WINDOWS\SYSTEM32\SHELL32.dll
0x744d0000 - 0x744eb000 	C:\WINDOWS\SYSTEM32\USERENV.dll
0x71fd0000 - 0x71fea000 	C:\WINDOWS\SYSTEM32\dwmapi.dll
0x74130000 - 0x7427b000 	C:\WINDOWS\SYSTEM32\urlmon.dll
0x76680000 - 0x766fc000 	C:\WINDOWS\SYSTEM32\ADVAPI32.dll
0x72e70000 - 0x72ed5000 	C:\WINDOWS\SYSTEM32\WINSPOOL.DRV
0x71d20000 - 0x71d36000 	C:\WINDOWS\SYSTEM32\MPR.dll
0x747e0000 - 0x7489a000 	C:\WINDOWS\SYSTEM32\RPCRT4.dll
0x746e0000 - 0x746ea000 	C:\WINDOWS\SYSTEM32\CRYPTBASE.dll
0x74ed0000 - 0x7504d000 	C:\WINDOWS\SYSTEM32\combase.dll
0x73d50000 - 0x73d73000 	C:\WINDOWS\SYSTEM32\WINMMBASE.dll
0x744c0000 - 0x744cf000 	C:\WINDOWS\SYSTEM32\profapi.dll
0x73b10000 - 0x73d44000 	C:\WINDOWS\SYSTEM32\iertutil.dll
0x73db0000 - 0x73fbd000 	C:\WINDOWS\SYSTEM32\WININET.dll
0x74680000 - 0x746d4000 	C:\WINDOWS\SYSTEM32\bcryptPrimitives.dll
0x74770000 - 0x747ac000 	C:\WINDOWS\SYSTEM32\cfgmgr32.dll
0x73ad0000 - 0x73af1000 	C:\WINDOWS\SYSTEM32\DEVOBJ.dll
0x74430000 - 0x744bb000 	C:\WINDOWS\SYSTEM32\SHCORE.DLL
0x747b0000 - 0x747d7000 	C:\WINDOWS\system32\IMM32.DLL
0x76be0000 - 0x76cf2000 	C:\WINDOWS\SYSTEM32\MSCTF.dll
0x722e0000 - 0x724e6000 	C:\WINDOWS\WinSxS\x86_microsoft.windows.common-controls_6595b64144ccf1df_6.0.9600.17810_none_a9edf09f013934e0\COMCTL32.dll
0x5eac0000 - 0x5eb7f000 	D:\Program Files\jdk\jre\bin\msvcr100.dll
0x5d080000 - 0x5d444000 	D:\Program Files\jdk\jre\bin\client\jvm.dll
0x743d0000 - 0x743d8000 	C:\WINDOWS\SYSTEM32\WSOCK32.dll
0x74c40000 - 0x74c46000 	C:\WINDOWS\SYSTEM32\PSAPI.DLL
0x76800000 - 0x76850000 	C:\WINDOWS\SYSTEM32\WS2_32.dll
0x74e70000 - 0x74e77000 	C:\WINDOWS\SYSTEM32\NSI.dll
0x6d760000 - 0x6d76c000 	D:\Program Files\jdk\jre\bin\verify.dll
0x6d730000 - 0x6d751000 	D:\Program Files\jdk\jre\bin\java.dll
0x6d790000 - 0x6d7b0000 	D:\Program Files\jdk\jre\bin\instrument.dll
0x6d710000 - 0x6d723000 	D:\Program Files\jdk\jre\bin\zip.dll
0x6d770000 - 0x6d786000 	D:\Program Files\JetBrains\IntelliJ IDEA 2019.3.3\bin\breakgen.dll
0x6d6f0000 - 0x6d706000 	D:\Program Files\jdk\jre\bin\net.dll
0x743e0000 - 0x7442b000 	C:\WINDOWS\system32\mswsock.dll
0x730a0000 - 0x7311e000 	C:\WINDOWS\SYSTEM32\DNSAPI.dll
0x72bd0000 - 0x72bd8000 	C:\Windows\System32\rasadhlp.dll
0x72b80000 - 0x72bc6000 	C:\WINDOWS\System32\fwpuclnt.dll
0x69a80000 - 0x69a8a000 	D:\Program Files\jdk\jre\bin\management.dll
0x6d6e0000 - 0x6d6ef000 	D:\Program Files\jdk\jre\bin\nio.dll
0x72d10000 - 0x72d29000 	C:\WINDOWS\SYSTEM32\CRYPTSP.dll
0x72ce0000 - 0x72d10000 	C:\WINDOWS\system32\rsaenh.dll
0x72cc0000 - 0x72cde000 	C:\WINDOWS\SYSTEM32\bcrypt.dll
0x73d80000 - 0x73da0000 	C:\WINDOWS\SYSTEM32\IPHLPAPI.DLL
0x73b00000 - 0x73b08000 	C:\WINDOWS\SYSTEM32\WINNSI.DLL
0x72c60000 - 0x72c73000 	C:\WINDOWS\SYSTEM32\dhcpcsvc6.DLL
0x73aa0000 - 0x73ab4000 	C:\WINDOWS\SYSTEM32\dhcpcsvc.DLL
0x72c40000 - 0x72c51000 	C:\WINDOWS\system32\napinsp.dll
0x72c20000 - 0x72c36000 	C:\WINDOWS\system32\pnrpnsp.dll
0x72c00000 - 0x72c14000 	C:\WINDOWS\system32\NLAapi.dll
0x72bf0000 - 0x72bfa000 	C:\WINDOWS\System32\winrnr.dll
0x72be0000 - 0x72bf0000 	C:\WINDOWS\system32\wshbth.dll
0x5ea70000 - 0x5ea90000 	D:\Program Files\jdk\jre\bin\sunec.dll
0x5ea60000 - 0x5ea69000 	D:\Program Files\jdk\jre\bin\sunmscapi.dll
0x748a0000 - 0x74a28000 	C:\WINDOWS\SYSTEM32\CRYPT32.dll
0x74ac0000 - 0x74ace000 	C:\WINDOWS\SYSTEM32\MSASN1.dll
0x739a0000 - 0x739c8000 	C:\WINDOWS\SYSTEM32\ntmarta.dll
0x73120000 - 0x73261000 	C:\WINDOWS\SYSTEM32\dbghelp.dll

VM Arguments:
jvm_args: -XX:TieredStopAtLevel=1 -Xverify:none -Dspring.output.ansi.enabled=always -Dcom.sun.management.jmxremote -Dspring.jmx.enabled=true -Dspring.liveBeansView.mbeanDomain -Dspring.application.admin.enabled=true -javaagent:D:\Program Files\JetBrains\IntelliJ IDEA 2019.3.3\lib\idea_rt.jar=51529:D:\Program Files\JetBrains\IntelliJ IDEA 2019.3.3\bin -Dfile.encoding=UTF-8 
java_command: com.qsz.bmss.BmssApplication
java_class_path (initial): D:\Program Files\jdk\jre\lib\charsets.jar;D:\Program Files\jdk\jre\lib\deploy.jar;D:\Program Files\jdk\jre\lib\ext\access-bridge.jar;D:\Program Files\jdk\jre\lib\ext\cldrdata.jar;D:\Program Files\jdk\jre\lib\ext\dnsns.jar;D:\Program Files\jdk\jre\lib\ext\jaccess.jar;D:\Program Files\jdk\jre\lib\ext\jfxrt.jar;D:\Program Files\jdk\jre\lib\ext\localedata.jar;D:\Program Files\jdk\jre\lib\ext\nashorn.jar;D:\Program Files\jdk\jre\lib\ext\sunec.jar;D:\Program Files\jdk\jre\lib\ext\sunjce_provider.jar;D:\Program Files\jdk\jre\lib\ext\sunmscapi.jar;D:\Program Files\jdk\jre\lib\ext\sunpkcs11.jar;D:\Program Files\jdk\jre\lib\ext\zipfs.jar;D:\Program Files\jdk\jre\lib\javaws.jar;D:\Program Files\jdk\jre\lib\jce.jar;D:\Program Files\jdk\jre\lib\jfr.jar;D:\Program Files\jdk\jre\lib\jfxswt.jar;D:\Program Files\jdk\jre\lib\jsse.jar;D:\Program Files\jdk\jre\lib\management-agent.jar;D:\Program Files\jdk\jre\lib\plugin.jar;D:\Program Files\jdk\jre\lib\resources.jar;D:\Program Files\jdk\jre\lib\rt.jar;G:\QszWork\qsz-admin\bmss\build\classes\java\main;G:\QszWork\qsz-admin\bmss\build\resources\main;E:\gradle\caches\modules-2\files-2.1\org.springframework.boot\spring-boot-starter-web\2.3.1.RELEASE\555c4f90141cdbc7637145e413bca0d622ba6796\spring-boot-starter-web-2.3.1.RELEASE.jar;E:\gradle\caches\modules-2\files-2.1\com.alibaba\fastjson\1.2.62\9243497a2f1f9d40d7d1d8d852f0abdc71955532\fastjson-1.2.62.jar;E:\gradle\caches\modules-2\files-2.1\org.springframework.security\spring-security-jwt\1.0.10.RELEASE\19a1ca7a83e9d263a31af5f529da460f8f863451\spring-security-jwt-1.0.10.RELEASE.jar;E:\gradle\caches\modules-2\files-2.1\io.jsonwebtoken\jjwt\0.9.1\54d2abfc3e63a28824d35bf600d6a5d627da681a\jjwt-0.9.1.jar;E:\gradle\caches\modules-2\files-2.1\mysql\mysql-connector-java\8.0.18\e088efaa4b568bc7d9f7274b9c5ea1a00da1a45c\mysql-connector-java-8.0.18.jar;E:\gradle\caches\modules-2\files-2.1\com.baomidou\mybatis-plus-boot-starter\3.2.0\b9459d99c7ace222dd96476d218b11efa3b2e625\
Launcher Type: SUN_STANDARD

Environment Variables:
JAVA_HOME=D:\Program Files\jdk
CLASSPATH=.;D:\Program Files\jdk\lib\dt.jar;D:\Program Files\jdk\lib\tools.jar
PATH=C:\Program Files (x86)\Intel\iCLS Client\;C:\Program Files\Intel\iCLS Client\;C:\Program Files (x86)\NVIDIA Corporation\PhysX\Common;C:\WINDOWS\system32;C:\WINDOWS;C:\WINDOWS\System32\Wbem;C:\WINDOWS\System32\WindowsPowerShell\v1.0\;C:\Program Files\Intel\Intel(R) Management Engine Components\DAL;C:\Program Files (x86)\Intel\Intel(R) Management Engine Components\DAL;C:\Program Files\Intel\Intel(R) Management Engine Components\IPT;C:\Program Files (x86)\Intel\Intel(R) Management Engine Components\IPT;D:\Program Files\jdk\bin;D:\Program Files\jdk\jre\bin;D:\Program Files\Git\cmd;C:\Program Files\TortoiseGit\bin;D:\apache-tomcat-7.0.63\lib;D:\apache-tomcat-7.0.63\bin;D:\sqlite;E:\adt\sdk\platform-tools;E:\adt\sdk\tools;D:\Program Files\apache-maven-3.6.1-bin\apache-maven-3.6.1\bin;C:\gradle\bin;C:\Program Files\MySQL\MySQL Server 5.7\bin;D:\Program Files\apache-maven-3.6.1-bin\apache-maven-3.6.1\bin;D:\Program Files\nodejs\;C:\Users\asus\AppData\Roaming\npm
USERNAME=asus
OS=Windows_NT
PROCESSOR_IDENTIFIER=Intel64 Family 6 Model 61 Stepping 4, GenuineIntel



---------------  S Y S T E M  ---------------

OS: Windows 8.1 , 64 bit Build 9600 (6.3.9600.17415)

CPU:total 4 (2 cores per cpu, 2 threads per core) family 6 model 61 stepping 4, cmov, cx8, fxsr, mmx, sse, sse2, sse3, ssse3, sse4.1, sse4.2, popcnt, avx, avx2, aes, clmul, erms, 3dnowpref, lzcnt, ht, tsc, tscinvbit, bmi1, bmi2, adx

Memory: 4k page, physical 12482980k(4483460k free), swap 15432100k(5958616k free)

vm_info: Java HotSpot(TM) Client VM (25.65-b01) for windows-x86 JRE (1.8.0_65-b17), built on Oct  6 2015 17:26:22 by "java_re" with MS VC++ 10.0 (VS2010)

time: Sat Aug 01 22:43:57 2020
elapsed time: 1527 seconds (0d 0h 25m 27s)

