#
# A fatal error has been detected by the Java Runtime Environment:
#
#  EXCEPTION_ACCESS_VIOLATION (0xc0000005) at pc=0x76f49feb, pid=9892, tid=10340
#
# JRE version: Java(TM) SE Runtime Environment (8.0_65-b17) (build 1.8.0_65-b17)
# Java VM: Java HotSpot(TM) Client VM (25.65-b01 mixed mode windows-x86 )
# Problematic frame:
# C  [ntdll.dll+0x49feb]
#
# Failed to write core dump. Minidumps are not enabled by default on client versions of Windows
#
# If you would like to submit a bug report, please visit:
#   http://bugreport.java.com/bugreport/crash.jsp
# The crash happened outside the Java Virtual Machine in native code.
# See problematic frame for where to report the bug.
#

---------------  T H R E A D  ---------------

Current thread (0x17443800):  JavaThread "File Watcher" daemon [_thread_in_native, id=10340, stack(0x18b90000,0x18be0000)]

siginfo: ExceptionCode=0xc0000005, writing address 0x0f44ffca

Registers:
EAX=0x1609827e, EBX=0x00000000, ECX=0x0000005c, EDX=0x0000476e
ESP=0x18bdf538, EBP=0x18bdf558, ESI=0x160981e0, EDI=0x000000dc
EIP=0x76f49feb, EFLAGS=0x00010212

Top of Stack: (sp=0x18bdf538)
0x18bdf538:   0000006e 18bdf618 18bdf670 000000e8
0x18bdf548:   00de00dc 160981e0 00000000 00000000
0x18bdf558:   18bdf5f8 76f49d87 b20815a3 00000000
0x18bdf568:   18bdf648 14b14a48 16096880 00000002
0x18bdf578:   00650000 18bdf66c 00000009 0000006e
0x18bdf588:   1609687c 00000009 00000012 000000dc
0x18bdf598:   00000020 00000000 00651808 18bdf618
0x18bdf5a8:   18bdf634 76f40ea9 00000000 00000000 

Instructions: (pc=0x76f49feb)
0x76f49fcb:   0f 84 9b fc ff ff b8 5c 00 00 00 66 89 04 4b 41
0x76f49fdb:   89 4d a4 46 89 75 b0 e9 7b fe ff ff 8b cf 83 c0
0x76f49feb:   02 d1 e9 8d 0c 4e 3b c1 0f 83 5b fc ff ff 66 8b
0x76f49ffb:   08 66 83 c9 20 0f b7 c9 83 f9 70 74 18 83 f9 63 


Register to memory mapping:

EAX=0x1609827e is an unknown value
EBX=0x00000000 is an unknown value
ECX=0x0000005c is an unknown value
EDX=0x0000476e is an unknown value
ESP=0x18bdf538 is pointing into the stack for thread: 0x17443800
EBP=0x18bdf558 is pointing into the stack for thread: 0x17443800
ESI=0x160981e0 is an unknown value
EDI=0x000000dc is an unknown value


Stack: [0x18b90000,0x18be0000],  sp=0x18bdf538,  free space=317k
Native frames: (J=compiled Java code, j=interpreted, Vv=VM code, C=native code)
C  [ntdll.dll+0x49feb]
C  [ntdll.dll+0x49d87]
C  [ntdll.dll+0x66070]
C  [KERNELBASE.dll+0x1802f]
C  [java.dll+0x7fd4]
C  [java.dll+0x80cd]
J 2419 C1 java.io.File.isFile()Z (43 bytes) @ 0x02c1a6e0 [0x02c1a660+0x80]
J 2433 C1 org.springframework.boot.devtools.filewatch.FileSnapshot.<init>(Ljava/io/File;)V (64 bytes) @ 0x02c1d798 [0x02c1d760+0x38]
J 2427 C1 org.springframework.boot.devtools.filewatch.FolderSnapshot.collectFiles(Ljava/io/File;Ljava/util/Set;)V (99 bytes) @ 0x02c1c3e4 [0x02c1c2f0+0xf4]
J 2427 C1 org.springframework.boot.devtools.filewatch.FolderSnapshot.collectFiles(Ljava/io/File;Ljava/util/Set;)V (99 bytes) @ 0x02c1c414 [0x02c1c2f0+0x124]
J 2427 C1 org.springframework.boot.devtools.filewatch.FolderSnapshot.collectFiles(Ljava/io/File;Ljava/util/Set;)V (99 bytes) @ 0x02c1c414 [0x02c1c2f0+0x124]
J 2427 C1 org.springframework.boot.devtools.filewatch.FolderSnapshot.collectFiles(Ljava/io/File;Ljava/util/Set;)V (99 bytes) @ 0x02c1c414 [0x02c1c2f0+0x124]
J 2427 C1 org.springframework.boot.devtools.filewatch.FolderSnapshot.collectFiles(Ljava/io/File;Ljava/util/Set;)V (99 bytes) @ 0x02c1c414 [0x02c1c2f0+0x124]
J 2427 C1 org.springframework.boot.devtools.filewatch.FolderSnapshot.collectFiles(Ljava/io/File;Ljava/util/Set;)V (99 bytes) @ 0x02c1c414 [0x02c1c2f0+0x124]
J 2912 C1 org.springframework.boot.devtools.filewatch.FolderSnapshot.<init>(Ljava/io/File;)V (88 bytes) @ 0x02960c90 [0x029609b0+0x2e0]
J 2713 C1 org.springframework.boot.devtools.filewatch.FileSystemWatcher$Watcher.getCurrentSnapshots()Ljava/util/Map; (63 bytes) @ 0x029992c4 [0x029991c0+0x104]
J 2939 C1 org.springframework.boot.devtools.filewatch.FileSystemWatcher$Watcher.scan()V (63 bytes) @ 0x02a262b4 [0x02a26250+0x64]
j  org.springframework.boot.devtools.filewatch.FileSystemWatcher$Watcher.run()V+30
j  java.lang.Thread.run()V+11
v  ~StubRoutines::call_stub
V  [jvm.dll+0x158985]
V  [jvm.dll+0x21df3e]
V  [jvm.dll+0x158a1e]
V  [jvm.dll+0x158ba6]
V  [jvm.dll+0x158c17]
V  [jvm.dll+0xfd45f]
V  [jvm.dll+0x17bddc]
V  [jvm.dll+0x17beca]
V  [jvm.dll+0x1c0466]
C  [msvcr100.dll+0x5c556]
C  [msvcr100.dll+0x5c600]
C  [KERNEL32.DLL+0x17c04]
C  [ntdll.dll+0x5ab8f]
C  [ntdll.dll+0x5ab5a]
C  0x00000000

Java frames: (J=compiled Java code, j=interpreted, Vv=VM code)
J 390  java.io.WinNTFileSystem.getBooleanAttributes(Ljava/io/File;)I (0 bytes) @ 0x02947066 [0x02947010+0x56]
J 2419 C1 java.io.File.isFile()Z (43 bytes) @ 0x02c1a6e0 [0x02c1a660+0x80]
J 2433 C1 org.springframework.boot.devtools.filewatch.FileSnapshot.<init>(Ljava/io/File;)V (64 bytes) @ 0x02c1d798 [0x02c1d760+0x38]
J 2427 C1 org.springframework.boot.devtools.filewatch.FolderSnapshot.collectFiles(Ljava/io/File;Ljava/util/Set;)V (99 bytes) @ 0x02c1c3e4 [0x02c1c2f0+0xf4]
J 2427 C1 org.springframework.boot.devtools.filewatch.FolderSnapshot.collectFiles(Ljava/io/File;Ljava/util/Set;)V (99 bytes) @ 0x02c1c414 [0x02c1c2f0+0x124]
J 2427 C1 org.springframework.boot.devtools.filewatch.FolderSnapshot.collectFiles(Ljava/io/File;Ljava/util/Set;)V (99 bytes) @ 0x02c1c414 [0x02c1c2f0+0x124]
J 2427 C1 org.springframework.boot.devtools.filewatch.FolderSnapshot.collectFiles(Ljava/io/File;Ljava/util/Set;)V (99 bytes) @ 0x02c1c414 [0x02c1c2f0+0x124]
J 2427 C1 org.springframework.boot.devtools.filewatch.FolderSnapshot.collectFiles(Ljava/io/File;Ljava/util/Set;)V (99 bytes) @ 0x02c1c414 [0x02c1c2f0+0x124]
J 2427 C1 org.springframework.boot.devtools.filewatch.FolderSnapshot.collectFiles(Ljava/io/File;Ljava/util/Set;)V (99 bytes) @ 0x02c1c414 [0x02c1c2f0+0x124]
J 2912 C1 org.springframework.boot.devtools.filewatch.FolderSnapshot.<init>(Ljava/io/File;)V (88 bytes) @ 0x02960c90 [0x029609b0+0x2e0]
J 2713 C1 org.springframework.boot.devtools.filewatch.FileSystemWatcher$Watcher.getCurrentSnapshots()Ljava/util/Map; (63 bytes) @ 0x029992c4 [0x029991c0+0x104]
J 2939 C1 org.springframework.boot.devtools.filewatch.FileSystemWatcher$Watcher.scan()V (63 bytes) @ 0x02a262b4 [0x02a26250+0x64]
j  org.springframework.boot.devtools.filewatch.FileSystemWatcher$Watcher.run()V+30
j  java.lang.Thread.run()V+11
v  ~StubRoutines::call_stub

---------------  P R O C E S S  ---------------

Java Threads: ( => current thread )
  0x1759c000 JavaThread "MyHikariCP housekeeper" daemon [_thread_blocked, id=6364, stack(0x19700000,0x19750000)]
  0x1759e000 JavaThread "DestroyJavaVM" [_thread_blocked, id=6960, stack(0x006d0000,0x00720000)]
  0x1759d800 JavaThread "http-nio-8090-Acceptor" daemon [_thread_in_native, id=10148, stack(0x19470000,0x194c0000)]
  0x1759c400 JavaThread "http-nio-8090-ClientPoller" daemon [_thread_in_native, id=6400, stack(0x193e0000,0x19430000)]
  0x1759d000 JavaThread "http-nio-8090-exec-10" daemon [_thread_blocked, id=8928, stack(0x19350000,0x193a0000)]
  0x1759f800 JavaThread "http-nio-8090-exec-9" daemon [_thread_blocked, id=3456, stack(0x191c0000,0x19210000)]
  0x1759b800 JavaThread "http-nio-8090-exec-8" daemon [_thread_blocked, id=4580, stack(0x19130000,0x19180000)]
  0x1759e400 JavaThread "http-nio-8090-exec-7" daemon [_thread_blocked, id=10716, stack(0x190a0000,0x190f0000)]
  0x17445000 JavaThread "http-nio-8090-exec-6" daemon [_thread_blocked, id=4592, stack(0x19010000,0x19060000)]
  0x17444400 JavaThread "http-nio-8090-exec-5" daemon [_thread_blocked, id=10540, stack(0x18f80000,0x18fd0000)]
  0x17444c00 JavaThread "http-nio-8090-exec-4" daemon [_thread_blocked, id=7164, stack(0x18ef0000,0x18f40000)]
  0x17446400 JavaThread "http-nio-8090-exec-3" daemon [_thread_blocked, id=9816, stack(0x18e60000,0x18eb0000)]
  0x17444000 JavaThread "http-nio-8090-exec-2" daemon [_thread_blocked, id=6380, stack(0x18dd0000,0x18e20000)]
  0x17447000 JavaThread "http-nio-8090-exec-1" daemon [_thread_blocked, id=10376, stack(0x18d40000,0x18d90000)]
  0x17446000 JavaThread "http-nio-8090-BlockPoller" daemon [_thread_in_native, id=4608, stack(0x18cb0000,0x18d00000)]
  0x17446c00 JavaThread "Live Reload Server" daemon [_thread_in_native, id=3032, stack(0x18c20000,0x18c70000)]
=>0x17443800 JavaThread "File Watcher" daemon [_thread_in_native, id=10340, stack(0x18b90000,0x18be0000)]
  0x17445800 JavaThread "container-0" [_thread_blocked, id=5068, stack(0x18900000,0x18950000)]
  0x1744b000 JavaThread "Catalina-utility-2" [_thread_blocked, id=8280, stack(0x18870000,0x188c0000)]
  0x1744a800 JavaThread "Catalina-utility-1" [_thread_blocked, id=8152, stack(0x187e0000,0x18830000)]
  0x17390c00 JavaThread "mysql-cj-abandoned-connection-cleanup" daemon [_thread_blocked, id=9876, stack(0x165d0000,0x16620000)]
  0x154a0800 JavaThread "RMI TCP Accept-0" daemon [_thread_in_native, id=10604, stack(0x15830000,0x15880000)]
  0x15343800 JavaThread "Service Thread" daemon [_thread_blocked, id=10236, stack(0x156a0000,0x156f0000)]
  0x15307000 JavaThread "C1 CompilerThread0" daemon [_thread_blocked, id=10516, stack(0x15610000,0x15660000)]
  0x15304000 JavaThread "Monitor Ctrl-Break" daemon [_thread_in_native, id=4904, stack(0x15580000,0x155d0000)]
  0x14e9c800 JavaThread "Attach Listener" daemon [_thread_blocked, id=9488, stack(0x150f0000,0x15140000)]
  0x14e9bc00 JavaThread "Signal Dispatcher" daemon [_thread_blocked, id=10288, stack(0x15060000,0x150b0000)]
  0x14e6c800 JavaThread "Finalizer" daemon [_thread_blocked, id=9300, stack(0x04900000,0x04950000)]
  0x14e67c00 JavaThread "Reference Handler" daemon [_thread_blocked, id=4856, stack(0x04870000,0x048c0000)]

Other Threads:
  0x14e63400 VMThread [stack: 0x04820000,0x04870000] [id=9696]
  0x15473c00 WatcherThread [stack: 0x158c0000,0x15910000] [id=9424]

VM state:not at safepoint (normal execution)

VM Mutex/Monitor currently owned by a thread: None

Heap:
 def new generation   total 14976K, used 6151K [0x04a00000, 0x05a30000, 0x09f50000)
  eden space 13376K,  42% used [0x04a00000, 0x04f7ebb8, 0x05710000)
  from space 1600K,  32% used [0x058a0000, 0x059231d8, 0x05a30000)
  to   space 1600K,   0% used [0x05710000, 0x05710000, 0x058a0000)
 tenured generation   total 33120K, used 26482K [0x09f50000, 0x0bfa8000, 0x14a00000)
   the space 33120K,  79% used [0x09f50000, 0x0b92c898, 0x0b92ca00, 0x0bfa8000)
 Metaspace       used 30841K, capacity 32322K, committed 32384K, reserved 33152K

Card table byte_map: [0x02140000,0x021d0000] byte_map_base: 0x0211b000

Polling page: 0x00660000

CodeCache: size=32768Kb used=3256Kb max_used=4204Kb free=29511Kb
 bounds [0x02820000, 0x02c48000, 0x04820000]
 total_blobs=1918 nmethods=1697 adapters=151
 compilation: enabled

Compilation events (10 events):
Event: 1445538.794 Thread 0x15307000 2975             java.util.HashSet::size (8 bytes)
Event: 1445538.794 Thread 0x15307000 nmethod 2975 0x029e2408 code [0x029e2500, 0x029e2590]
Event: 1445797.682 Thread 0x15307000 2976             java.util.HashMap::entrySet (27 bytes)
Event: 1445797.682 Thread 0x15307000 nmethod 2976 0x028d5788 code [0x028d5880, 0x028d5970]
Event: 1445929.056 Thread 0x15307000 2977             org.apache.catalina.webresources.Cache$EvictionOrder::compare (13 bytes)
Event: 1445929.056 Thread 0x15307000 nmethod 2977 0x028d5c48 code [0x028d5d50, 0x028d5eb0]
Event: 1445929.056 Thread 0x15307000 2978             org.apache.catalina.webresources.Cache$EvictionOrder::compare (31 bytes)
Event: 1445929.057 Thread 0x15307000 nmethod 2978 0x02985e88 code [0x02985f80, 0x029860a0]
Event: 1446154.548 Thread 0x15307000 2979             com.zaxxer.hikari.util.ConcurrentBag::getCount (49 bytes)
Event: 1446154.549 Thread 0x15307000 nmethod 2979 0x029981c8 code [0x02998300, 0x02998548]

GC Heap History (10 events):
Event: 1445713.114 GC heap before
{Heap before GC invocations=130 (full 4):
 def new generation   total 14976K, used 13905K [0x04a00000, 0x05a30000, 0x09f50000)
  eden space 13376K, 100% used [0x04a00000, 0x05710000, 0x05710000)
  from space 1600K,  33% used [0x05710000, 0x05794618, 0x058a0000)
  to   space 1600K,   0% used [0x058a0000, 0x058a0000, 0x05a30000)
 tenured generation   total 33120K, used 26482K [0x09f50000, 0x0bfa8000, 0x14a00000)
   the space 33120K,  79% used [0x09f50000, 0x0b92c898, 0x0b92ca00, 0x0bfa8000)
 Metaspace       used 30841K, capacity 32322K, committed 32384K, reserved 33152K
Event: 1445713.118 GC heap after
Heap after GC invocations=131 (full 4):
 def new generation   total 14976K, used 527K [0x04a00000, 0x05a30000, 0x09f50000)
  eden space 13376K,   0% used [0x04a00000, 0x04a00000, 0x05710000)
  from space 1600K,  32% used [0x058a0000, 0x05923e98, 0x05a30000)
  to   space 1600K,   0% used [0x05710000, 0x05710000, 0x058a0000)
 tenured generation   total 33120K, used 26482K [0x09f50000, 0x0bfa8000, 0x14a00000)
   the space 33120K,  79% used [0x09f50000, 0x0b92c898, 0x0b92ca00, 0x0bfa8000)
 Metaspace       used 30841K, capacity 32322K, committed 32384K, reserved 33152K
}
Event: 1445833.579 GC heap before
{Heap before GC invocations=131 (full 4):
 def new generation   total 14976K, used 13903K [0x04a00000, 0x05a30000, 0x09f50000)
  eden space 13376K, 100% used [0x04a00000, 0x05710000, 0x05710000)
  from space 1600K,  32% used [0x058a0000, 0x05923e98, 0x05a30000)
  to   space 1600K,   0% used [0x05710000, 0x05710000, 0x058a0000)
 tenured generation   total 33120K, used 26482K [0x09f50000, 0x0bfa8000, 0x14a00000)
   the space 33120K,  79% used [0x09f50000, 0x0b92c898, 0x0b92ca00, 0x0bfa8000)
 Metaspace       used 30841K, capacity 32322K, committed 32384K, reserved 33152K
Event: 1445833.583 GC heap after
Heap after GC invocations=132 (full 4):
 def new generation   total 14976K, used 525K [0x04a00000, 0x05a30000, 0x09f50000)
  eden space 13376K,   0% used [0x04a00000, 0x04a00000, 0x05710000)
  from space 1600K,  32% used [0x05710000, 0x05793658, 0x058a0000)
  to   space 1600K,   0% used [0x058a0000, 0x058a0000, 0x05a30000)
 tenured generation   total 33120K, used 26482K [0x09f50000, 0x0bfa8000, 0x14a00000)
   the space 33120K,  79% used [0x09f50000, 0x0b92c898, 0x0b92ca00, 0x0bfa8000)
 Metaspace       used 30841K, capacity 32322K, committed 32384K, reserved 33152K
}
Event: 1445953.549 GC heap before
{Heap before GC invocations=132 (full 4):
 def new generation   total 14976K, used 13901K [0x04a00000, 0x05a30000, 0x09f50000)
  eden space 13376K, 100% used [0x04a00000, 0x05710000, 0x05710000)
  from space 1600K,  32% used [0x05710000, 0x05793658, 0x058a0000)
  to   space 1600K,   0% used [0x058a0000, 0x058a0000, 0x05a30000)
 tenured generation   total 33120K, used 26482K [0x09f50000, 0x0bfa8000, 0x14a00000)
   the space 33120K,  79% used [0x09f50000, 0x0b92c898, 0x0b92ca00, 0x0bfa8000)
 Metaspace       used 30841K, capacity 32322K, committed 32384K, reserved 33152K
Event: 1445953.553 GC heap after
Heap after GC invocations=133 (full 4):
 def new generation   total 14976K, used 525K [0x04a00000, 0x05a30000, 0x09f50000)
  eden space 13376K,   0% used [0x04a00000, 0x04a00000, 0x05710000)
  from space 1600K,  32% used [0x058a0000, 0x05923580, 0x05a30000)
  to   space 1600K,   0% used [0x05710000, 0x05710000, 0x058a0000)
 tenured generation   total 33120K, used 26482K [0x09f50000, 0x0bfa8000, 0x14a00000)
   the space 33120K,  79% used [0x09f50000, 0x0b92c898, 0x0b92ca00, 0x0bfa8000)
 Metaspace       used 30841K, capacity 32322K, committed 32384K, reserved 33152K
}
Event: 1446073.234 GC heap before
{Heap before GC invocations=133 (full 4):
 def new generation   total 14976K, used 13901K [0x04a00000, 0x05a30000, 0x09f50000)
  eden space 13376K, 100% used [0x04a00000, 0x05710000, 0x05710000)
  from space 1600K,  32% used [0x058a0000, 0x05923580, 0x05a30000)
  to   space 1600K,   0% used [0x05710000, 0x05710000, 0x058a0000)
 tenured generation   total 33120K, used 26482K [0x09f50000, 0x0bfa8000, 0x14a00000)
   the space 33120K,  79% used [0x09f50000, 0x0b92c898, 0x0b92ca00, 0x0bfa8000)
 Metaspace       used 30841K, capacity 32322K, committed 32384K, reserved 33152K
Event: 1446073.239 GC heap after
Heap after GC invocations=134 (full 4):
 def new generation   total 14976K, used 524K [0x04a00000, 0x05a30000, 0x09f50000)
  eden space 13376K,   0% used [0x04a00000, 0x04a00000, 0x05710000)
  from space 1600K,  32% used [0x05710000, 0x05793398, 0x058a0000)
  to   space 1600K,   0% used [0x058a0000, 0x058a0000, 0x05a30000)
 tenured generation   total 33120K, used 26482K [0x09f50000, 0x0bfa8000, 0x14a00000)
   the space 33120K,  79% used [0x09f50000, 0x0b92c898, 0x0b92ca00, 0x0bfa8000)
 Metaspace       used 30841K, capacity 32322K, committed 32384K, reserved 33152K
}
Event: 1446192.617 GC heap before
{Heap before GC invocations=134 (full 4):
 def new generation   total 14976K, used 13900K [0x04a00000, 0x05a30000, 0x09f50000)
  eden space 13376K, 100% used [0x04a00000, 0x05710000, 0x05710000)
  from space 1600K,  32% used [0x05710000, 0x05793398, 0x058a0000)
  to   space 1600K,   0% used [0x058a0000, 0x058a0000, 0x05a30000)
 tenured generation   total 33120K, used 26482K [0x09f50000, 0x0bfa8000, 0x14a00000)
   the space 33120K,  79% used [0x09f50000, 0x0b92c898, 0x0b92ca00, 0x0bfa8000)
 Metaspace       used 30841K, capacity 32322K, committed 32384K, reserved 33152K
Event: 1446192.621 GC heap after
Heap after GC invocations=135 (full 4):
 def new generation   total 14976K, used 524K [0x04a00000, 0x05a30000, 0x09f50000)
  eden space 13376K,   0% used [0x04a00000, 0x04a00000, 0x05710000)
  from space 1600K,  32% used [0x058a0000, 0x059231d8, 0x05a30000)
  to   space 1600K,   0% used [0x05710000, 0x05710000, 0x058a0000)
 tenured generation   total 33120K, used 26482K [0x09f50000, 0x0bfa8000, 0x14a00000)
   the space 33120K,  79% used [0x09f50000, 0x0b92c898, 0x0b92ca00, 0x0bfa8000)
 Metaspace       used 30841K, capacity 32322K, committed 32384K, reserved 33152K
}

Deoptimization events (0 events):
No events

Internal exceptions (10 events):
Event: 403.540 Thread 0x17444000 Exception <a 'java/lang/ClassNotFoundException': com/qsz/bmss/model/FormUserCustomizer> (0x04f41918) thrown at [C:\re\workspace\8-2-build-windows-i586-cygwin\jdk8u65\4987\hotspot\src\share\vm\classfile\systemDictionary.cpp, line 210]
Event: 403.680 Thread 0x17444000 Exception <a 'java/lang/ArrayIndexOutOfBoundsException'> (0x05126518) thrown at [C:\re\workspace\8-2-build-windows-i586-cygwin\jdk8u65\4987\hotspot\src\share\vm\runtime\sharedRuntime.cpp, line 605]
Event: 453.736 Thread 0x17447000 Exception <a 'java/lang/ClassNotFoundException': java/lang/ObjectCustomizer> (0x0566b460) thrown at [C:\re\workspace\8-2-build-windows-i586-cygwin\jdk8u65\4987\hotspot\src\share\vm\classfile\systemDictionary.cpp, line 210]
Event: 453.736 Thread 0x17447000 Exception <a 'java/lang/ArrayIndexOutOfBoundsException'> (0x0566e470) thrown at [C:\re\workspace\8-2-build-windows-i586-cygwin\jdk8u65\4987\hotspot\src\share\vm\runtime\sharedRuntime.cpp, line 605]
Event: 453.738 Thread 0x17447000 Exception <a 'java/lang/ClassNotFoundException': com/qsz/bmss/model/QueryParamsCustomizer> (0x056880b0) thrown at [C:\re\workspace\8-2-build-windows-i586-cygwin\jdk8u65\4987\hotspot\src\share\vm\classfile\systemDictionary.cpp, line 210]
Event: 620.575 Thread 0x17444c00 Exception <a 'java/lang/ClassNotFoundException': java/lang/ObjectCustomizer> (0x050177d0) thrown at [C:\re\workspace\8-2-build-windows-i586-cygwin\jdk8u65\4987\hotspot\src\share\vm\classfile\systemDictionary.cpp, line 210]
Event: 620.575 Thread 0x17444c00 Exception <a 'java/lang/ArrayIndexOutOfBoundsException'> (0x0501a7e0) thrown at [C:\re\workspace\8-2-build-windows-i586-cygwin\jdk8u65\4987\hotspot\src\share\vm\runtime\sharedRuntime.cpp, line 605]
Event: 620.576 Thread 0x17444c00 Exception <a 'java/lang/ClassNotFoundException': com/qsz/bmss/model/QueryParamsCustomizer> (0x05034440) thrown at [C:\re\workspace\8-2-build-windows-i586-cygwin\jdk8u65\4987\hotspot\src\share\vm\classfile\systemDictionary.cpp, line 210]
Event: 623.909 Thread 0x17444400 Exception <a 'java/lang/ClassNotFoundException': java/lang/ObjectCustomizer> (0x0514cd88) thrown at [C:\re\workspace\8-2-build-windows-i586-cygwin\jdk8u65\4987\hotspot\src\share\vm\classfile\systemDictionary.cpp, line 210]
Event: 623.912 Thread 0x17444400 Exception <a 'java/lang/ClassNotFoundException': com/qsz/bmss/model/FormUserCustomizer> (0x051677e8) thrown at [C:\re\workspace\8-2-build-windows-i586-cygwin\jdk8u65\4987\hotspot\src\share\vm\classfile\systemDictionary.cpp, line 210]

Events (10 events):
Event: 1445929.057 Thread 0x15307000 flushing nmethod 0x02aa0b48
Event: 1445929.057 Thread 0x15307000 flushing nmethod 0x02aa0d08
Event: 1445929.057 Thread 0x15307000 flushing nmethod 0x02aa3508
Event: 1445929.057 Thread 0x15307000 flushing nmethod 0x02aa36c8
Event: 1445953.548 Executing VM operation: GenCollectForAllocation
Event: 1445953.553 Executing VM operation: GenCollectForAllocation done
Event: 1446073.233 Executing VM operation: GenCollectForAllocation
Event: 1446073.239 Executing VM operation: GenCollectForAllocation done
Event: 1446192.617 Executing VM operation: GenCollectForAllocation
Event: 1446192.621 Executing VM operation: GenCollectForAllocation done


Dynamic libraries:
0x002e0000 - 0x00313000 	D:\Program Files\jdk\bin\java.exe
0x76f00000 - 0x7706f000 	C:\WINDOWS\SYSTEM32\ntdll.dll
0x74c50000 - 0x74d90000 	C:\WINDOWS\SYSTEM32\KERNEL32.DLL
0x75050000 - 0x75127000 	C:\WINDOWS\SYSTEM32\KERNELBASE.dll
0x73900000 - 0x739a0000 	C:\WINDOWS\system32\apphelp.dll
0x5e6c0000 - 0x5e926000 	C:\WINDOWS\AppPatch\AcGenral.DLL
0x74ad0000 - 0x74b93000 	C:\WINDOWS\SYSTEM32\msvcrt.dll
0x76850000 - 0x76891000 	C:\WINDOWS\SYSTEM32\sechost.dll
0x76bc0000 - 0x76bde000 	C:\WINDOWS\SYSTEM32\SspiCli.dll
0x74e80000 - 0x74ec5000 	C:\WINDOWS\SYSTEM32\SHLWAPI.dll
0x71ff0000 - 0x720dd000 	C:\WINDOWS\SYSTEM32\UxTheme.dll
0x76a60000 - 0x76bb3000 	C:\WINDOWS\SYSTEM32\USER32.dll
0x75140000 - 0x7524f000 	C:\WINDOWS\SYSTEM32\GDI32.dll
0x74360000 - 0x74383000 	C:\WINDOWS\SYSTEM32\WINMM.dll
0x5f5d0000 - 0x5f5e3000 	C:\WINDOWS\SYSTEM32\samcli.dll
0x76d00000 - 0x76e29000 	C:\WINDOWS\SYSTEM32\ole32.dll
0x74dd0000 - 0x74e65000 	C:\WINDOWS\SYSTEM32\OLEAUT32.dll
0x5eb60000 - 0x5eb77000 	C:\WINDOWS\SYSTEM32\MSACM32.dll
0x73da0000 - 0x73da8000 	C:\WINDOWS\SYSTEM32\VERSION.dll
0x75250000 - 0x7650c000 	C:\WINDOWS\SYSTEM32\SHELL32.dll
0x744d0000 - 0x744eb000 	C:\WINDOWS\SYSTEM32\USERENV.dll
0x71fd0000 - 0x71fea000 	C:\WINDOWS\SYSTEM32\dwmapi.dll
0x74130000 - 0x7427b000 	C:\WINDOWS\SYSTEM32\urlmon.dll
0x76680000 - 0x766fc000 	C:\WINDOWS\SYSTEM32\ADVAPI32.dll
0x72e70000 - 0x72ed5000 	C:\WINDOWS\SYSTEM32\WINSPOOL.DRV
0x71d20000 - 0x71d36000 	C:\WINDOWS\SYSTEM32\MPR.dll
0x747e0000 - 0x7489a000 	C:\WINDOWS\SYSTEM32\RPCRT4.dll
0x746e0000 - 0x746ea000 	C:\WINDOWS\SYSTEM32\CRYPTBASE.dll
0x74ed0000 - 0x7504d000 	C:\WINDOWS\SYSTEM32\combase.dll
0x73d50000 - 0x73d73000 	C:\WINDOWS\SYSTEM32\WINMMBASE.dll
0x744c0000 - 0x744cf000 	C:\WINDOWS\SYSTEM32\profapi.dll
0x73b10000 - 0x73d44000 	C:\WINDOWS\SYSTEM32\iertutil.dll
0x73db0000 - 0x73fbd000 	C:\WINDOWS\SYSTEM32\WININET.dll
0x74680000 - 0x746d4000 	C:\WINDOWS\SYSTEM32\bcryptPrimitives.dll
0x74770000 - 0x747ac000 	C:\WINDOWS\SYSTEM32\cfgmgr32.dll
0x73ad0000 - 0x73af1000 	C:\WINDOWS\SYSTEM32\DEVOBJ.dll
0x74430000 - 0x744bb000 	C:\WINDOWS\SYSTEM32\SHCORE.DLL
0x747b0000 - 0x747d7000 	C:\WINDOWS\system32\IMM32.DLL
0x76be0000 - 0x76cf2000 	C:\WINDOWS\SYSTEM32\MSCTF.dll
0x722e0000 - 0x724e6000 	C:\WINDOWS\WinSxS\x86_microsoft.windows.common-controls_6595b64144ccf1df_6.0.9600.17810_none_a9edf09f013934e0\COMCTL32.dll
0x5eaa0000 - 0x5eb5f000 	D:\Program Files\jdk\jre\bin\msvcr100.dll
0x5e2f0000 - 0x5e6b4000 	D:\Program Files\jdk\jre\bin\client\jvm.dll
0x743d0000 - 0x743d8000 	C:\WINDOWS\SYSTEM32\WSOCK32.dll
0x74c40000 - 0x74c46000 	C:\WINDOWS\SYSTEM32\PSAPI.DLL
0x76800000 - 0x76850000 	C:\WINDOWS\SYSTEM32\WS2_32.dll
0x74e70000 - 0x74e77000 	C:\WINDOWS\SYSTEM32\NSI.dll
0x69a80000 - 0x69a8c000 	D:\Program Files\jdk\jre\bin\verify.dll
0x5ea70000 - 0x5ea91000 	D:\Program Files\jdk\jre\bin\java.dll
0x6d7e0000 - 0x6d800000 	D:\Program Files\jdk\jre\bin\instrument.dll
0x5ea50000 - 0x5ea63000 	D:\Program Files\jdk\jre\bin\zip.dll
0x5e980000 - 0x5e996000 	D:\Program Files\JetBrains\IntelliJ IDEA 2019.3.3\bin\breakgen.dll
0x5ea30000 - 0x5ea46000 	D:\Program Files\jdk\jre\bin\net.dll
0x743e0000 - 0x7442b000 	C:\WINDOWS\system32\mswsock.dll
0x730a0000 - 0x7311e000 	C:\WINDOWS\SYSTEM32\DNSAPI.dll
0x72bd0000 - 0x72bd8000 	C:\Windows\System32\rasadhlp.dll
0x72b80000 - 0x72bc6000 	C:\WINDOWS\System32\fwpuclnt.dll
0x5e9e0000 - 0x5e9ea000 	D:\Program Files\jdk\jre\bin\management.dll
0x5ea20000 - 0x5ea2f000 	D:\Program Files\jdk\jre\bin\nio.dll
0x72d10000 - 0x72d29000 	C:\WINDOWS\SYSTEM32\CRYPTSP.dll
0x72ce0000 - 0x72d10000 	C:\WINDOWS\system32\rsaenh.dll
0x72cc0000 - 0x72cde000 	C:\WINDOWS\SYSTEM32\bcrypt.dll
0x73d80000 - 0x73da0000 	C:\WINDOWS\SYSTEM32\IPHLPAPI.DLL
0x73b00000 - 0x73b08000 	C:\WINDOWS\SYSTEM32\WINNSI.DLL
0x72c60000 - 0x72c73000 	C:\WINDOWS\SYSTEM32\dhcpcsvc6.DLL
0x73aa0000 - 0x73ab4000 	C:\WINDOWS\SYSTEM32\dhcpcsvc.DLL
0x72c40000 - 0x72c51000 	C:\WINDOWS\system32\napinsp.dll
0x72c20000 - 0x72c36000 	C:\WINDOWS\system32\pnrpnsp.dll
0x72c00000 - 0x72c14000 	C:\WINDOWS\system32\NLAapi.dll
0x72bf0000 - 0x72bfa000 	C:\WINDOWS\System32\winrnr.dll
0x72be0000 - 0x72bf0000 	C:\WINDOWS\system32\wshbth.dll
0x5de10000 - 0x5de30000 	D:\Program Files\jdk\jre\bin\sunec.dll
0x5e970000 - 0x5e979000 	D:\Program Files\jdk\jre\bin\sunmscapi.dll
0x748a0000 - 0x74a28000 	C:\WINDOWS\SYSTEM32\CRYPT32.dll
0x74ac0000 - 0x74ace000 	C:\WINDOWS\SYSTEM32\MSASN1.dll
0x73120000 - 0x73261000 	C:\WINDOWS\SYSTEM32\dbghelp.dll

VM Arguments:
jvm_args: -XX:TieredStopAtLevel=1 -Xverify:none -Dspring.output.ansi.enabled=always -Dcom.sun.management.jmxremote -Dspring.jmx.enabled=true -Dspring.liveBeansView.mbeanDomain -Dspring.application.admin.enabled=true -javaagent:D:\Program Files\JetBrains\IntelliJ IDEA 2019.3.3\lib\idea_rt.jar=60949:D:\Program Files\JetBrains\IntelliJ IDEA 2019.3.3\bin -Dfile.encoding=UTF-8 
java_command: com.qsz.bmss.BmssApplication
java_class_path (initial): D:\Program Files\jdk\jre\lib\charsets.jar;D:\Program Files\jdk\jre\lib\deploy.jar;D:\Program Files\jdk\jre\lib\ext\access-bridge.jar;D:\Program Files\jdk\jre\lib\ext\cldrdata.jar;D:\Program Files\jdk\jre\lib\ext\dnsns.jar;D:\Program Files\jdk\jre\lib\ext\jaccess.jar;D:\Program Files\jdk\jre\lib\ext\jfxrt.jar;D:\Program Files\jdk\jre\lib\ext\localedata.jar;D:\Program Files\jdk\jre\lib\ext\nashorn.jar;D:\Program Files\jdk\jre\lib\ext\sunec.jar;D:\Program Files\jdk\jre\lib\ext\sunjce_provider.jar;D:\Program Files\jdk\jre\lib\ext\sunmscapi.jar;D:\Program Files\jdk\jre\lib\ext\sunpkcs11.jar;D:\Program Files\jdk\jre\lib\ext\zipfs.jar;D:\Program Files\jdk\jre\lib\javaws.jar;D:\Program Files\jdk\jre\lib\jce.jar;D:\Program Files\jdk\jre\lib\jfr.jar;D:\Program Files\jdk\jre\lib\jfxswt.jar;D:\Program Files\jdk\jre\lib\jsse.jar;D:\Program Files\jdk\jre\lib\management-agent.jar;D:\Program Files\jdk\jre\lib\plugin.jar;D:\Program Files\jdk\jre\lib\resources.jar;D:\Program Files\jdk\jre\lib\rt.jar;G:\QszWork\qsz-admin\bmss\build\classes\java\main;G:\QszWork\qsz-admin\bmss\build\resources\main;E:\gradle\caches\modules-2\files-2.1\com.alibaba\fastjson\1.2.62\9243497a2f1f9d40d7d1d8d852f0abdc71955532\fastjson-1.2.62.jar;E:\gradle\caches\modules-2\files-2.1\org.springframework.security\spring-security-jwt\1.0.10.RELEASE\19a1ca7a83e9d263a31af5f529da460f8f863451\spring-security-jwt-1.0.10.RELEASE.jar;E:\gradle\caches\modules-2\files-2.1\io.jsonwebtoken\jjwt\0.9.1\54d2abfc3e63a28824d35bf600d6a5d627da681a\jjwt-0.9.1.jar;E:\gradle\caches\modules-2\files-2.1\mysql\mysql-connector-java\8.0.18\e088efaa4b568bc7d9f7274b9c5ea1a00da1a45c\mysql-connector-java-8.0.18.jar;E:\gradle\caches\modules-2\files-2.1\com.baomidou\mybatis-plus-boot-starter\3.2.0\b9459d99c7ace222dd96476d218b11efa3b2e625\mybatis-plus-boot-starter-3.2.0.jar;E:\gradle\caches\modules-2\files-2.1\com.github.pagehelper\pagehelper-spring-boot-starter\1.2.12\813bb735ebbf290339163b8d2aeb8df6598b7c93\pagehelpe
Launcher Type: SUN_STANDARD

Environment Variables:
JAVA_HOME=D:\Program Files\jdk
CLASSPATH=.;D:\Program Files\jdk\lib\dt.jar;D:\Program Files\jdk\lib\tools.jar
PATH=C:\Program Files (x86)\Intel\iCLS Client\;C:\Program Files\Intel\iCLS Client\;C:\Program Files (x86)\NVIDIA Corporation\PhysX\Common;C:\WINDOWS\system32;C:\WINDOWS;C:\WINDOWS\System32\Wbem;C:\WINDOWS\System32\WindowsPowerShell\v1.0\;C:\Program Files\Intel\Intel(R) Management Engine Components\DAL;C:\Program Files (x86)\Intel\Intel(R) Management Engine Components\DAL;C:\Program Files\Intel\Intel(R) Management Engine Components\IPT;C:\Program Files (x86)\Intel\Intel(R) Management Engine Components\IPT;D:\Program Files\jdk\bin;D:\Program Files\jdk\jre\bin;D:\Program Files\Git\cmd;C:\Program Files\TortoiseGit\bin;D:\apache-tomcat-7.0.63\lib;D:\apache-tomcat-7.0.63\bin;D:\sqlite;E:\adt\sdk\platform-tools;E:\adt\sdk\tools;D:\Program Files\apache-maven-3.6.1-bin\apache-maven-3.6.1\bin;C:\gradle\bin;C:\Program Files\MySQL\MySQL Server 5.7\bin;D:\Program Files\apache-maven-3.6.1-bin\apache-maven-3.6.1\bin;D:\Program Files\nodejs\;C:\Users\asus\AppData\Roaming\npm
USERNAME=asus
OS=Windows_NT
PROCESSOR_IDENTIFIER=Intel64 Family 6 Model 61 Stepping 4, GenuineIntel



---------------  S Y S T E M  ---------------

OS: Windows 8.1 , 64 bit Build 9600 (6.3.9600.17415)

CPU:total 4 (2 cores per cpu, 2 threads per core) family 6 model 61 stepping 4, cmov, cx8, fxsr, mmx, sse, sse2, sse3, ssse3, sse4.1, sse4.2, popcnt, avx, avx2, aes, clmul, erms, 3dnowpref, lzcnt, ht, tsc, tscinvbit, bmi1, bmi2, adx

Memory: 4k page, physical 12482980k(5328912k free), swap 15432100k(7053292k free)

vm_info: Java HotSpot(TM) Client VM (25.65-b01) for windows-x86 JRE (1.8.0_65-b17), built on Oct  6 2015 17:26:22 by "java_re" with MS VC++ 10.0 (VS2010)

time: Sun Jul 12 15:11:26 2020
elapsed time: 1446240 seconds (16d 17h 44m 0s)

