#
# A fatal error has been detected by the Java Runtime Environment:
#
#  EXCEPTION_ACCESS_VIOLATION (0xc0000005) at pc=0x00000009, pid=9424, tid=10248
#
# JRE version: Java(TM) SE Runtime Environment (8.0_65-b17) (build 1.8.0_65-b17)
# Java VM: Java HotSpot(TM) Client VM (25.65-b01 mixed mode windows-x86 )
# Problematic frame:
# C  0x00000009
#
# Failed to write core dump. Minidumps are not enabled by default on client versions of Windows
#
# If you would like to submit a bug report, please visit:
#   http://bugreport.java.com/bugreport/crash.jsp
# The crash happened outside the Java Virtual Machine in native code.
# See problematic frame for where to report the bug.
#

---------------  T H R E A D  ---------------

Current thread (0x173a9c00):  JavaThread "File Watcher" daemon [_thread_in_native, id=10248, stack(0x18b00000,0x18b50000)]

siginfo: ExceptionCode=0xc0000005, ExceptionInformation=0x00000008 0x00000009

Registers:
EAX=0x1748ec84, EBX=0x00000000, ECX=0x0000005d, EDX=0x00000063
ESP=0x18b4f0c0, EBP=0x18b4f088, ESI=0x1748d0c4, EDI=0x000000c6
EIP=0x00000009, EFLAGS=0x00010202

Top of Stack: (sp=0x18b4f0c0)
0x18b4f0c0:   00000012 000000c6 00000020 00000000
0x18b4f0d0:   006219a8 18b4f148 18b4f164 76f40ea9
0x18b4f0e0:   00000000 00000000 00000000 01000063
0x18b4f0f0:   18b4f150 00000000 00120000 18b4f1a0
0x18b4f100:   1748ebf8 173a9c00 17480380 0ef15495
0x18b4f110:   00000004 18b4eacc 18b4f58c 76f97380
0x18b4f120:   60b13b05 fffffffe 18b4f15c 76f66070
0x18b4f130:   18b4f1a0 18b4f19c 00000000 18b4f150 

Instructions: (pc=0x00000009)
0xffffffe9:   


Register to memory mapping:

EAX=0x1748ec84 is an unknown value
EBX=0x00000000 is an unknown value
ECX=0x0000005d is an unknown value
EDX=0x00000063 is an unknown value
ESP=0x18b4f0c0 is pointing into the stack for thread: 0x173a9c00
EBP=0x18b4f088 is pointing into the stack for thread: 0x173a9c00
ESI=0x1748d0c4 is an unknown value
EDI=0x000000c6 is an unknown value


Stack: [0x18b00000,0x18b50000],  sp=0x18b4f0c0,  free space=316k
Native frames: (J=compiled Java code, j=interpreted, Vv=VM code, C=native code)
C  0x00000009
C  [ntdll.dll+0x49d87]
C  [ntdll.dll+0x66070]
C  [KERNELBASE.dll+0x1802f]
C  [java.dll+0x7fd4]
C  [java.dll+0x80cd]
j  java.io.File.isFile()Z+29
j  org.springframework.boot.devtools.filewatch.FolderSnapshot.collectFiles(Ljava/io/File;Ljava/util/Set;)V+70
j  org.springframework.boot.devtools.filewatch.FolderSnapshot.collectFiles(Ljava/io/File;Ljava/util/Set;)V+62
j  org.springframework.boot.devtools.filewatch.FolderSnapshot.collectFiles(Ljava/io/File;Ljava/util/Set;)V+62
j  org.springframework.boot.devtools.filewatch.FolderSnapshot.collectFiles(Ljava/io/File;Ljava/util/Set;)V+62
j  org.springframework.boot.devtools.filewatch.FolderSnapshot.collectFiles(Ljava/io/File;Ljava/util/Set;)V+62
j  org.springframework.boot.devtools.filewatch.FolderSnapshot.<init>(Ljava/io/File;)V+76
j  org.springframework.boot.devtools.filewatch.FileSystemWatcher$Watcher.getCurrentSnapshots()Ljava/util/Map;+49
j  org.springframework.boot.devtools.filewatch.FileSystemWatcher$Watcher.scan()V+20
j  org.springframework.boot.devtools.filewatch.FileSystemWatcher$Watcher.run()V+30
j  java.lang.Thread.run()V+11
v  ~StubRoutines::call_stub
V  [jvm.dll+0x158985]
V  [jvm.dll+0x21df3e]
V  [jvm.dll+0x158a1e]
V  [jvm.dll+0x158ba6]
V  [jvm.dll+0x158c17]
V  [jvm.dll+0xfd45f]
V  [jvm.dll+0x17bddc]
V  [jvm.dll+0x17beca]
V  [jvm.dll+0x1c0466]
C  [msvcr100.dll+0x5c556]
C  [msvcr100.dll+0x5c600]
C  [KERNEL32.DLL+0x17c04]
C  [ntdll.dll+0x5ab8f]
C  [ntdll.dll+0x5ab5a]
C  0x00000000

Java frames: (J=compiled Java code, j=interpreted, Vv=VM code)
J 389  java.io.WinNTFileSystem.getBooleanAttributes(Ljava/io/File;)I (0 bytes) @ 0x027e6e66 [0x027e6e10+0x56]
j  java.io.File.isFile()Z+29
j  org.springframework.boot.devtools.filewatch.FolderSnapshot.collectFiles(Ljava/io/File;Ljava/util/Set;)V+70
j  org.springframework.boot.devtools.filewatch.FolderSnapshot.collectFiles(Ljava/io/File;Ljava/util/Set;)V+62
j  org.springframework.boot.devtools.filewatch.FolderSnapshot.collectFiles(Ljava/io/File;Ljava/util/Set;)V+62
j  org.springframework.boot.devtools.filewatch.FolderSnapshot.collectFiles(Ljava/io/File;Ljava/util/Set;)V+62
j  org.springframework.boot.devtools.filewatch.FolderSnapshot.collectFiles(Ljava/io/File;Ljava/util/Set;)V+62
j  org.springframework.boot.devtools.filewatch.FolderSnapshot.<init>(Ljava/io/File;)V+76
j  org.springframework.boot.devtools.filewatch.FileSystemWatcher$Watcher.getCurrentSnapshots()Ljava/util/Map;+49
j  org.springframework.boot.devtools.filewatch.FileSystemWatcher$Watcher.scan()V+20
j  org.springframework.boot.devtools.filewatch.FileSystemWatcher$Watcher.run()V+30
j  java.lang.Thread.run()V+11
v  ~StubRoutines::call_stub

---------------  P R O C E S S  ---------------

Java Threads: ( => current thread )
  0x15bb1800 JavaThread "DestroyJavaVM" [_thread_blocked, id=1836, stack(0x00690000,0x006e0000)]
  0x15bb5000 JavaThread "http-nio-8090-Acceptor" daemon [_thread_in_native, id=7628, stack(0x193e0000,0x19430000)]
  0x15bb2000 JavaThread "http-nio-8090-ClientPoller" daemon [_thread_in_native, id=5008, stack(0x19350000,0x193a0000)]
  0x15bb4c00 JavaThread "http-nio-8090-exec-10" daemon [_thread_blocked, id=8932, stack(0x192c0000,0x19310000)]
  0x15bb0c00 JavaThread "http-nio-8090-exec-9" daemon [_thread_blocked, id=9004, stack(0x19230000,0x19280000)]
  0x15bb4400 JavaThread "http-nio-8090-exec-8" daemon [_thread_blocked, id=11076, stack(0x190a0000,0x190f0000)]
  0x15bb0800 JavaThread "http-nio-8090-exec-7" daemon [_thread_blocked, id=11252, stack(0x19010000,0x19060000)]
  0x15bb1400 JavaThread "http-nio-8090-exec-6" daemon [_thread_blocked, id=6420, stack(0x18f80000,0x18fd0000)]
  0x15bb3800 JavaThread "http-nio-8090-exec-5" daemon [_thread_blocked, id=10992, stack(0x18ef0000,0x18f40000)]
  0x15bb3400 JavaThread "http-nio-8090-exec-4" daemon [_thread_blocked, id=10424, stack(0x18e60000,0x18eb0000)]
  0x15bb4000 JavaThread "http-nio-8090-exec-3" daemon [_thread_blocked, id=11024, stack(0x18dd0000,0x18e20000)]
  0x15bb2c00 JavaThread "http-nio-8090-exec-2" daemon [_thread_blocked, id=10844, stack(0x18d40000,0x18d90000)]
  0x173a9000 JavaThread "http-nio-8090-exec-1" daemon [_thread_blocked, id=11048, stack(0x18cb0000,0x18d00000)]
  0x173a8000 JavaThread "http-nio-8090-BlockPoller" daemon [_thread_in_native, id=10972, stack(0x18b90000,0x18be0000)]
  0x173a9400 JavaThread "Live Reload Server" daemon [_thread_in_native, id=9496, stack(0x18c20000,0x18c70000)]
=>0x173a9c00 JavaThread "File Watcher" daemon [_thread_in_native, id=10248, stack(0x18b00000,0x18b50000)]
  0x173a8800 JavaThread "container-0" [_thread_blocked, id=6092, stack(0x18870000,0x188c0000)]
  0x173cb800 JavaThread "Catalina-utility-2" [_thread_blocked, id=5632, stack(0x187e0000,0x18830000)]
  0x173cb000 JavaThread "Catalina-utility-1" [_thread_blocked, id=9876, stack(0x18750000,0x187a0000)]
  0x1732d400 JavaThread "ForkJoinPool.commonPool-worker-2" daemon [_thread_blocked, id=3448, stack(0x18530000,0x18580000)]
  0x17294400 JavaThread "mysql-cj-abandoned-connection-cleanup" daemon [_thread_blocked, id=4216, stack(0x16540000,0x16590000)]
  0x153e8800 JavaThread "RMI TCP Accept-0" daemon [_thread_in_native, id=8940, stack(0x157a0000,0x157f0000)]
  0x152ae400 JavaThread "Service Thread" daemon [_thread_blocked, id=6960, stack(0x15610000,0x15660000)]
  0x1520b800 JavaThread "C1 CompilerThread0" daemon [_thread_blocked, id=6636, stack(0x15580000,0x155d0000)]
  0x1520b000 JavaThread "Monitor Ctrl-Break" daemon [_thread_in_native, id=10340, stack(0x154f0000,0x15540000)]
  0x14c9c400 JavaThread "Attach Listener" daemon [_thread_blocked, id=8876, stack(0x15060000,0x150b0000)]
  0x14c9bc00 JavaThread "Signal Dispatcher" daemon [_thread_blocked, id=6548, stack(0x14fd0000,0x15020000)]
  0x14c6d000 JavaThread "Finalizer" daemon [_thread_blocked, id=10988, stack(0x14ef0000,0x14f40000)]
  0x14c67c00 JavaThread "Reference Handler" daemon [_thread_blocked, id=11132, stack(0x14e60000,0x14eb0000)]

Other Threads:
  0x14c63400 VMThread [stack: 0x04750000,0x047a0000] [id=10352]
  0x153ea400 WatcherThread [stack: 0x15830000,0x15880000] [id=8644]

VM state:not at safepoint (normal execution)

VM Mutex/Monitor currently owned by a thread: None

Heap:
 def new generation   total 9280K, used 1480K [0x04800000, 0x05210000, 0x09d50000)
  eden space 8256K,   9% used [0x04800000, 0x048c5c18, 0x05010000)
  from space 1024K,  67% used [0x05110000, 0x051bc728, 0x05210000)
  to   space 1024K,   0% used [0x05010000, 0x05010000, 0x05110000)
 tenured generation   total 20572K, used 19556K [0x09d50000, 0x0b167000, 0x14800000)
   the space 20572K,  95% used [0x09d50000, 0x0b069220, 0x0b069400, 0x0b167000)
 Metaspace       used 24099K, capacity 25373K, committed 25472K, reserved 25984K

Card table byte_map: [0x046c0000,0x04750000] byte_map_base: 0x0469c000

Polling page: 0x00630000

CodeCache: size=32768Kb used=3628Kb max_used=3628Kb free=29139Kb
 bounds [0x026c0000, 0x02a50000, 0x046c0000]
 total_blobs=2341 nmethods=2135 adapters=136
 compilation: enabled

Compilation events (10 events):
Event: 6.714 Thread 0x1520b800 2158             java.lang.reflect.Proxy::isProxyClass (25 bytes)
Event: 6.714 Thread 0x1520b800 nmethod 2158 0x02a4a148 code [0x02a4a290, 0x02a4a4bc]
Event: 6.734 Thread 0x1520b800 2159             java.lang.invoke.MethodHandles$Lookup::checkAccess (250 bytes)
Event: 6.735 Thread 0x1520b800 nmethod 2159 0x02a4a908 code [0x02a4aaa0, 0x02a4ae64]
Event: 6.739 Thread 0x1520b800 2160             org.springframework.core.ResolvableType::toClass (7 bytes)
Event: 6.739 Thread 0x1520b800 nmethod 2160 0x02a4b1c8 code [0x02a4b2c0, 0x02a4b350]
Event: 6.742 Thread 0x1520b800 2161             java.util.LinkedHashSet::<init> (10 bytes)
Event: 6.742 Thread 0x1520b800 nmethod 2161 0x02a4b388 code [0x02a4b4a0, 0x02a4b5ac]
Event: 11.304 Thread 0x1520b800 2162             java.lang.Long::hashCode (8 bytes)
Event: 11.304 Thread 0x1520b800 nmethod 2162 0x02a4b688 code [0x02a4b780, 0x02a4b820]

GC Heap History (10 events):
Event: 6.378 GC heap before
{Heap before GC invocations=87 (full 3):
 def new generation   total 9280K, used 9054K [0x04800000, 0x05210000, 0x09d50000)
  eden space 8256K, 100% used [0x04800000, 0x05010000, 0x05010000)
  from space 1024K,  77% used [0x05010000, 0x050d7a58, 0x05110000)
  to   space 1024K,   0% used [0x05110000, 0x05110000, 0x05210000)
 tenured generation   total 20572K, used 17361K [0x09d50000, 0x0b167000, 0x14800000)
   the space 20572K,  84% used [0x09d50000, 0x0ae446d0, 0x0ae44800, 0x0b167000)
 Metaspace       used 22960K, capacity 24082K, committed 24192K, reserved 24960K
Event: 6.383 GC heap after
Heap after GC invocations=88 (full 3):
 def new generation   total 9280K, used 846K [0x04800000, 0x05210000, 0x09d50000)
  eden space 8256K,   0% used [0x04800000, 0x04800000, 0x05010000)
  from space 1024K,  82% used [0x05110000, 0x051e3898, 0x05210000)
  to   space 1024K,   0% used [0x05010000, 0x05010000, 0x05110000)
 tenured generation   total 20572K, used 17786K [0x09d50000, 0x0b167000, 0x14800000)
   the space 20572K,  86% used [0x09d50000, 0x0aeaea90, 0x0aeaec00, 0x0b167000)
 Metaspace       used 22960K, capacity 24082K, committed 24192K, reserved 24960K
}
Event: 6.479 GC heap before
{Heap before GC invocations=88 (full 3):
 def new generation   total 9280K, used 9102K [0x04800000, 0x05210000, 0x09d50000)
  eden space 8256K, 100% used [0x04800000, 0x05010000, 0x05010000)
  from space 1024K,  82% used [0x05110000, 0x051e3898, 0x05210000)
  to   space 1024K,   0% used [0x05010000, 0x05010000, 0x05110000)
 tenured generation   total 20572K, used 17786K [0x09d50000, 0x0b167000, 0x14800000)
   the space 20572K,  86% used [0x09d50000, 0x0aeaea90, 0x0aeaec00, 0x0b167000)
 Metaspace       used 23170K, capacity 24347K, committed 24448K, reserved 24960K
Event: 6.484 GC heap after
Heap after GC invocations=89 (full 3):
 def new generation   total 9280K, used 639K [0x04800000, 0x05210000, 0x09d50000)
  eden space 8256K,   0% used [0x04800000, 0x04800000, 0x05010000)
  from space 1024K,  62% used [0x05010000, 0x050afe90, 0x05110000)
  to   space 1024K,   0% used [0x05110000, 0x05110000, 0x05210000)
 tenured generation   total 20572K, used 18275K [0x09d50000, 0x0b167000, 0x14800000)
   the space 20572K,  88% used [0x09d50000, 0x0af28f98, 0x0af29000, 0x0b167000)
 Metaspace       used 23170K, capacity 24347K, committed 24448K, reserved 24960K
}
Event: 6.567 GC heap before
{Heap before GC invocations=89 (full 3):
 def new generation   total 9280K, used 8895K [0x04800000, 0x05210000, 0x09d50000)
  eden space 8256K, 100% used [0x04800000, 0x05010000, 0x05010000)
  from space 1024K,  62% used [0x05010000, 0x050afe90, 0x05110000)
  to   space 1024K,   0% used [0x05110000, 0x05110000, 0x05210000)
 tenured generation   total 20572K, used 18275K [0x09d50000, 0x0b167000, 0x14800000)
   the space 20572K,  88% used [0x09d50000, 0x0af28f98, 0x0af29000, 0x0b167000)
 Metaspace       used 23462K, capacity 24695K, committed 24704K, reserved 24960K
Event: 6.571 GC heap after
Heap after GC invocations=90 (full 3):
 def new generation   total 9280K, used 829K [0x04800000, 0x05210000, 0x09d50000)
  eden space 8256K,   0% used [0x04800000, 0x04800000, 0x05010000)
  from space 1024K,  81% used [0x05110000, 0x051df7e8, 0x05210000)
  to   space 1024K,   0% used [0x05010000, 0x05010000, 0x05110000)
 tenured generation   total 20572K, used 18660K [0x09d50000, 0x0b167000, 0x14800000)
   the space 20572K,  90% used [0x09d50000, 0x0af892d8, 0x0af89400, 0x0b167000)
 Metaspace       used 23462K, capacity 24695K, committed 24704K, reserved 24960K
}
Event: 6.635 GC heap before
{Heap before GC invocations=90 (full 3):
 def new generation   total 9280K, used 9085K [0x04800000, 0x05210000, 0x09d50000)
  eden space 8256K, 100% used [0x04800000, 0x05010000, 0x05010000)
  from space 1024K,  81% used [0x05110000, 0x051df7e8, 0x05210000)
  to   space 1024K,   0% used [0x05010000, 0x05010000, 0x05110000)
 tenured generation   total 20572K, used 18660K [0x09d50000, 0x0b167000, 0x14800000)
   the space 20572K,  90% used [0x09d50000, 0x0af892d8, 0x0af89400, 0x0b167000)
 Metaspace       used 23712K, capacity 24926K, committed 24960K, reserved 24960K
Event: 6.640 GC heap after
Heap after GC invocations=91 (full 3):
 def new generation   total 9280K, used 855K [0x04800000, 0x05210000, 0x09d50000)
  eden space 8256K,   0% used [0x04800000, 0x04800000, 0x05010000)
  from space 1024K,  83% used [0x05010000, 0x050e5f60, 0x05110000)
  to   space 1024K,   0% used [0x05110000, 0x05110000, 0x05210000)
 tenured generation   total 20572K, used 19019K [0x09d50000, 0x0b167000, 0x14800000)
   the space 20572K,  92% used [0x09d50000, 0x0afe2cb0, 0x0afe2e00, 0x0b167000)
 Metaspace       used 23712K, capacity 24926K, committed 24960K, reserved 24960K
}
Event: 7.270 GC heap before
{Heap before GC invocations=91 (full 3):
 def new generation   total 9280K, used 9111K [0x04800000, 0x05210000, 0x09d50000)
  eden space 8256K, 100% used [0x04800000, 0x05010000, 0x05010000)
  from space 1024K,  83% used [0x05010000, 0x050e5f60, 0x05110000)
  to   space 1024K,   0% used [0x05110000, 0x05110000, 0x05210000)
 tenured generation   total 20572K, used 19019K [0x09d50000, 0x0b167000, 0x14800000)
   the space 20572K,  92% used [0x09d50000, 0x0afe2cb0, 0x0afe2e00, 0x0b167000)
 Metaspace       used 24099K, capacity 25373K, committed 25472K, reserved 25984K
Event: 7.277 GC heap after
Heap after GC invocations=92 (full 3):
 def new generation   total 9280K, used 689K [0x04800000, 0x05210000, 0x09d50000)
  eden space 8256K,   0% used [0x04800000, 0x04800000, 0x05010000)
  from space 1024K,  67% used [0x05110000, 0x051bc728, 0x05210000)
  to   space 1024K,   0% used [0x05010000, 0x05010000, 0x05110000)
 tenured generation   total 20572K, used 19556K [0x09d50000, 0x0b167000, 0x14800000)
   the space 20572K,  95% used [0x09d50000, 0x0b069220, 0x0b069400, 0x0b167000)
 Metaspace       used 24099K, capacity 25373K, committed 25472K, reserved 25984K
}

Deoptimization events (0 events):
No events

Internal exceptions (10 events):
Event: 6.577 Thread 0x15aef800 Exception <a 'java/lang/ArrayIndexOutOfBoundsException'> (0x048ad200) thrown at [C:\re\workspace\8-2-build-windows-i586-cygwin\jdk8u65\4987\hotspot\src\share\vm\runtime\sharedRuntime.cpp, line 605]
Event: 6.577 Thread 0x15aef800 Exception <a 'java/lang/ArrayIndexOutOfBoundsException'> (0x048ae0f8) thrown at [C:\re\workspace\8-2-build-windows-i586-cygwin\jdk8u65\4987\hotspot\src\share\vm\runtime\sharedRuntime.cpp, line 605]
Event: 6.647 Thread 0x15aef800 Exception <a 'java/lang/ArrayIndexOutOfBoundsException'> (0x04871cd8) thrown at [C:\re\workspace\8-2-build-windows-i586-cygwin\jdk8u65\4987\hotspot\src\share\vm\runtime\sharedRuntime.cpp, line 605]
Event: 6.647 Thread 0x15aef800 Exception <a 'java/lang/ArrayIndexOutOfBoundsException'> (0x04875310) thrown at [C:\re\workspace\8-2-build-windows-i586-cygwin\jdk8u65\4987\hotspot\src\share\vm\runtime\sharedRuntime.cpp, line 605]
Event: 6.657 Thread 0x15aef800 Exception <a 'java/lang/ArrayIndexOutOfBoundsException'> (0x04962c58) thrown at [C:\re\workspace\8-2-build-windows-i586-cygwin\jdk8u65\4987\hotspot\src\share\vm\runtime\sharedRuntime.cpp, line 605]
Event: 6.707 Thread 0x15aef800 Exception <a 'java/lang/ArrayIndexOutOfBoundsException'> (0x04cd52c0) thrown at [C:\re\workspace\8-2-build-windows-i586-cygwin\jdk8u65\4987\hotspot\src\share\vm\runtime\sharedRuntime.cpp, line 605]
Event: 6.707 Thread 0x15aef800 Exception <a 'java/lang/ArrayIndexOutOfBoundsException'> (0x04cd6f20) thrown at [C:\re\workspace\8-2-build-windows-i586-cygwin\jdk8u65\4987\hotspot\src\share\vm\runtime\sharedRuntime.cpp, line 605]
Event: 6.708 Thread 0x15aef800 Exception <a 'java/lang/ArrayIndexOutOfBoundsException'> (0x04ce2f88) thrown at [C:\re\workspace\8-2-build-windows-i586-cygwin\jdk8u65\4987\hotspot\src\share\vm\runtime\sharedRuntime.cpp, line 605]
Event: 6.708 Thread 0x15aef800 Exception <a 'java/lang/ArrayIndexOutOfBoundsException'> (0x04ce4910) thrown at [C:\re\workspace\8-2-build-windows-i586-cygwin\jdk8u65\4987\hotspot\src\share\vm\runtime\sharedRuntime.cpp, line 605]
Event: 6.708 Thread 0x15aef800 Exception <a 'java/lang/ArrayIndexOutOfBoundsException'> (0x04ce6ff0) thrown at [C:\re\workspace\8-2-build-windows-i586-cygwin\jdk8u65\4987\hotspot\src\share\vm\runtime\sharedRuntime.cpp, line 605]

Events (10 events):
Event: 6.746 Thread 0x0070e800 Thread exited: 0x0070e800
Event: 6.746 Thread 0x15bb1800 Thread added: 0x15bb1800
Event: 7.269 Executing VM operation: GenCollectForAllocation
Event: 7.277 Executing VM operation: GenCollectForAllocation done
Event: 7.871 Executing VM operation: RevokeBias
Event: 7.871 Executing VM operation: RevokeBias done
Event: 7.871 Thread 0x1732d800 Thread exited: 0x1732d800
Event: 11.879 Executing VM operation: RevokeBias
Event: 11.879 Executing VM operation: RevokeBias done
Event: 11.879 Thread 0x1732cc00 Thread exited: 0x1732cc00


Dynamic libraries:
0x002e0000 - 0x00313000 	D:\Program Files\jdk\bin\java.exe
0x76f00000 - 0x7706f000 	C:\WINDOWS\SYSTEM32\ntdll.dll
0x74c50000 - 0x74d90000 	C:\WINDOWS\SYSTEM32\KERNEL32.DLL
0x75050000 - 0x75127000 	C:\WINDOWS\SYSTEM32\KERNELBASE.dll
0x73900000 - 0x739a0000 	C:\WINDOWS\system32\apphelp.dll
0x5e6c0000 - 0x5e926000 	C:\WINDOWS\AppPatch\AcGenral.DLL
0x74ad0000 - 0x74b93000 	C:\WINDOWS\SYSTEM32\msvcrt.dll
0x76850000 - 0x76891000 	C:\WINDOWS\SYSTEM32\sechost.dll
0x76bc0000 - 0x76bde000 	C:\WINDOWS\SYSTEM32\SspiCli.dll
0x74e80000 - 0x74ec5000 	C:\WINDOWS\SYSTEM32\SHLWAPI.dll
0x71ff0000 - 0x720dd000 	C:\WINDOWS\SYSTEM32\UxTheme.dll
0x76a60000 - 0x76bb3000 	C:\WINDOWS\SYSTEM32\USER32.dll
0x75140000 - 0x7524f000 	C:\WINDOWS\SYSTEM32\GDI32.dll
0x74360000 - 0x74383000 	C:\WINDOWS\SYSTEM32\WINMM.dll
0x5f5d0000 - 0x5f5e3000 	C:\WINDOWS\SYSTEM32\samcli.dll
0x76d00000 - 0x76e29000 	C:\WINDOWS\SYSTEM32\ole32.dll
0x74dd0000 - 0x74e65000 	C:\WINDOWS\SYSTEM32\OLEAUT32.dll
0x5eb60000 - 0x5eb77000 	C:\WINDOWS\SYSTEM32\MSACM32.dll
0x73da0000 - 0x73da8000 	C:\WINDOWS\SYSTEM32\VERSION.dll
0x75250000 - 0x7650c000 	C:\WINDOWS\SYSTEM32\SHELL32.dll
0x744d0000 - 0x744eb000 	C:\WINDOWS\SYSTEM32\USERENV.dll
0x71fd0000 - 0x71fea000 	C:\WINDOWS\SYSTEM32\dwmapi.dll
0x74130000 - 0x7427b000 	C:\WINDOWS\SYSTEM32\urlmon.dll
0x76680000 - 0x766fc000 	C:\WINDOWS\SYSTEM32\ADVAPI32.dll
0x72e70000 - 0x72ed5000 	C:\WINDOWS\SYSTEM32\WINSPOOL.DRV
0x71d20000 - 0x71d36000 	C:\WINDOWS\SYSTEM32\MPR.dll
0x747e0000 - 0x7489a000 	C:\WINDOWS\SYSTEM32\RPCRT4.dll
0x746e0000 - 0x746ea000 	C:\WINDOWS\SYSTEM32\CRYPTBASE.dll
0x74ed0000 - 0x7504d000 	C:\WINDOWS\SYSTEM32\combase.dll
0x73d50000 - 0x73d73000 	C:\WINDOWS\SYSTEM32\WINMMBASE.dll
0x744c0000 - 0x744cf000 	C:\WINDOWS\SYSTEM32\profapi.dll
0x73b10000 - 0x73d44000 	C:\WINDOWS\SYSTEM32\iertutil.dll
0x73db0000 - 0x73fbd000 	C:\WINDOWS\SYSTEM32\WININET.dll
0x74680000 - 0x746d4000 	C:\WINDOWS\SYSTEM32\bcryptPrimitives.dll
0x74770000 - 0x747ac000 	C:\WINDOWS\SYSTEM32\cfgmgr32.dll
0x73ad0000 - 0x73af1000 	C:\WINDOWS\SYSTEM32\DEVOBJ.dll
0x74430000 - 0x744bb000 	C:\WINDOWS\SYSTEM32\SHCORE.DLL
0x747b0000 - 0x747d7000 	C:\WINDOWS\system32\IMM32.DLL
0x76be0000 - 0x76cf2000 	C:\WINDOWS\SYSTEM32\MSCTF.dll
0x722e0000 - 0x724e6000 	C:\WINDOWS\WinSxS\x86_microsoft.windows.common-controls_6595b64144ccf1df_6.0.9600.17810_none_a9edf09f013934e0\COMCTL32.dll
0x5eaa0000 - 0x5eb5f000 	D:\Program Files\jdk\jre\bin\msvcr100.dll
0x5e2f0000 - 0x5e6b4000 	D:\Program Files\jdk\jre\bin\client\jvm.dll
0x743d0000 - 0x743d8000 	C:\WINDOWS\SYSTEM32\WSOCK32.dll
0x74c40000 - 0x74c46000 	C:\WINDOWS\SYSTEM32\PSAPI.DLL
0x76800000 - 0x76850000 	C:\WINDOWS\SYSTEM32\WS2_32.dll
0x74e70000 - 0x74e77000 	C:\WINDOWS\SYSTEM32\NSI.dll
0x69a80000 - 0x69a8c000 	D:\Program Files\jdk\jre\bin\verify.dll
0x5ea70000 - 0x5ea91000 	D:\Program Files\jdk\jre\bin\java.dll
0x6d7f0000 - 0x6d810000 	D:\Program Files\jdk\jre\bin\instrument.dll
0x5ea50000 - 0x5ea63000 	D:\Program Files\jdk\jre\bin\zip.dll
0x6d7d0000 - 0x6d7e6000 	D:\Program Files\JetBrains\IntelliJ IDEA 2019.3.3\bin\breakgen.dll
0x5ea30000 - 0x5ea46000 	D:\Program Files\jdk\jre\bin\net.dll
0x743e0000 - 0x7442b000 	C:\WINDOWS\system32\mswsock.dll
0x730a0000 - 0x7311e000 	C:\WINDOWS\SYSTEM32\DNSAPI.dll
0x72bd0000 - 0x72bd8000 	C:\Windows\System32\rasadhlp.dll
0x72b80000 - 0x72bc6000 	C:\WINDOWS\System32\fwpuclnt.dll
0x5e9e0000 - 0x5e9ea000 	D:\Program Files\jdk\jre\bin\management.dll
0x5ea20000 - 0x5ea2f000 	D:\Program Files\jdk\jre\bin\nio.dll
0x72d10000 - 0x72d29000 	C:\WINDOWS\SYSTEM32\CRYPTSP.dll
0x72ce0000 - 0x72d10000 	C:\WINDOWS\system32\rsaenh.dll
0x72cc0000 - 0x72cde000 	C:\WINDOWS\SYSTEM32\bcrypt.dll
0x73d80000 - 0x73da0000 	C:\WINDOWS\SYSTEM32\IPHLPAPI.DLL
0x73b00000 - 0x73b08000 	C:\WINDOWS\SYSTEM32\WINNSI.DLL
0x72c60000 - 0x72c73000 	C:\WINDOWS\SYSTEM32\dhcpcsvc6.DLL
0x73aa0000 - 0x73ab4000 	C:\WINDOWS\SYSTEM32\dhcpcsvc.DLL
0x72c40000 - 0x72c51000 	C:\WINDOWS\system32\napinsp.dll
0x72c20000 - 0x72c36000 	C:\WINDOWS\system32\pnrpnsp.dll
0x72c00000 - 0x72c14000 	C:\WINDOWS\system32\NLAapi.dll
0x72bf0000 - 0x72bfa000 	C:\WINDOWS\System32\winrnr.dll
0x72be0000 - 0x72bf0000 	C:\WINDOWS\system32\wshbth.dll
0x73120000 - 0x73261000 	C:\WINDOWS\SYSTEM32\dbghelp.dll

VM Arguments:
jvm_args: -XX:TieredStopAtLevel=1 -Xverify:none -Dspring.output.ansi.enabled=always -Dcom.sun.management.jmxremote -Dspring.jmx.enabled=true -Dspring.liveBeansView.mbeanDomain -Dspring.application.admin.enabled=true -javaagent:D:\Program Files\JetBrains\IntelliJ IDEA 2019.3.3\lib\idea_rt.jar=56504:D:\Program Files\JetBrains\IntelliJ IDEA 2019.3.3\bin -Dfile.encoding=UTF-8 
java_command: com.qsz.bmss.BmssApplication
java_class_path (initial): D:\Program Files\jdk\jre\lib\charsets.jar;D:\Program Files\jdk\jre\lib\deploy.jar;D:\Program Files\jdk\jre\lib\ext\access-bridge.jar;D:\Program Files\jdk\jre\lib\ext\cldrdata.jar;D:\Program Files\jdk\jre\lib\ext\dnsns.jar;D:\Program Files\jdk\jre\lib\ext\jaccess.jar;D:\Program Files\jdk\jre\lib\ext\jfxrt.jar;D:\Program Files\jdk\jre\lib\ext\localedata.jar;D:\Program Files\jdk\jre\lib\ext\nashorn.jar;D:\Program Files\jdk\jre\lib\ext\sunec.jar;D:\Program Files\jdk\jre\lib\ext\sunjce_provider.jar;D:\Program Files\jdk\jre\lib\ext\sunmscapi.jar;D:\Program Files\jdk\jre\lib\ext\sunpkcs11.jar;D:\Program Files\jdk\jre\lib\ext\zipfs.jar;D:\Program Files\jdk\jre\lib\javaws.jar;D:\Program Files\jdk\jre\lib\jce.jar;D:\Program Files\jdk\jre\lib\jfr.jar;D:\Program Files\jdk\jre\lib\jfxswt.jar;D:\Program Files\jdk\jre\lib\jsse.jar;D:\Program Files\jdk\jre\lib\management-agent.jar;D:\Program Files\jdk\jre\lib\plugin.jar;D:\Program Files\jdk\jre\lib\resources.jar;D:\Program Files\jdk\jre\lib\rt.jar;G:\QszWork\qsz-admin\bmss\build\classes\java\main;G:\QszWork\qsz-admin\bmss\build\resources\main;E:\gradle\caches\modules-2\files-2.1\com.alibaba\fastjson\1.2.62\9243497a2f1f9d40d7d1d8d852f0abdc71955532\fastjson-1.2.62.jar;E:\gradle\caches\modules-2\files-2.1\org.springframework.security\spring-security-jwt\1.0.10.RELEASE\19a1ca7a83e9d263a31af5f529da460f8f863451\spring-security-jwt-1.0.10.RELEASE.jar;E:\gradle\caches\modules-2\files-2.1\io.jsonwebtoken\jjwt\0.9.1\54d2abfc3e63a28824d35bf600d6a5d627da681a\jjwt-0.9.1.jar;E:\gradle\caches\modules-2\files-2.1\mysql\mysql-connector-java\8.0.18\e088efaa4b568bc7d9f7274b9c5ea1a00da1a45c\mysql-connector-java-8.0.18.jar;E:\gradle\caches\modules-2\files-2.1\com.baomidou\mybatis-plus-boot-starter\3.2.0\b9459d99c7ace222dd96476d218b11efa3b2e625\mybatis-plus-boot-starter-3.2.0.jar;E:\gradle\caches\modules-2\files-2.1\com.github.pagehelper\pagehelper-spring-boot-starter\1.2.12\813bb735ebbf290339163b8d2aeb8df6598b7c93\pagehelpe
Launcher Type: SUN_STANDARD

Environment Variables:
JAVA_HOME=D:\Program Files\jdk
CLASSPATH=.;D:\Program Files\jdk\lib\dt.jar;D:\Program Files\jdk\lib\tools.jar
PATH=C:\Program Files (x86)\Intel\iCLS Client\;C:\Program Files\Intel\iCLS Client\;C:\Program Files (x86)\NVIDIA Corporation\PhysX\Common;C:\WINDOWS\system32;C:\WINDOWS;C:\WINDOWS\System32\Wbem;C:\WINDOWS\System32\WindowsPowerShell\v1.0\;C:\Program Files\Intel\Intel(R) Management Engine Components\DAL;C:\Program Files (x86)\Intel\Intel(R) Management Engine Components\DAL;C:\Program Files\Intel\Intel(R) Management Engine Components\IPT;C:\Program Files (x86)\Intel\Intel(R) Management Engine Components\IPT;D:\Program Files\jdk\bin;D:\Program Files\jdk\jre\bin;D:\Program Files\Git\cmd;C:\Program Files\TortoiseGit\bin;D:\apache-tomcat-7.0.63\lib;D:\apache-tomcat-7.0.63\bin;D:\sqlite;E:\adt\sdk\platform-tools;E:\adt\sdk\tools;D:\Program Files\apache-maven-3.6.1-bin\apache-maven-3.6.1\bin;C:\gradle\bin;C:\Program Files\MySQL\MySQL Server 5.7\bin;D:\Program Files\apache-maven-3.6.1-bin\apache-maven-3.6.1\bin;D:\Program Files\nodejs\;C:\Users\asus\AppData\Roaming\npm
USERNAME=asus
OS=Windows_NT
PROCESSOR_IDENTIFIER=Intel64 Family 6 Model 61 Stepping 4, GenuineIntel



---------------  S Y S T E M  ---------------

OS: Windows 8.1 , 64 bit Build 9600 (6.3.9600.17415)

CPU:total 4 (2 cores per cpu, 2 threads per core) family 6 model 61 stepping 4, cmov, cx8, fxsr, mmx, sse, sse2, sse3, ssse3, sse4.1, sse4.2, popcnt, avx, avx2, aes, clmul, erms, 3dnowpref, lzcnt, ht, tsc, tscinvbit, bmi1, bmi2, adx

Memory: 4k page, physical 12482980k(5579720k free), swap 15432100k(7462940k free)

vm_info: Java HotSpot(TM) Client VM (25.65-b01) for windows-x86 JRE (1.8.0_65-b17), built on Oct  6 2015 17:26:22 by "java_re" with MS VC++ 10.0 (VS2010)

time: Thu Jun 25 20:31:32 2020
elapsed time: 12 seconds (0d 0h 0m 12s)

