#
# A fatal error has been detected by the Java Runtime Environment:
#
#  EXCEPTION_ACCESS_VIOLATION (0xc0000005) at pc=0x76f49feb, pid=5484, tid=5580
#
# JRE version: Java(TM) SE Runtime Environment (8.0_65-b17) (build 1.8.0_65-b17)
# Java VM: Java HotSpot(TM) Client VM (25.65-b01 mixed mode windows-x86 )
# Problematic frame:
# C  [ntdll.dll+0x49feb]
#
# Failed to write core dump. Minidumps are not enabled by default on client versions of Windows
#
# If you would like to submit a bug report, please visit:
#   http://bugreport.java.com/bugreport/crash.jsp
# The crash happened outside the Java Virtual Machine in native code.
# See problematic frame for where to report the bug.
#

---------------  T H R E A D  ---------------

Current thread (0x17ea5800):  JavaThread "File Watcher" daemon [_thread_in_native, id=5580, stack(0x195b0000,0x19600000)]

siginfo: ExceptionCode=0xc0000005, writing address 0x0f44ffca

Registers:
EAX=0x16c5be06, EBX=0x00000000, ECX=0x0000005c, EDX=0x0000476e
ESP=0x195fefa8, EBP=0x195fefc8, ESI=0x16c5bd68, EDI=0x000000dc
EIP=0x76f49feb, EFLAGS=0x00010212

Top of Stack: (sp=0x195fefa8)
0x195fefa8:   0000006e 195ff088 195ff0e0 000000e8
0x195fefb8:   00de00dc 16c5bd68 00000000 00000000
0x195fefc8:   195ff068 76f49d87 8ddacfe0 00000000
0x195fefd8:   195ff0b8 15314410 16c5b038 00000002
0x195fefe8:   011b0000 195ff0dc 00000009 0000006e
0x195feff8:   16c5b034 00000009 00000012 000000dc
0x195ff008:   00000020 00000000 011b19a8 195ff088
0x195ff018:   195ff0a4 76f40ea9 00000000 00000000 

Instructions: (pc=0x76f49feb)
0x76f49fcb:   0f 84 9b fc ff ff b8 5c 00 00 00 66 89 04 4b 41
0x76f49fdb:   89 4d a4 46 89 75 b0 e9 7b fe ff ff 8b cf 83 c0
0x76f49feb:   02 d1 e9 8d 0c 4e 3b c1 0f 83 5b fc ff ff 66 8b
0x76f49ffb:   08 66 83 c9 20 0f b7 c9 83 f9 70 74 18 83 f9 63 


Register to memory mapping:

EAX=0x16c5be06 is an unknown value
EBX=0x00000000 is an unknown value
ECX=0x0000005c is an unknown value
EDX=0x0000476e is an unknown value
ESP=0x195fefa8 is pointing into the stack for thread: 0x17ea5800
EBP=0x195fefc8 is pointing into the stack for thread: 0x17ea5800
ESI=0x16c5bd68 is an unknown value
EDI=0x000000dc is an unknown value


Stack: [0x195b0000,0x19600000],  sp=0x195fefa8,  free space=315k
Native frames: (J=compiled Java code, j=interpreted, Vv=VM code, C=native code)
C  [ntdll.dll+0x49feb]
C  [ntdll.dll+0x49d87]
C  [ntdll.dll+0x66070]
C  [KERNELBASE.dll+0x1802f]
C  [java.dll+0x7fd4]
C  [java.dll+0x80cd]
J 2253 C1 java.io.File.isFile()Z (43 bytes) @ 0x0342a660 [0x0342a5e0+0x80]
J 2261 C1 org.springframework.boot.devtools.filewatch.FolderSnapshot.collectFiles(Ljava/io/File;Ljava/util/Set;)V (99 bytes) @ 0x0342c310 [0x0342c270+0xa0]
J 2261 C1 org.springframework.boot.devtools.filewatch.FolderSnapshot.collectFiles(Ljava/io/File;Ljava/util/Set;)V (99 bytes) @ 0x0342c394 [0x0342c270+0x124]
J 2261 C1 org.springframework.boot.devtools.filewatch.FolderSnapshot.collectFiles(Ljava/io/File;Ljava/util/Set;)V (99 bytes) @ 0x0342c394 [0x0342c270+0x124]
J 2261 C1 org.springframework.boot.devtools.filewatch.FolderSnapshot.collectFiles(Ljava/io/File;Ljava/util/Set;)V (99 bytes) @ 0x0342c394 [0x0342c270+0x124]
J 2261 C1 org.springframework.boot.devtools.filewatch.FolderSnapshot.collectFiles(Ljava/io/File;Ljava/util/Set;)V (99 bytes) @ 0x0342c394 [0x0342c270+0x124]
J 2261 C1 org.springframework.boot.devtools.filewatch.FolderSnapshot.collectFiles(Ljava/io/File;Ljava/util/Set;)V (99 bytes) @ 0x0342c394 [0x0342c270+0x124]
j  org.springframework.boot.devtools.filewatch.FolderSnapshot.<init>(Ljava/io/File;)V+76
j  org.springframework.boot.devtools.filewatch.FileSystemWatcher$Watcher.getCurrentSnapshots()Ljava/util/Map;+49
j  org.springframework.boot.devtools.filewatch.FileSystemWatcher$Watcher.scan()V+20
j  org.springframework.boot.devtools.filewatch.FileSystemWatcher$Watcher.run()V+30
j  java.lang.Thread.run()V+11
v  ~StubRoutines::call_stub
V  [jvm.dll+0x158985]
V  [jvm.dll+0x21df3e]
V  [jvm.dll+0x158a1e]
V  [jvm.dll+0x158ba6]
V  [jvm.dll+0x158c17]
V  [jvm.dll+0xfd45f]
V  [jvm.dll+0x17bddc]
V  [jvm.dll+0x17beca]
V  [jvm.dll+0x1c0466]
C  [msvcr100.dll+0x5c556]
C  [msvcr100.dll+0x5c600]
C  [KERNEL32.DLL+0x17c04]
C  [ntdll.dll+0x5ab8f]
C  [ntdll.dll+0x5ab5a]
C  0x00000000

Java frames: (J=compiled Java code, j=interpreted, Vv=VM code)
J 390  java.io.WinNTFileSystem.getBooleanAttributes(Ljava/io/File;)I (0 bytes) @ 0x031a7066 [0x031a7010+0x56]
J 2253 C1 java.io.File.isFile()Z (43 bytes) @ 0x0342a660 [0x0342a5e0+0x80]
J 2261 C1 org.springframework.boot.devtools.filewatch.FolderSnapshot.collectFiles(Ljava/io/File;Ljava/util/Set;)V (99 bytes) @ 0x0342c310 [0x0342c270+0xa0]
J 2261 C1 org.springframework.boot.devtools.filewatch.FolderSnapshot.collectFiles(Ljava/io/File;Ljava/util/Set;)V (99 bytes) @ 0x0342c394 [0x0342c270+0x124]
J 2261 C1 org.springframework.boot.devtools.filewatch.FolderSnapshot.collectFiles(Ljava/io/File;Ljava/util/Set;)V (99 bytes) @ 0x0342c394 [0x0342c270+0x124]
J 2261 C1 org.springframework.boot.devtools.filewatch.FolderSnapshot.collectFiles(Ljava/io/File;Ljava/util/Set;)V (99 bytes) @ 0x0342c394 [0x0342c270+0x124]
J 2261 C1 org.springframework.boot.devtools.filewatch.FolderSnapshot.collectFiles(Ljava/io/File;Ljava/util/Set;)V (99 bytes) @ 0x0342c394 [0x0342c270+0x124]
J 2261 C1 org.springframework.boot.devtools.filewatch.FolderSnapshot.collectFiles(Ljava/io/File;Ljava/util/Set;)V (99 bytes) @ 0x0342c394 [0x0342c270+0x124]
j  org.springframework.boot.devtools.filewatch.FolderSnapshot.<init>(Ljava/io/File;)V+76
j  org.springframework.boot.devtools.filewatch.FileSystemWatcher$Watcher.getCurrentSnapshots()Ljava/util/Map;+49
j  org.springframework.boot.devtools.filewatch.FileSystemWatcher$Watcher.scan()V+20
j  org.springframework.boot.devtools.filewatch.FileSystemWatcher$Watcher.run()V+30
j  java.lang.Thread.run()V+11
v  ~StubRoutines::call_stub

---------------  P R O C E S S  ---------------

Java Threads: ( => current thread )
  0x18015800 JavaThread "MyHikariCP housekeeper" daemon [_thread_blocked, id=7236, stack(0x19070000,0x190c0000)]
  0x18016800 JavaThread "DestroyJavaVM" [_thread_blocked, id=7056, stack(0x02a80000,0x02ad0000)]
  0x18019000 JavaThread "http-nio-8090-Acceptor" daemon [_thread_in_native, id=7176, stack(0x19e90000,0x19ee0000)]
  0x18017400 JavaThread "http-nio-8090-ClientPoller" daemon [_thread_in_native, id=7172, stack(0x19e00000,0x19e50000)]
  0x18016400 JavaThread "http-nio-8090-exec-10" daemon [_thread_blocked, id=6200, stack(0x19d70000,0x19dc0000)]
  0x18017000 JavaThread "http-nio-8090-exec-9" daemon [_thread_blocked, id=1688, stack(0x19ce0000,0x19d30000)]
  0x18018400 JavaThread "http-nio-8090-exec-8" daemon [_thread_blocked, id=4704, stack(0x19b50000,0x19ba0000)]
  0x18018800 JavaThread "http-nio-8090-exec-7" daemon [_thread_blocked, id=6648, stack(0x19ac0000,0x19b10000)]
  0x17ea5400 JavaThread "http-nio-8090-exec-6" daemon [_thread_blocked, id=840, stack(0x19a30000,0x19a80000)]
  0x17ea7400 JavaThread "http-nio-8090-exec-5" daemon [_thread_blocked, id=6120, stack(0x199a0000,0x199f0000)]
  0x17ea7800 JavaThread "http-nio-8090-exec-4" daemon [_thread_blocked, id=6156, stack(0x19910000,0x19960000)]
  0x17ea6c00 JavaThread "http-nio-8090-exec-3" daemon [_thread_blocked, id=3040, stack(0x19880000,0x198d0000)]
  0x17ea6400 JavaThread "http-nio-8090-exec-2" daemon [_thread_blocked, id=7164, stack(0x197f0000,0x19840000)]
  0x17ea6000 JavaThread "http-nio-8090-exec-1" daemon [_thread_blocked, id=1380, stack(0x19760000,0x197b0000)]
  0x17ea8000 JavaThread "http-nio-8090-BlockPoller" daemon [_thread_in_native, id=6632, stack(0x196d0000,0x19720000)]
  0x17ea4800 JavaThread "Live Reload Server" daemon [_thread_in_native, id=6396, stack(0x19640000,0x19690000)]
=>0x17ea5800 JavaThread "File Watcher" daemon [_thread_in_native, id=5580, stack(0x195b0000,0x19600000)]
  0x17ea4c00 JavaThread "container-0" [_thread_blocked, id=6148, stack(0x19320000,0x19370000)]
  0x17eb4000 JavaThread "Catalina-utility-2" [_thread_blocked, id=6984, stack(0x19290000,0x192e0000)]
  0x17eab800 JavaThread "Catalina-utility-1" [_thread_blocked, id=1136, stack(0x19200000,0x19250000)]
  0x17d76400 JavaThread "mysql-cj-abandoned-connection-cleanup" daemon [_thread_blocked, id=5996, stack(0x16ff0000,0x17040000)]
  0x15e7b800 JavaThread "RMI TCP Accept-0" daemon [_thread_in_native, id=7004, stack(0x16250000,0x162a0000)]
  0x15d3e800 JavaThread "Service Thread" daemon [_thread_blocked, id=7160, stack(0x160a0000,0x160f0000)]
  0x15cf8000 JavaThread "C1 CompilerThread0" daemon [_thread_blocked, id=4920, stack(0x16010000,0x16060000)]
  0x15d0a800 JavaThread "Monitor Ctrl-Break" daemon [_thread_in_native, id=3704, stack(0x15f80000,0x15fd0000)]
  0x1569c800 JavaThread "Attach Listener" daemon [_thread_blocked, id=1512, stack(0x15af0000,0x15b40000)]
  0x1569bc00 JavaThread "Signal Dispatcher" daemon [_thread_blocked, id=5756, stack(0x15a60000,0x15ab0000)]
  0x1566c800 JavaThread "Finalizer" daemon [_thread_blocked, id=6692, stack(0x15980000,0x159d0000)]
  0x15667c00 JavaThread "Reference Handler" daemon [_thread_blocked, id=6016, stack(0x158f0000,0x15940000)]

Other Threads:
  0x15663400 VMThread [stack: 0x15860000,0x158b0000] [id=6572]
  0x15e8e400 WatcherThread [stack: 0x162e0000,0x16330000] [id=2256]

VM state:not at safepoint (normal execution)

VM Mutex/Monitor currently owned by a thread: None

Heap:
 def new generation   total 14272K, used 11289K [0x05200000, 0x06170000, 0x0a750000)
  eden space 12736K,  80% used [0x05200000, 0x05bf7b30, 0x05e70000)
  from space 1536K,  70% used [0x05ff0000, 0x060fec20, 0x06170000)
  to   space 1536K,   0% used [0x05e70000, 0x05e70000, 0x05ff0000)
 tenured generation   total 31520K, used 18911K [0x0a750000, 0x0c618000, 0x15200000)
   the space 31520K,  59% used [0x0a750000, 0x0b9c7f20, 0x0b9c8000, 0x0c618000)
 Metaspace       used 28178K, capacity 29547K, committed 29696K, reserved 30080K

Card table byte_map: [0x05100000,0x05190000] byte_map_base: 0x050d7000

Polling page: 0x011c0000

CodeCache: size=32768Kb used=3833Kb max_used=3833Kb free=28935Kb
 bounds [0x03080000, 0x03440000, 0x05080000]
 total_blobs=2482 nmethods=2267 adapters=145
 compilation: enabled

Compilation events (10 events):
Event: 107.610 Thread 0x15cf8000 2303             sun.util.locale.provider.DecimalFormatSymbolsProviderImpl::getInstance (21 bytes)
Event: 107.611 Thread 0x15cf8000 nmethod 2303 0x0343d988 code [0x0343daa0, 0x0343dbf8]
Event: 107.611 Thread 0x15cf8000 2304             java.lang.ThreadLocal$ThreadLocalMap::getEntryAfterMiss (63 bytes)
Event: 107.611 Thread 0x15cf8000 nmethod 2304 0x0343dcc8 code [0x0343dde0, 0x0343df4c]
Event: 107.613 Thread 0x15cf8000 2305             org.apache.coyote.http11.Http11OutputBuffer::write (93 bytes)
Event: 107.613 Thread 0x15cf8000 nmethod 2305 0x0343e088 code [0x0343e1b0, 0x0343e354]
Event: 107.613 Thread 0x15cf8000 2306   !         sun.nio.cs.ISO_8859_1$Encoder::encodeBufferLoop (135 bytes)
Event: 107.614 Thread 0x15cf8000 nmethod 2306 0x0343e588 code [0x0343e700, 0x0343e99c]
Event: 107.614 Thread 0x15cf8000 2307             java.nio.StringCharBuffer::get (19 bytes)
Event: 107.614 Thread 0x15cf8000 nmethod 2307 0x0343ed48 code [0x0343ee60, 0x0343ef68]

GC Heap History (10 events):
Event: 13.980 GC heap before
{Heap before GC invocations=88 (full 3):
 def new generation   total 11200K, used 10827K [0x05200000, 0x05e20000, 0x0a750000)
  eden space 9984K, 100% used [0x05200000, 0x05bc0000, 0x05bc0000)
  from space 1216K,  69% used [0x05bc0000, 0x05c92e58, 0x05cf0000)
  to   space 1216K,   0% used [0x05cf0000, 0x05cf0000, 0x05e20000)
 tenured generation   total 24696K, used 22279K [0x0a750000, 0x0bf6e000, 0x15200000)
   the space 24696K,  90% used [0x0a750000, 0x0bd11db8, 0x0bd11e00, 0x0bf6e000)
 Metaspace       used 25158K, capacity 26437K, committed 26496K, reserved 27008K
Event: 13.986 GC heap after
Heap after GC invocations=89 (full 3):
 def new generation   total 11200K, used 1064K [0x05200000, 0x05e20000, 0x0a750000)
  eden space 9984K,   0% used [0x05200000, 0x05200000, 0x05bc0000)
  from space 1216K,  87% used [0x05cf0000, 0x05dfa0e0, 0x05e20000)
  to   space 1216K,   0% used [0x05bc0000, 0x05bc0000, 0x05cf0000)
 tenured generation   total 24696K, used 22556K [0x0a750000, 0x0bf6e000, 0x15200000)
   the space 24696K,  91% used [0x0a750000, 0x0bd57118, 0x0bd57200, 0x0bf6e000)
 Metaspace       used 25158K, capacity 26437K, committed 26496K, reserved 27008K
}
Event: 14.118 GC heap before
{Heap before GC invocations=89 (full 3):
 def new generation   total 11200K, used 11048K [0x05200000, 0x05e20000, 0x0a750000)
  eden space 9984K, 100% used [0x05200000, 0x05bc0000, 0x05bc0000)
  from space 1216K,  87% used [0x05cf0000, 0x05dfa0e0, 0x05e20000)
  to   space 1216K,   0% used [0x05bc0000, 0x05bc0000, 0x05cf0000)
 tenured generation   total 24696K, used 22556K [0x0a750000, 0x0bf6e000, 0x15200000)
   the space 24696K,  91% used [0x0a750000, 0x0bd57118, 0x0bd57200, 0x0bf6e000)
 Metaspace       used 25672K, capacity 27011K, committed 27136K, reserved 28032K
Event: 14.122 GC heap after
Heap after GC invocations=90 (full 3):
 def new generation   total 11200K, used 762K [0x05200000, 0x05e20000, 0x0a750000)
  eden space 9984K,   0% used [0x05200000, 0x05200000, 0x05bc0000)
  from space 1216K,  62% used [0x05bc0000, 0x05c7e880, 0x05cf0000)
  to   space 1216K,   0% used [0x05cf0000, 0x05cf0000, 0x05e20000)
 tenured generation   total 24696K, used 22792K [0x0a750000, 0x0bf6e000, 0x15200000)
   the space 24696K,  92% used [0x0a750000, 0x0bd922f0, 0x0bd92400, 0x0bf6e000)
 Metaspace       used 25672K, capacity 27011K, committed 27136K, reserved 28032K
}
Event: 14.337 GC heap before
{Heap before GC invocations=90 (full 3):
 def new generation   total 11200K, used 10746K [0x05200000, 0x05e20000, 0x0a750000)
  eden space 9984K, 100% used [0x05200000, 0x05bc0000, 0x05bc0000)
  from space 1216K,  62% used [0x05bc0000, 0x05c7e880, 0x05cf0000)
  to   space 1216K,   0% used [0x05cf0000, 0x05cf0000, 0x05e20000)
 tenured generation   total 24696K, used 22792K [0x0a750000, 0x0bf6e000, 0x15200000)
   the space 24696K,  92% used [0x0a750000, 0x0bd922f0, 0x0bd92400, 0x0bf6e000)
 Metaspace       used 26659K, capacity 27996K, committed 28032K, reserved 28032K
Event: 14.342 GC heap after
Heap after GC invocations=91 (full 3):
 def new generation   total 11200K, used 1216K [0x05200000, 0x05e20000, 0x0a750000)
  eden space 9984K,   0% used [0x05200000, 0x05200000, 0x05bc0000)
  from space 1216K, 100% used [0x05cf0000, 0x05e20000, 0x05e20000)
  to   space 1216K,   0% used [0x05bc0000, 0x05bc0000, 0x05cf0000)
 tenured generation   total 24696K, used 24126K [0x0a750000, 0x0bf6e000, 0x15200000)
   the space 24696K,  97% used [0x0a750000, 0x0bedf940, 0x0bedfa00, 0x0bf6e000)
 Metaspace       used 26659K, capacity 27996K, committed 28032K, reserved 28032K
}
Event: 14.751 GC heap before
{Heap before GC invocations=91 (full 3):
 def new generation   total 11200K, used 11200K [0x05200000, 0x05e20000, 0x0a750000)
  eden space 9984K, 100% used [0x05200000, 0x05bc0000, 0x05bc0000)
  from space 1216K, 100% used [0x05cf0000, 0x05e20000, 0x05e20000)
  to   space 1216K,   0% used [0x05bc0000, 0x05bc0000, 0x05cf0000)
 tenured generation   total 24696K, used 24126K [0x0a750000, 0x0bf6e000, 0x15200000)
   the space 24696K,  97% used [0x0a750000, 0x0bedf940, 0x0bedfa00, 0x0bf6e000)
 Metaspace       used 27575K, capacity 28920K, committed 28928K, reserved 29056K
Event: 14.841 GC heap after
Heap after GC invocations=92 (full 4):
 def new generation   total 14272K, used 0K [0x05200000, 0x06170000, 0x0a750000)
  eden space 12736K,   0% used [0x05200000, 0x05200000, 0x05e70000)
  from space 1536K,   0% used [0x05e70000, 0x05e70000, 0x05ff0000)
  to   space 1536K,   0% used [0x05ff0000, 0x05ff0000, 0x06170000)
 tenured generation   total 31520K, used 18911K [0x0a750000, 0x0c618000, 0x15200000)
   the space 31520K,  59% used [0x0a750000, 0x0b9c7f20, 0x0b9c8000, 0x0c618000)
 Metaspace       used 27505K, capacity 28825K, committed 28928K, reserved 29056K
}
Event: 59.620 GC heap before
{Heap before GC invocations=92 (full 4):
 def new generation   total 14272K, used 12736K [0x05200000, 0x06170000, 0x0a750000)
  eden space 12736K, 100% used [0x05200000, 0x05e70000, 0x05e70000)
  from space 1536K,   0% used [0x05e70000, 0x05e70000, 0x05ff0000)
  to   space 1536K,   0% used [0x05ff0000, 0x05ff0000, 0x06170000)
 tenured generation   total 31520K, used 18911K [0x0a750000, 0x0c618000, 0x15200000)
   the space 31520K,  59% used [0x0a750000, 0x0b9c7f20, 0x0b9c8000, 0x0c618000)
 Metaspace       used 28169K, capacity 29510K, committed 29696K, reserved 30080K
Event: 59.626 GC heap after
Heap after GC invocations=93 (full 4):
 def new generation   total 14272K, used 1083K [0x05200000, 0x06170000, 0x0a750000)
  eden space 12736K,   0% used [0x05200000, 0x05200000, 0x05e70000)
  from space 1536K,  70% used [0x05ff0000, 0x060fec20, 0x06170000)
  to   space 1536K,   0% used [0x05e70000, 0x05e70000, 0x05ff0000)
 tenured generation   total 31520K, used 18911K [0x0a750000, 0x0c618000, 0x15200000)
   the space 31520K,  59% used [0x0a750000, 0x0b9c7f20, 0x0b9c8000, 0x0c618000)
 Metaspace       used 28169K, capacity 29510K, committed 29696K, reserved 30080K
}

Deoptimization events (0 events):
No events

Internal exceptions (10 events):
Event: 14.598 Thread 0x17ea6400 Exception <a 'java/lang/ClassNotFoundException': org/springframework/security/core/userdetails/UserDetailsCustomizer> (0x05a415d8) thrown at [C:\re\workspace\8-2-build-windows-i586-cygwin\jdk8u65\4987\hotspot\src\share\vm\classfile\systemDictionary.cpp, li4¬êš2-@
Event: 14.598 Thread 0x17ea6400 Exception <a 'java/lang/ArrayIndexOutOfBoundsException'> (0x05a43aa0) thrown at [C:\re\workspace\8-2-build-windows-i586-cygwin\jdk8u65\4987\hotspot\src\share\vm\runtime\sharedRuntime.cpp, line 605]
Event: 14.600 Thread 0x17ea6400 Exception <a 'java/lang/ClassNotFoundException': java/lang/ObjectCustomizer> (0x05a564f0) thrown at [C:\re\workspace\8-2-build-windows-i586-cygwin\jdk8u65\4987\hotspot\src\share\vm\classfile\systemDictionary.cpp, line 210]
Event: 14.601 Thread 0x17ea6400 Exception <a 'java/lang/ClassNotFoundException': com/qsz/bmss/domain/SystemUserCustomizer> (0x05a708d8) thrown at [C:\re\workspace\8-2-build-windows-i586-cygwin\jdk8u65\4987\hotspot\src\share\vm\classfile\systemDictionary.cpp, line 210]
Event: 14.601 Thread 0x17ea6400 Exception <a 'java/lang/ArrayIndexOutOfBoundsException'> (0x05a74c58) thrown at [C:\re\workspace\8-2-build-windows-i586-cygwin\jdk8u65\4987\hotspot\src\share\vm\runtime\sharedRuntime.cpp, line 605]
Event: 14.601 Thread 0x17ea6400 Exception <a 'java/lang/ArrayIndexOutOfBoundsException'> (0x05a763a0) thrown at [C:\re\workspace\8-2-build-windows-i586-cygwin\jdk8u65\4987\hotspot\src\share\vm\runtime\sharedRuntime.cpp, line 605]
Event: 14.602 Thread 0x17ea6400 Exception <a 'java/lang/ArrayIndexOutOfBoundsException'> (0x05a89328) thrown at [C:\re\workspace\8-2-build-windows-i586-cygwin\jdk8u65\4987\hotspot\src\share\vm\runtime\sharedRuntime.cpp, line 605]
Event: 14.886 Thread 0x17ea6400 Exception <a 'java/lang/ArrayIndexOutOfBoundsException'> (0x05702730) thrown at [C:\re\workspace\8-2-build-windows-i586-cygwin\jdk8u65\4987\hotspot\src\share\vm\runtime\sharedRuntime.cpp, line 605]
Event: 14.886 Thread 0x17ea6400 Exception <a 'java/lang/ArrayIndexOutOfBoundsException'> (0x05703420) thrown at [C:\re\workspace\8-2-build-windows-i586-cygwin\jdk8u65\4987\hotspot\src\share\vm\runtime\sharedRuntime.cpp, line 605]
Event: 14.893 Thread 0x17ea6400 Exception <a 'java/lang/ArrayIndexOutOfBoundsException'> (0x0578fda8) thrown at [C:\re\workspace\8-2-build-windows-i586-cygwin\jdk8u65\4987\hotspot\src\share\vm\runtime\sharedRuntime.cpp, line 605]

Events (10 events):
Event: 65.821 loading class org/apache/catalina/Session
Event: 65.821 loading class org/apache/catalina/Session done
Event: 107.598 Executing VM operation: RevokeBias
Event: 107.598 Executing VM operation: RevokeBias done
Event: 107.599 Executing VM operation: RevokeBias
Event: 107.599 Executing VM operation: RevokeBias done
Event: 107.599 Executing VM operation: RevokeBias
Event: 107.599 Executing VM operation: RevokeBias done
Event: 107.604 Executing VM operation: RevokeBias
Event: 107.604 Executing VM operation: RevokeBias done


Dynamic libraries:
0x002e0000 - 0x00313000 	D:\Program Files\jdk\bin\java.exe
0x76f00000 - 0x7706f000 	C:\WINDOWS\SYSTEM32\ntdll.dll
0x74c50000 - 0x74d90000 	C:\WINDOWS\SYSTEM32\KERNEL32.DLL
0x75050000 - 0x75127000 	C:\WINDOWS\SYSTEM32\KERNELBASE.dll
0x73900000 - 0x739a0000 	C:\WINDOWS\system32\apphelp.dll
0x5e6c0000 - 0x5e926000 	C:\WINDOWS\AppPatch\AcGenral.DLL
0x74ad0000 - 0x74b93000 	C:\WINDOWS\SYSTEM32\msvcrt.dll
0x76850000 - 0x76891000 	C:\WINDOWS\SYSTEM32\sechost.dll
0x76bc0000 - 0x76bde000 	C:\WINDOWS\SYSTEM32\SspiCli.dll
0x74e80000 - 0x74ec5000 	C:\WINDOWS\SYSTEM32\SHLWAPI.dll
0x71ff0000 - 0x720dd000 	C:\WINDOWS\SYSTEM32\UxTheme.dll
0x76a60000 - 0x76bb3000 	C:\WINDOWS\SYSTEM32\USER32.dll
0x75140000 - 0x7524f000 	C:\WINDOWS\SYSTEM32\GDI32.dll
0x74360000 - 0x74383000 	C:\WINDOWS\SYSTEM32\WINMM.dll
0x5f5d0000 - 0x5f5e3000 	C:\WINDOWS\SYSTEM32\samcli.dll
0x76d00000 - 0x76e29000 	C:\WINDOWS\SYSTEM32\ole32.dll
0x74dd0000 - 0x74e65000 	C:\WINDOWS\SYSTEM32\OLEAUT32.dll
0x5eb60000 - 0x5eb77000 	C:\WINDOWS\SYSTEM32\MSACM32.dll
0x73da0000 - 0x73da8000 	C:\WINDOWS\SYSTEM32\VERSION.dll
0x75250000 - 0x7650c000 	C:\WINDOWS\SYSTEM32\SHELL32.dll
0x744d0000 - 0x744eb000 	C:\WINDOWS\SYSTEM32\USERENV.dll
0x71fd0000 - 0x71fea000 	C:\WINDOWS\SYSTEM32\dwmapi.dll
0x74130000 - 0x7427b000 	C:\WINDOWS\SYSTEM32\urlmon.dll
0x76680000 - 0x766fc000 	C:\WINDOWS\SYSTEM32\ADVAPI32.dll
0x72e70000 - 0x72ed5000 	C:\WINDOWS\SYSTEM32\WINSPOOL.DRV
0x71d20000 - 0x71d36000 	C:\WINDOWS\SYSTEM32\MPR.dll
0x747e0000 - 0x7489a000 	C:\WINDOWS\SYSTEM32\RPCRT4.dll
0x746e0000 - 0x746ea000 	C:\WINDOWS\SYSTEM32\CRYPTBASE.dll
0x74ed0000 - 0x7504d000 	C:\WINDOWS\SYSTEM32\combase.dll
0x73d50000 - 0x73d73000 	C:\WINDOWS\SYSTEM32\WINMMBASE.dll
0x744c0000 - 0x744cf000 	C:\WINDOWS\SYSTEM32\profapi.dll
0x73b10000 - 0x73d44000 	C:\WINDOWS\SYSTEM32\iertutil.dll
0x73db0000 - 0x73fbd000 	C:\WINDOWS\SYSTEM32\WININET.dll
0x74680000 - 0x746d4000 	C:\WINDOWS\SYSTEM32\bcryptPrimitives.dll
0x74770000 - 0x747ac000 	C:\WINDOWS\SYSTEM32\cfgmgr32.dll
0x73ad0000 - 0x73af1000 	C:\WINDOWS\SYSTEM32\DEVOBJ.dll
0x74430000 - 0x744bb000 	C:\WINDOWS\SYSTEM32\SHCORE.DLL
0x747b0000 - 0x747d7000 	C:\WINDOWS\system32\IMM32.DLL
0x76be0000 - 0x76cf2000 	C:\WINDOWS\SYSTEM32\MSCTF.dll
0x722e0000 - 0x724e6000 	C:\WINDOWS\WinSxS\x86_microsoft.windows.common-controls_6595b64144ccf1df_6.0.9600.17810_none_a9edf09f013934e0\COMCTL32.dll
0x5eaa0000 - 0x5eb5f000 	D:\Program Files\jdk\jre\bin\msvcr100.dll
0x5e2f0000 - 0x5e6b4000 	D:\Program Files\jdk\jre\bin\client\jvm.dll
0x743d0000 - 0x743d8000 	C:\WINDOWS\SYSTEM32\WSOCK32.dll
0x74c40000 - 0x74c46000 	C:\WINDOWS\SYSTEM32\PSAPI.DLL
0x76800000 - 0x76850000 	C:\WINDOWS\SYSTEM32\WS2_32.dll
0x74e70000 - 0x74e77000 	C:\WINDOWS\SYSTEM32\NSI.dll
0x69a80000 - 0x69a8c000 	D:\Program Files\jdk\jre\bin\verify.dll
0x5ea70000 - 0x5ea91000 	D:\Program Files\jdk\jre\bin\java.dll
0x5e9c0000 - 0x5e9e0000 	D:\Program Files\jdk\jre\bin\instrument.dll
0x5ea50000 - 0x5ea63000 	D:\Program Files\jdk\jre\bin\zip.dll
0x5e9a0000 - 0x5e9b6000 	D:\Program Files\JetBrains\IntelliJ IDEA 2019.3.3\bin\breakgen.dll
0x5ea30000 - 0x5ea46000 	D:\Program Files\jdk\jre\bin\net.dll
0x743e0000 - 0x7442b000 	C:\WINDOWS\system32\mswsock.dll
0x730a0000 - 0x7311e000 	C:\WINDOWS\SYSTEM32\DNSAPI.dll
0x72bd0000 - 0x72bd8000 	C:\Windows\System32\rasadhlp.dll
0x72b80000 - 0x72bc6000 	C:\WINDOWS\System32\fwpuclnt.dll
0x5e9e0000 - 0x5e9ea000 	D:\Program Files\jdk\jre\bin\management.dll
0x5ea20000 - 0x5ea2f000 	D:\Program Files\jdk\jre\bin\nio.dll
0x72d10000 - 0x72d29000 	C:\WINDOWS\SYSTEM32\CRYPTSP.dll
0x72ce0000 - 0x72d10000 	C:\WINDOWS\system32\rsaenh.dll
0x72cc0000 - 0x72cde000 	C:\WINDOWS\SYSTEM32\bcrypt.dll
0x73d80000 - 0x73da0000 	C:\WINDOWS\SYSTEM32\IPHLPAPI.DLL
0x73b00000 - 0x73b08000 	C:\WINDOWS\SYSTEM32\WINNSI.DLL
0x72c60000 - 0x72c73000 	C:\WINDOWS\SYSTEM32\dhcpcsvc6.DLL
0x73aa0000 - 0x73ab4000 	C:\WINDOWS\SYSTEM32\dhcpcsvc.DLL
0x72c40000 - 0x72c51000 	C:\WINDOWS\system32\napinsp.dll
0x72c20000 - 0x72c36000 	C:\WINDOWS\system32\pnrpnsp.dll
0x72c00000 - 0x72c14000 	C:\WINDOWS\system32\NLAapi.dll
0x72bf0000 - 0x72bfa000 	C:\WINDOWS\System32\winrnr.dll
0x72be0000 - 0x72bf0000 	C:\WINDOWS\system32\wshbth.dll
0x73120000 - 0x73261000 	C:\WINDOWS\SYSTEM32\dbghelp.dll

VM Arguments:
jvm_args: -XX:TieredStopAtLevel=1 -Xverify:none -Dspring.output.ansi.enabled=always -Dcom.sun.management.jmxremote -Dspring.jmx.enabled=true -Dspring.liveBeansView.mbeanDomain -Dspring.application.admin.enabled=true -javaagent:D:\Program Files\JetBrains\IntelliJ IDEA 2019.3.3\lib\idea_rt.jar=49879:D:\Program Files\JetBrains\IntelliJ IDEA 2019.3.3\bin -Dfile.encoding=UTF-8 
java_command: com.qsz.bmss.BmssApplication
java_class_path (initial): D:\Program Files\jdk\jre\lib\charsets.jar;D:\Program Files\jdk\jre\lib\deploy.jar;D:\Program Files\jdk\jre\lib\ext\access-bridge.jar;D:\Program Files\jdk\jre\lib\ext\cldrdata.jar;D:\Program Files\jdk\jre\lib\ext\dnsns.jar;D:\Program Files\jdk\jre\lib\ext\jaccess.jar;D:\Program Files\jdk\jre\lib\ext\jfxrt.jar;D:\Program Files\jdk\jre\lib\ext\localedata.jar;D:\Program Files\jdk\jre\lib\ext\nashorn.jar;D:\Program Files\jdk\jre\lib\ext\sunec.jar;D:\Program Files\jdk\jre\lib\ext\sunjce_provider.jar;D:\Program Files\jdk\jre\lib\ext\sunmscapi.jar;D:\Program Files\jdk\jre\lib\ext\sunpkcs11.jar;D:\Program Files\jdk\jre\lib\ext\zipfs.jar;D:\Program Files\jdk\jre\lib\javaws.jar;D:\Program Files\jdk\jre\lib\jce.jar;D:\Program Files\jdk\jre\lib\jfr.jar;D:\Program Files\jdk\jre\lib\jfxswt.jar;D:\Program Files\jdk\jre\lib\jsse.jar;D:\Program Files\jdk\jre\lib\management-agent.jar;D:\Program Files\jdk\jre\lib\plugin.jar;D:\Program Files\jdk\jre\lib\resources.jar;D:\Program Files\jdk\jre\lib\rt.jar;G:\QszWork\qsz-admin\bmss\build\classes\java\main;G:\QszWork\qsz-admin\bmss\build\resources\main;E:\gradle\caches\modules-2\files-2.1\com.alibaba\fastjson\1.2.62\9243497a2f1f9d40d7d1d8d852f0abdc71955532\fastjson-1.2.62.jar;E:\gradle\caches\modules-2\files-2.1\org.springframework.security\spring-security-jwt\1.0.10.RELEASE\19a1ca7a83e9d263a31af5f529da460f8f863451\spring-security-jwt-1.0.10.RELEASE.jar;E:\gradle\caches\modules-2\files-2.1\io.jsonwebtoken\jjwt\0.9.1\54d2abfc3e63a28824d35bf600d6a5d627da681a\jjwt-0.9.1.jar;E:\gradle\caches\modules-2\files-2.1\mysql\mysql-connector-java\8.0.18\e088efaa4b568bc7d9f7274b9c5ea1a00da1a45c\mysql-connector-java-8.0.18.jar;E:\gradle\caches\modules-2\files-2.1\com.baomidou\mybatis-plus-boot-starter\3.2.0\b9459d99c7ace222dd96476d218b11efa3b2e625\mybatis-plus-boot-starter-3.2.0.jar;E:\gradle\caches\modules-2\files-2.1\com.github.pagehelper\pagehelper-spring-boot-starter\1.2.12\813bb735ebbf290339163b8d2aeb8df6598b7c93\pagehelpe
Launcher Type: SUN_STANDARD

Environment Variables:
JAVA_HOME=D:\Program Files\jdk
CLASSPATH=.;D:\Program Files\jdk\lib\dt.jar;D:\Program Files\jdk\lib\tools.jar
PATH=C:\Program Files (x86)\Intel\iCLS Client\;C:\Program Files\Intel\iCLS Client\;C:\Program Files (x86)\NVIDIA Corporation\PhysX\Common;C:\WINDOWS\system32;C:\WINDOWS;C:\WINDOWS\System32\Wbem;C:\WINDOWS\System32\WindowsPowerShell\v1.0\;C:\Program Files\Intel\Intel(R) Management Engine Components\DAL;C:\Program Files (x86)\Intel\Intel(R) Management Engine Components\DAL;C:\Program Files\Intel\Intel(R) Management Engine Components\IPT;C:\Program Files (x86)\Intel\Intel(R) Management Engine Components\IPT;D:\Program Files\jdk\bin;D:\Program Files\jdk\jre\bin;D:\Program Files\Git\cmd;C:\Program Files\TortoiseGit\bin;D:\apache-tomcat-7.0.63\lib;D:\apache-tomcat-7.0.63\bin;D:\sqlite;E:\adt\sdk\platform-tools;E:\adt\sdk\tools;D:\Program Files\apache-maven-3.6.1-bin\apache-maven-3.6.1\bin;C:\gradle\bin;C:\Program Files\MySQL\MySQL Server 5.7\bin;D:\Program Files\apache-maven-3.6.1-bin\apache-maven-3.6.1\bin;D:\Program Files\nodejs\;C:\Users\asus\AppData\Roaming\npm
USERNAME=asus
OS=Windows_NT
PROCESSOR_IDENTIFIER=Intel64 Family 6 Model 61 Stepping 4, GenuineIntel



---------------  S Y S T E M  ---------------

OS: Windows 8.1 , 64 bit Build 9600 (6.3.9600.17415)

CPU:total 4 (2 cores per cpu, 2 threads per core) family 6 model 61 stepping 4, cmov, cx8, fxsr, mmx, sse, sse2, sse3, ssse3, sse4.1, sse4.2, popcnt, avx, avx2, aes, clmul, erms, 3dnowpref, lzcnt, ht, tsc, tscinvbit, bmi1, bmi2, adx

Memory: 4k page, physical 12482980k(6493524k free), swap 15432100k(9089056k free)

vm_info: Java HotSpot(TM) Client VM (25.65-b01) for windows-x86 JRE (1.8.0_65-b17), built on Oct  6 2015 17:26:22 by "java_re" with MS VC++ 10.0 (VS2010)

time: Thu Jun 25 17:31:46 2020
elapsed time: 141 seconds (0d 0h 2m 21s)

