#
# A fatal error has been detected by the Java Runtime Environment:
#
#  EXCEPTION_ACCESS_VIOLATION (0xc0000005) at pc=0x77669fea, pid=85556, tid=61376
#
# JRE version: Java(TM) SE Runtime Environment (8.0_65-b17) (build 1.8.0_65-b17)
# Java VM: Java HotSpot(TM) Client VM (25.65-b01 mixed mode windows-x86 )
# Problematic frame:
# C  [ntdll.dll+0x49fea]
#
# Failed to write core dump. Minidumps are not enabled by default on client versions of Windows
#
# If you would like to submit a bug report, please visit:
#   http://bugreport.java.com/bugreport/crash.jsp
# The crash happened outside the Java Virtual Machine in native code.
# See problematic frame for where to report the bug.
#

---------------  T H R E A D  ---------------

Current thread (0x17a73c00):  JavaThread "File Watcher" daemon [_thread_in_native, id=61376, stack(0x19090000,0x190e0000)]

siginfo: ExceptionCode=0xc0000005, writing address 0x0000006e

Registers:
EAX=0x16f1ba52, EBX=0x00000000, ECX=0x0000005c, EDX=0x0000006e
ESP=0x190ded1c, EBP=0x190ded38, ESI=0x169cb958, EDI=0x000000dc
EIP=0x77669fea, EFLAGS=0x00010212

Top of Stack: (sp=0x190ded1c)
0x190ded1c:   190dedf8 190dee50 000000e8 00de00dc
0x190ded2c:   169cb958 00000000 00000000 190dedd8
0x190ded3c:   77669d87 2ad75f40 00000000 190dee28
0x190ded4c:   15179110 0000000a 00000002 00fd0000
0x190ded5c:   190dee4c 00000009 0000006e 169cafec
0x190ded6c:   00000009 00000012 000000dc 00000010
0x190ded7c:   00000000 00fd1a78 190dedf8 190dee14
0x190ded8c:   77660ea9 00000000 00000000 00000000 

Instructions: (pc=0x77669fea)
0x77669fca:   5c 0f 84 9b fc ff ff b8 5c 00 00 00 66 89 04 4b
0x77669fda:   41 89 4d a4 46 89 75 b0 e9 7b fe ff ff 8b cf 83
0x77669fea:   c0 02 d1 e9 8d 0c 4e 3b c1 0f 83 5b fc ff ff 66
0x77669ffa:   8b 08 66 83 c9 20 0f b7 c9 83 f9 70 74 18 83 f9 


Register to memory mapping:

EAX=0x16f1ba52 is pointing into metadata
EBX=0x00000000 is an unknown value
ECX=0x0000005c is an unknown value
EDX=0x0000006e is an unknown value
ESP=0x190ded1c is pointing into the stack for thread: 0x17a73c00
EBP=0x190ded38 is pointing into the stack for thread: 0x17a73c00
ESI=0x169cb958 is an unknown value
EDI=0x000000dc is an unknown value


Stack: [0x19090000,0x190e0000],  sp=0x190ded1c,  free space=315k
Native frames: (J=compiled Java code, j=interpreted, Vv=VM code, C=native code)
C  [ntdll.dll+0x49fea]
C  [ntdll.dll+0x49d87]
C  [ntdll.dll+0x66070]
C  [KERNELBASE.dll+0x1802f]
C  [java.dll+0x7fd4]
C  [java.dll+0x80cd]
J 2041 C1 java.io.File.isFile()Z (43 bytes) @ 0x033139e0 [0x03313960+0x80]
J 2050 C1 org.springframework.boot.devtools.filewatch.FolderSnapshot.collectFiles(Ljava/io/File;Ljava/util/Set;)V (99 bytes) @ 0x03315910 [0x03315870+0xa0]
J 2050 C1 org.springframework.boot.devtools.filewatch.FolderSnapshot.collectFiles(Ljava/io/File;Ljava/util/Set;)V (99 bytes) @ 0x03315994 [0x03315870+0x124]
J 2050 C1 org.springframework.boot.devtools.filewatch.FolderSnapshot.collectFiles(Ljava/io/File;Ljava/util/Set;)V (99 bytes) @ 0x03315994 [0x03315870+0x124]
J 2050 C1 org.springframework.boot.devtools.filewatch.FolderSnapshot.collectFiles(Ljava/io/File;Ljava/util/Set;)V (99 bytes) @ 0x03315994 [0x03315870+0x124]
J 2050 C1 org.springframework.boot.devtools.filewatch.FolderSnapshot.collectFiles(Ljava/io/File;Ljava/util/Set;)V (99 bytes) @ 0x03315994 [0x03315870+0x124]
J 2050 C1 org.springframework.boot.devtools.filewatch.FolderSnapshot.collectFiles(Ljava/io/File;Ljava/util/Set;)V (99 bytes) @ 0x03315994 [0x03315870+0x124]
j  org.springframework.boot.devtools.filewatch.FolderSnapshot.<init>(Ljava/io/File;)V+76
J 2107 C1 org.springframework.boot.devtools.filewatch.FileSystemWatcher$Watcher.getCurrentSnapshots()Ljava/util/Map; (63 bytes) @ 0x03324d84 [0x03324c80+0x104]
j  org.springframework.boot.devtools.filewatch.FileSystemWatcher$Watcher.scan()V+20
j  org.springframework.boot.devtools.filewatch.FileSystemWatcher$Watcher.run()V+30
j  java.lang.Thread.run()V+11
v  ~StubRoutines::call_stub
V  [jvm.dll+0x158985]
V  [jvm.dll+0x21df3e]
V  [jvm.dll+0x158a1e]
V  [jvm.dll+0x158ba6]
V  [jvm.dll+0x158c17]
V  [jvm.dll+0xfd45f]
V  [jvm.dll+0x17bddc]
V  [jvm.dll+0x17beca]
V  [jvm.dll+0x1c0466]
C  [msvcr100.dll+0x5c556]
C  [msvcr100.dll+0x5c600]
C  [KERNEL32.DLL+0x17c04]
C  [ntdll.dll+0x5ab8f]
C  [ntdll.dll+0x5ab5a]
C  0x00000000

Java frames: (J=compiled Java code, j=interpreted, Vv=VM code)
J 349  java.io.WinNTFileSystem.getBooleanAttributes(Ljava/io/File;)I (0 bytes) @ 0x030d8fe6 [0x030d8f90+0x56]
J 2041 C1 java.io.File.isFile()Z (43 bytes) @ 0x033139e0 [0x03313960+0x80]
J 2050 C1 org.springframework.boot.devtools.filewatch.FolderSnapshot.collectFiles(Ljava/io/File;Ljava/util/Set;)V (99 bytes) @ 0x03315910 [0x03315870+0xa0]
J 2050 C1 org.springframework.boot.devtools.filewatch.FolderSnapshot.collectFiles(Ljava/io/File;Ljava/util/Set;)V (99 bytes) @ 0x03315994 [0x03315870+0x124]
J 2050 C1 org.springframework.boot.devtools.filewatch.FolderSnapshot.collectFiles(Ljava/io/File;Ljava/util/Set;)V (99 bytes) @ 0x03315994 [0x03315870+0x124]
J 2050 C1 org.springframework.boot.devtools.filewatch.FolderSnapshot.collectFiles(Ljava/io/File;Ljava/util/Set;)V (99 bytes) @ 0x03315994 [0x03315870+0x124]
J 2050 C1 org.springframework.boot.devtools.filewatch.FolderSnapshot.collectFiles(Ljava/io/File;Ljava/util/Set;)V (99 bytes) @ 0x03315994 [0x03315870+0x124]
J 2050 C1 org.springframework.boot.devtools.filewatch.FolderSnapshot.collectFiles(Ljava/io/File;Ljava/util/Set;)V (99 bytes) @ 0x03315994 [0x03315870+0x124]
j  org.springframework.boot.devtools.filewatch.FolderSnapshot.<init>(Ljava/io/File;)V+76
J 2107 C1 org.springframework.boot.devtools.filewatch.FileSystemWatcher$Watcher.getCurrentSnapshots()Ljava/util/Map; (63 bytes) @ 0x03324d84 [0x03324c80+0x104]
j  org.springframework.boot.devtools.filewatch.FileSystemWatcher$Watcher.scan()V+20
j  org.springframework.boot.devtools.filewatch.FileSystemWatcher$Watcher.run()V+30
j  java.lang.Thread.run()V+11
v  ~StubRoutines::call_stub

---------------  P R O C E S S  ---------------

Java Threads: ( => current thread )
  0x17aa3000 JavaThread "DestroyJavaVM" [_thread_blocked, id=76852, stack(0x02990000,0x029e0000)]
  0x17a7a800 JavaThread "http-nio-8090-Acceptor" daemon [_thread_in_native, id=88108, stack(0x19a70000,0x19ac0000)]
  0x17a7bc00 JavaThread "http-nio-8090-ClientPoller" daemon [_thread_in_native, id=75424, stack(0x199e0000,0x19a30000)]
  0x17a7d400 JavaThread "http-nio-8090-exec-10" daemon [_thread_blocked, id=66760, stack(0x19850000,0x198a0000)]
  0x17a7b400 JavaThread "http-nio-8090-exec-9" daemon [_thread_blocked, id=81464, stack(0x197c0000,0x19810000)]
  0x17a7c800 JavaThread "http-nio-8090-exec-8" daemon [_thread_blocked, id=86024, stack(0x19730000,0x19780000)]
  0x17a7a400 JavaThread "http-nio-8090-exec-7" daemon [_thread_blocked, id=62272, stack(0x196a0000,0x196f0000)]
  0x17a7b000 JavaThread "http-nio-8090-exec-6" daemon [_thread_blocked, id=58808, stack(0x19610000,0x19660000)]
  0x17a7c400 JavaThread "http-nio-8090-exec-5" daemon [_thread_blocked, id=75368, stack(0x19580000,0x195d0000)]
  0x17a7d000 JavaThread "http-nio-8090-exec-4" daemon [_thread_blocked, id=90888, stack(0x194f0000,0x19540000)]
  0x17a79c00 JavaThread "http-nio-8090-exec-3" daemon [_thread_blocked, id=83936, stack(0x19460000,0x194b0000)]
  0x17a73000 JavaThread "http-nio-8090-exec-2" daemon [_thread_blocked, id=87152, stack(0x193d0000,0x19420000)]
  0x17a73800 JavaThread "http-nio-8090-exec-1" daemon [_thread_blocked, id=60708, stack(0x19340000,0x19390000)]
  0x17a74800 JavaThread "http-nio-8090-BlockPoller" daemon [_thread_in_native, id=48476, stack(0x19220000,0x19270000)]
  0x17a74400 JavaThread "Live Reload Server" daemon [_thread_in_native, id=9484, stack(0x192b0000,0x19300000)]
=>0x17a73c00 JavaThread "File Watcher" daemon [_thread_in_native, id=61376, stack(0x19090000,0x190e0000)]
  0x155eb400 JavaThread "container-0" [_thread_blocked, id=60260, stack(0x18e00000,0x18e50000)]
  0x155ea800 JavaThread "Catalina-utility-2" [_thread_blocked, id=73436, stack(0x18d70000,0x18dc0000)]
  0x155ea000 JavaThread "Catalina-utility-1" [_thread_blocked, id=86760, stack(0x18ce0000,0x18d30000)]
  0x17870400 JavaThread "mysql-cj-abandoned-connection-cleanup" daemon [_thread_blocked, id=77420, stack(0x188a0000,0x188f0000)]
  0x15527c00 JavaThread "Service Thread" daemon [_thread_blocked, id=78124, stack(0x159e0000,0x15a30000)]
  0x154f3400 JavaThread "C1 CompilerThread0" daemon [_thread_blocked, id=43204, stack(0x15950000,0x159a0000)]
  0x154f1c00 JavaThread "Attach Listener" daemon [_thread_blocked, id=90668, stack(0x158c0000,0x15910000)]
  0x154f1000 JavaThread "Signal Dispatcher" daemon [_thread_blocked, id=86172, stack(0x15830000,0x15880000)]
  0x154cbc00 JavaThread "Finalizer" daemon [_thread_blocked, id=39932, stack(0x15750000,0x157a0000)]
  0x154c6c00 JavaThread "Reference Handler" daemon [_thread_blocked, id=78312, stack(0x156c0000,0x15710000)]

Other Threads:
  0x154c2800 VMThread [stack: 0x02c70000,0x02cc0000] [id=76604]
  0x15529000 WatcherThread [stack: 0x15a70000,0x15ac0000] [id=72460]

VM state:not at safepoint (normal execution)

VM Mutex/Monitor currently owned by a thread: None

Heap:
 def new generation   total 11008K, used 8409K [0x05000000, 0x05bf0000, 0x0a550000)
  eden space 9792K,  85% used [0x05000000, 0x058325a8, 0x05990000)
  from space 1216K,   1% used [0x05990000, 0x05994160, 0x05ac0000)
  to   space 1216K,   0% used [0x05ac0000, 0x05ac0000, 0x05bf0000)
 tenured generation   total 24332K, used 17598K [0x0a550000, 0x0bd13000, 0x15000000)
   the space 24332K,  72% used [0x0a550000, 0x0b67fb60, 0x0b67fc00, 0x0bd13000)
 Metaspace       used 22987K, capacity 24282K, committed 24320K, reserved 24960K

Card table byte_map: [0x02be0000,0x02c70000] byte_map_base: 0x02bb8000

Polling page: 0x00ff0000

CodeCache: size=32768Kb used=3484Kb max_used=3484Kb free=29283Kb
 bounds [0x02fc0000, 0x03328000, 0x04fc0000]
 total_blobs=2275 nmethods=2074 adapters=131
 compilation: enabled

Compilation events (10 events):
Event: 609.942 Thread 0x154f3400 2112             java.util.Collections::unmodifiableSet (9 bytes)
Event: 609.942 Thread 0x154f3400 nmethod 2112 0x03326748 code [0x03326850, 0x0332697c]
Event: 611.223 Thread 0x154f3400 2113             java.util.concurrent.locks.AbstractQueuedSynchronizer$ConditionObject::await (98 bytes)
Event: 611.224 Thread 0x154f3400 nmethod 2113 0x03326a48 code [0x03326bf0, 0x03327044]
Event: 651.866 Thread 0x154f3400 2115             java.lang.Thread::isInterrupted (6 bytes)
Event: 651.866 Thread 0x154f3400 nmethod 2115 0x03327808 code [0x03327900, 0x0332799c]
Event: 673.946 Thread 0x154f3400 2116             java.util.concurrent.atomic.AtomicInteger::set (6 bytes)
Event: 673.946 Thread 0x154f3400 nmethod 2116 0x03327a08 code [0x03327b00, 0x03327b80]
Event: 689.227 Thread 0x154f3400 2117             java.util.concurrent.ConcurrentHashMap$Traverser::<init> (36 bytes)
Event: 689.228 Thread 0x154f3400 nmethod 2117 0x03327bc8 code [0x03327cc0, 0x03327d70]

GC Heap History (10 events):
Event: 214.248 GC heap before
{Heap before GC invocations=79 (full 3):
 def new generation   total 11008K, used 9812K [0x05000000, 0x05bf0000, 0x0a550000)
  eden space 9792K, 100% used [0x05000000, 0x05990000, 0x05990000)
  from space 1216K,   1% used [0x05ac0000, 0x05ac5080, 0x05bf0000)
  to   space 1216K,   0% used [0x05990000, 0x05990000, 0x05ac0000)
 tenured generation   total 24332K, used 17598K [0x0a550000, 0x0bd13000, 0x15000000)
   the space 24332K,  72% used [0x0a550000, 0x0b67fb60, 0x0b67fc00, 0x0bd13000)
 Metaspace       used 22987K, capacity 24282K, committed 24320K, reserved 24960K
Event: 214.250 GC heap after
Heap after GC invocations=80 (full 3):
 def new generation   total 11008K, used 15K [0x05000000, 0x05bf0000, 0x0a550000)
  eden space 9792K,   0% used [0x05000000, 0x05000000, 0x05990000)
  from space 1216K,   1% used [0x05990000, 0x05993fa8, 0x05ac0000)
  to   space 1216K,   0% used [0x05ac0000, 0x05ac0000, 0x05bf0000)
 tenured generation   total 24332K, used 17598K [0x0a550000, 0x0bd13000, 0x15000000)
   the space 24332K,  72% used [0x0a550000, 0x0b67fb60, 0x0b67fc00, 0x0bd13000)
 Metaspace       used 22987K, capacity 24282K, committed 24320K, reserved 24960K
}
Event: 312.218 GC heap before
{Heap before GC invocations=80 (full 3):
 def new generation   total 11008K, used 9807K [0x05000000, 0x05bf0000, 0x0a550000)
  eden space 9792K, 100% used [0x05000000, 0x05990000, 0x05990000)
  from space 1216K,   1% used [0x05990000, 0x05993fa8, 0x05ac0000)
  to   space 1216K,   0% used [0x05ac0000, 0x05ac0000, 0x05bf0000)
 tenured generation   total 24332K, used 17598K [0x0a550000, 0x0bd13000, 0x15000000)
   the space 24332K,  72% used [0x0a550000, 0x0b67fb60, 0x0b67fc00, 0x0bd13000)
 Metaspace       used 22987K, capacity 24282K, committed 24320K, reserved 24960K
Event: 312.221 GC heap after
Heap after GC invocations=81 (full 3):
 def new generation   total 11008K, used 0K [0x05000000, 0x05bf0000, 0x0a550000)
  eden space 9792K,   0% used [0x05000000, 0x05000000, 0x05990000)
  from space 1216K,   0% used [0x05ac0000, 0x05ac03a8, 0x05bf0000)
  to   space 1216K,   0% used [0x05990000, 0x05990000, 0x05ac0000)
 tenured generation   total 24332K, used 17598K [0x0a550000, 0x0bd13000, 0x15000000)
   the space 24332K,  72% used [0x0a550000, 0x0b67fb60, 0x0b67fc00, 0x0bd13000)
 Metaspace       used 22987K, capacity 24282K, committed 24320K, reserved 24960K
}
Event: 410.266 GC heap before
{Heap before GC invocations=81 (full 3):
 def new generation   total 11008K, used 9792K [0x05000000, 0x05bf0000, 0x0a550000)
  eden space 9792K, 100% used [0x05000000, 0x05990000, 0x05990000)
  from space 1216K,   0% used [0x05ac0000, 0x05ac03a8, 0x05bf0000)
  to   space 1216K,   0% used [0x05990000, 0x05990000, 0x05ac0000)
 tenured generation   total 24332K, used 17598K [0x0a550000, 0x0bd13000, 0x15000000)
   the space 24332K,  72% used [0x0a550000, 0x0b67fb60, 0x0b67fc00, 0x0bd13000)
 Metaspace       used 22987K, capacity 24282K, committed 24320K, reserved 24960K
Event: 410.268 GC heap after
Heap after GC invocations=82 (full 3):
 def new generation   total 11008K, used 16K [0x05000000, 0x05bf0000, 0x0a550000)
  eden space 9792K,   0% used [0x05000000, 0x05000000, 0x05990000)
  from space 1216K,   1% used [0x05990000, 0x05994050, 0x05ac0000)
  to   space 1216K,   0% used [0x05ac0000, 0x05ac0000, 0x05bf0000)
 tenured generation   total 24332K, used 17598K [0x0a550000, 0x0bd13000, 0x15000000)
   the space 24332K,  72% used [0x0a550000, 0x0b67fb60, 0x0b67fc00, 0x0bd13000)
 Metaspace       used 22987K, capacity 24282K, committed 24320K, reserved 24960K
}
Event: 508.220 GC heap before
{Heap before GC invocations=82 (full 3):
 def new generation   total 11008K, used 9808K [0x05000000, 0x05bf0000, 0x0a550000)
  eden space 9792K, 100% used [0x05000000, 0x05990000, 0x05990000)
  from space 1216K,   1% used [0x05990000, 0x05994050, 0x05ac0000)
  to   space 1216K,   0% used [0x05ac0000, 0x05ac0000, 0x05bf0000)
 tenured generation   total 24332K, used 17598K [0x0a550000, 0x0bd13000, 0x15000000)
   the space 24332K,  72% used [0x0a550000, 0x0b67fb60, 0x0b67fc00, 0x0bd13000)
 Metaspace       used 22987K, capacity 24282K, committed 24320K, reserved 24960K
Event: 508.222 GC heap after
Heap after GC invocations=83 (full 3):
 def new generation   total 11008K, used 0K [0x05000000, 0x05bf0000, 0x0a550000)
  eden space 9792K,   0% used [0x05000000, 0x05000000, 0x05990000)
  from space 1216K,   0% used [0x05ac0000, 0x05ac03f8, 0x05bf0000)
  to   space 1216K,   0% used [0x05990000, 0x05990000, 0x05ac0000)
 tenured generation   total 24332K, used 17598K [0x0a550000, 0x0bd13000, 0x15000000)
   the space 24332K,  72% used [0x0a550000, 0x0b67fb60, 0x0b67fc00, 0x0bd13000)
 Metaspace       used 22987K, capacity 24282K, committed 24320K, reserved 24960K
}
Event: 606.286 GC heap before
{Heap before GC invocations=83 (full 3):
 def new generation   total 11008K, used 9792K [0x05000000, 0x05bf0000, 0x0a550000)
  eden space 9792K, 100% used [0x05000000, 0x05990000, 0x05990000)
  from space 1216K,   0% used [0x05ac0000, 0x05ac03f8, 0x05bf0000)
  to   space 1216K,   0% used [0x05990000, 0x05990000, 0x05ac0000)
 tenured generation   total 24332K, used 17598K [0x0a550000, 0x0bd13000, 0x15000000)
   the space 24332K,  72% used [0x0a550000, 0x0b67fb60, 0x0b67fc00, 0x0bd13000)
 Metaspace       used 22987K, capacity 24282K, committed 24320K, reserved 24960K
Event: 606.289 GC heap after
Heap after GC invocations=84 (full 3):
 def new generation   total 11008K, used 16K [0x05000000, 0x05bf0000, 0x0a550000)
  eden space 9792K,   0% used [0x05000000, 0x05000000, 0x05990000)
  from space 1216K,   1% used [0x05990000, 0x05994160, 0x05ac0000)
  to   space 1216K,   0% used [0x05ac0000, 0x05ac0000, 0x05bf0000)
 tenured generation   total 24332K, used 17598K [0x0a550000, 0x0bd13000, 0x15000000)
   the space 24332K,  72% used [0x0a550000, 0x0b67fb60, 0x0b67fc00, 0x0bd13000)
 Metaspace       used 22987K, capacity 24282K, committed 24320K, reserved 24960K
}

Deoptimization events (0 events):
No events

Internal exceptions (10 events):
Event: 8.969 Thread 0x15e2a000 Exception <a 'java/lang/ArrayIndexOutOfBoundsException'> (0x056ae0b0) thrown at [C:\re\workspace\8-2-build-windows-i586-cygwin\jdk8u65\4987\hotspot\src\share\vm\runtime\sharedRuntime.cpp, line 605]
Event: 8.969 Thread 0x15e2a000 Exception <a 'java/lang/ArrayIndexOutOfBoundsException'> (0x056aefa8) thrown at [C:\re\workspace\8-2-build-windows-i586-cygwin\jdk8u65\4987\hotspot\src\share\vm\runtime\sharedRuntime.cpp, line 605]
Event: 9.052 Thread 0x15e2a000 Exception <a 'java/lang/ArrayIndexOutOfBoundsException'> (0x051fb058) thrown at [C:\re\workspace\8-2-build-windows-i586-cygwin\jdk8u65\4987\hotspot\src\share\vm\runtime\sharedRuntime.cpp, line 605]
Event: 9.053 Thread 0x15e2a000 Exception <a 'java/lang/ArrayIndexOutOfBoundsException'> (0x051fe5c0) thrown at [C:\re\workspace\8-2-build-windows-i586-cygwin\jdk8u65\4987\hotspot\src\share\vm\runtime\sharedRuntime.cpp, line 605]
Event: 9.071 Thread 0x15e2a000 Exception <a 'java/lang/ArrayIndexOutOfBoundsException'> (0x052e2138) thrown at [C:\re\workspace\8-2-build-windows-i586-cygwin\jdk8u65\4987\hotspot\src\share\vm\runtime\sharedRuntime.cpp, line 605]
Event: 9.129 Thread 0x15e2a000 Exception <a 'java/lang/ArrayIndexOutOfBoundsException'> (0x055849c0) thrown at [C:\re\workspace\8-2-build-windows-i586-cygwin\jdk8u65\4987\hotspot\src\share\vm\runtime\sharedRuntime.cpp, line 605]
Event: 9.129 Thread 0x15e2a000 Exception <a 'java/lang/ArrayIndexOutOfBoundsException'> (0x05586620) thrown at [C:\re\workspace\8-2-build-windows-i586-cygwin\jdk8u65\4987\hotspot\src\share\vm\runtime\sharedRuntime.cpp, line 605]
Event: 9.129 Thread 0x15e2a000 Exception <a 'java/lang/ArrayIndexOutOfBoundsException'> (0x055904c0) thrown at [C:\re\workspace\8-2-build-windows-i586-cygwin\jdk8u65\4987\hotspot\src\share\vm\runtime\sharedRuntime.cpp, line 605]
Event: 9.130 Thread 0x15e2a000 Exception <a 'java/lang/ArrayIndexOutOfBoundsException'> (0x05592388) thrown at [C:\re\workspace\8-2-build-windows-i586-cygwin\jdk8u65\4987\hotspot\src\share\vm\runtime\sharedRuntime.cpp, line 605]
Event: 9.130 Thread 0x15e2a000 Exception <a 'java/lang/ArrayIndexOutOfBoundsException'> (0x05594990) thrown at [C:\re\workspace\8-2-build-windows-i586-cygwin\jdk8u65\4987\hotspot\src\share\vm\runtime\sharedRuntime.cpp, line 605]

Events (10 events):
Event: 214.248 Executing VM operation: GenCollectForAllocation
Event: 214.250 Executing VM operation: GenCollectForAllocation done
Event: 312.218 Executing VM operation: GenCollectForAllocation
Event: 312.221 Executing VM operation: GenCollectForAllocation done
Event: 410.265 Executing VM operation: GenCollectForAllocation
Event: 410.268 Executing VM operation: GenCollectForAllocation done
Event: 508.220 Executing VM operation: GenCollectForAllocation
Event: 508.222 Executing VM operation: GenCollectForAllocation done
Event: 606.286 Executing VM operation: GenCollectForAllocation
Event: 606.289 Executing VM operation: GenCollectForAllocation done


Dynamic libraries:
0x00920000 - 0x00953000 	D:\Program Files\jdk\bin\java.exe
0x77620000 - 0x7778f000 	C:\WINDOWS\SYSTEM32\ntdll.dll
0x768c0000 - 0x76a00000 	C:\WINDOWS\SYSTEM32\KERNEL32.DLL
0x77270000 - 0x77347000 	C:\WINDOWS\SYSTEM32\KERNELBASE.dll
0x73cf0000 - 0x73d90000 	C:\WINDOWS\system32\apphelp.dll
0x65510000 - 0x65776000 	C:\WINDOWS\AppPatch\AcGenral.DLL
0x74e10000 - 0x74ed3000 	C:\WINDOWS\SYSTEM32\msvcrt.dll
0x77500000 - 0x77541000 	C:\WINDOWS\SYSTEM32\sechost.dll
0x76830000 - 0x7684e000 	C:\WINDOWS\SYSTEM32\SspiCli.dll
0x76c80000 - 0x76cc5000 	C:\WINDOWS\SYSTEM32\SHLWAPI.dll
0x728a0000 - 0x7298d000 	C:\WINDOWS\SYSTEM32\UxTheme.dll
0x76e00000 - 0x76f53000 	C:\WINDOWS\SYSTEM32\USER32.dll
0x76410000 - 0x7651f000 	C:\WINDOWS\SYSTEM32\GDI32.dll
0x740e0000 - 0x74103000 	C:\WINDOWS\SYSTEM32\WINMM.dll
0x6c5e0000 - 0x6c5f3000 	C:\WINDOWS\SYSTEM32\samcli.dll
0x76cd0000 - 0x76df9000 	C:\WINDOWS\SYSTEM32\ole32.dll
0x77160000 - 0x771f5000 	C:\WINDOWS\SYSTEM32\OLEAUT32.dll
0x6b210000 - 0x6b227000 	C:\WINDOWS\SYSTEM32\MSACM32.dll
0x74760000 - 0x74768000 	C:\WINDOWS\SYSTEM32\VERSION.dll
0x74ee0000 - 0x7619c000 	C:\WINDOWS\SYSTEM32\SHELL32.dll
0x74bf0000 - 0x74c0b000 	C:\WINDOWS\SYSTEM32\USERENV.dll
0x741d0000 - 0x741ea000 	C:\WINDOWS\SYSTEM32\dwmapi.dll
0x74770000 - 0x748bb000 	C:\WINDOWS\SYSTEM32\urlmon.dll
0x76bc0000 - 0x76c3c000 	C:\WINDOWS\SYSTEM32\ADVAPI32.dll
0x732d0000 - 0x73335000 	C:\WINDOWS\SYSTEM32\WINSPOOL.DRV
0x73280000 - 0x73296000 	C:\WINDOWS\SYSTEM32\MPR.dll
0x76330000 - 0x763ea000 	C:\WINDOWS\SYSTEM32\RPCRT4.dll
0x74e00000 - 0x74e0a000 	C:\WINDOWS\SYSTEM32\CRYPTBASE.dll
0x76520000 - 0x7669d000 	C:\WINDOWS\SYSTEM32\combase.dll
0x73eb0000 - 0x73ed3000 	C:\WINDOWS\SYSTEM32\WINMMBASE.dll
0x74be0000 - 0x74bef000 	C:\WINDOWS\SYSTEM32\profapi.dll
0x744f0000 - 0x74724000 	C:\WINDOWS\SYSTEM32\iertutil.dll
0x748c0000 - 0x74acd000 	C:\WINDOWS\SYSTEM32\WININET.dll
0x74da0000 - 0x74df4000 	C:\WINDOWS\SYSTEM32\bcryptPrimitives.dll
0x77120000 - 0x7715c000 	C:\WINDOWS\SYSTEM32\cfgmgr32.dll
0x73e80000 - 0x73ea1000 	C:\WINDOWS\SYSTEM32\DEVOBJ.dll
0x74b50000 - 0x74bdb000 	C:\WINDOWS\SYSTEM32\SHCORE.DLL
0x76850000 - 0x76877000 	C:\WINDOWS\system32\IMM32.DLL
0x773e0000 - 0x774f2000 	C:\WINDOWS\SYSTEM32\MSCTF.dll
0x725b0000 - 0x727b6000 	C:\WINDOWS\WinSxS\x86_microsoft.windows.common-controls_6595b64144ccf1df_6.0.9600.17810_none_a9edf09f013934e0\COMCTL32.dll
0x65450000 - 0x6550f000 	D:\Program Files\jdk\jre\bin\msvcr100.dll
0x5a080000 - 0x5a444000 	D:\Program Files\jdk\jre\bin\client\jvm.dll
0x741c0000 - 0x741c8000 	C:\WINDOWS\SYSTEM32\WSOCK32.dll
0x768a0000 - 0x768a6000 	C:\WINDOWS\SYSTEM32\PSAPI.DLL
0x770d0000 - 0x77120000 	C:\WINDOWS\SYSTEM32\WS2_32.dll
0x76890000 - 0x76897000 	C:\WINDOWS\SYSTEM32\NSI.dll
0x6aa30000 - 0x6aa3c000 	D:\Program Files\jdk\jre\bin\verify.dll
0x65420000 - 0x65441000 	D:\Program Files\jdk\jre\bin\java.dll
0x6aa10000 - 0x6aa23000 	D:\Program Files\jdk\jre\bin\zip.dll
0x653e0000 - 0x653ea000 	D:\Program Files\jdk\jre\bin\management.dll
0x69c00000 - 0x69c16000 	D:\Program Files\jdk\jre\bin\net.dll
0x74450000 - 0x7449b000 	C:\WINDOWS\system32\mswsock.dll
0x73040000 - 0x73051000 	C:\WINDOWS\system32\napinsp.dll
0x73020000 - 0x73036000 	C:\WINDOWS\system32\pnrpnsp.dll
0x73000000 - 0x73014000 	C:\WINDOWS\system32\NLAapi.dll
0x73500000 - 0x7357e000 	C:\WINDOWS\SYSTEM32\DNSAPI.dll
0x74110000 - 0x7411a000 	C:\WINDOWS\System32\winrnr.dll
0x72ff0000 - 0x73000000 	C:\WINDOWS\system32\wshbth.dll
0x72fb0000 - 0x72fb8000 	C:\Windows\System32\rasadhlp.dll
0x74ae0000 - 0x74b00000 	C:\WINDOWS\SYSTEM32\IPHLPAPI.DLL
0x74730000 - 0x74738000 	C:\WINDOWS\SYSTEM32\WINNSI.DLL
0x72f60000 - 0x72fa6000 	C:\WINDOWS\System32\fwpuclnt.dll
0x65410000 - 0x6541f000 	D:\Program Files\jdk\jre\bin\nio.dll
0x730d0000 - 0x730e9000 	C:\WINDOWS\SYSTEM32\CRYPTSP.dll
0x730a0000 - 0x730d0000 	C:\WINDOWS\system32\rsaenh.dll
0x73080000 - 0x7309e000 	C:\WINDOWS\SYSTEM32\bcrypt.dll
0x73060000 - 0x73073000 	C:\WINDOWS\SYSTEM32\dhcpcsvc6.DLL
0x73e60000 - 0x73e74000 	C:\WINDOWS\SYSTEM32\dhcpcsvc.DLL
0x73580000 - 0x736c1000 	C:\WINDOWS\SYSTEM32\dbghelp.dll

VM Arguments:
jvm_args: -Xverify:none -XX:TieredStopAtLevel=1 -Dfile.encoding=GBK -Duser.country=CN -Duser.language=zh -Duser.variant 
java_command: com.qsz.bmss.BmssApplication
java_class_path (initial): G:\QszWork\qsz-admin\bmss\build\classes\java\main;G:\QszWork\qsz-admin\bmss\build\resources\main;E:\gradle\caches\modules-2\files-2.1\com.alibaba\fastjson\1.2.62\9243497a2f1f9d40d7d1d8d852f0abdc71955532\fastjson-1.2.62.jar;E:\gradle\caches\modules-2\files-2.1\org.springframework.security\spring-security-jwt\1.0.10.RELEASE\19a1ca7a83e9d263a31af5f529da460f8f863451\spring-security-jwt-1.0.10.RELEASE.jar;E:\gradle\caches\modules-2\files-2.1\io.jsonwebtoken\jjwt\0.9.1\54d2abfc3e63a28824d35bf600d6a5d627da681a\jjwt-0.9.1.jar;E:\gradle\caches\modules-2\files-2.1\mysql\mysql-connector-java\8.0.18\e088efaa4b568bc7d9f7274b9c5ea1a00da1a45c\mysql-connector-java-8.0.18.jar;E:\gradle\caches\modules-2\files-2.1\com.baomidou\mybatis-plus-boot-starter\3.2.0\b9459d99c7ace222dd96476d218b11efa3b2e625\mybatis-plus-boot-starter-3.2.0.jar;E:\gradle\caches\modules-2\files-2.1\com.github.pagehelper\pagehelper-spring-boot-starter\1.2.12\813bb735ebbf290339163b8d2aeb8df6598b7c93\pagehelper-spring-boot-starter-1.2.12.jar;E:\gradle\caches\modules-2\files-2.1\org.apache.commons\commons-lang3\3.9\122c7cee69b53ed4a7681c03d4ee4c0e2765da5\commons-lang3-3.9.jar;E:\gradle\caches\modules-2\files-2.1\org.springframework.boot\spring-boot-devtools\2.2.6.RELEASE\df4c14aa1ec8f67743384a05013e38359757c5d7\spring-boot-devtools-2.2.6.RELEASE.jar;E:\gradle\caches\modules-2\files-2.1\org.springframework.boot\spring-boot-starter-security\2.2.6.RELEASE\27b75e738d353de4475df6751852bacf3832afec\spring-boot-starter-security-2.2.6.RELEASE.jar;E:\gradle\caches\modules-2\files-2.1\org.springframework.boot\spring-boot-starter-web\2.2.6.RELEASE\4f76853c40cd6c7a0214083b36cd8cfe7c5d7b48\spring-boot-starter-web-2.2.6.RELEASE.jar;E:\gradle\caches\modules-2\files-2.1\org.bouncycastle\bcpkix-jdk15on\1.60\d0c46320fbc07be3a24eb13a56cee4e3d38e0c75\bcpkix-jdk15on-1.60.jar;E:\gradle\caches\modules-2\files-2.1\org.springframework.boot\spring-boot-starter-json\2.2.6.RELEASE\2bc2b2f052c0aa659a55d29365c9da5bae0
Launcher Type: SUN_STANDARD

Environment Variables:
JAVA_HOME=D:\Program Files\jdk
CLASSPATH=.;D:\Program Files\jdk\lib\dt.jar;D:\Program Files\jdk\lib\tools.jar
PATH=C:\Program Files (x86)\Intel\iCLS Client\;C:\Program Files\Intel\iCLS Client\;C:\Program Files (x86)\NVIDIA Corporation\PhysX\Common;C:\WINDOWS\system32;C:\WINDOWS;C:\WINDOWS\System32\Wbem;C:\WINDOWS\System32\WindowsPowerShell\v1.0\;C:\Program Files\Intel\Intel(R) Management Engine Components\DAL;C:\Program Files (x86)\Intel\Intel(R) Management Engine Components\DAL;C:\Program Files\Intel\Intel(R) Management Engine Components\IPT;C:\Program Files (x86)\Intel\Intel(R) Management Engine Components\IPT;D:\Program Files\jdk\bin;D:\Program Files\jdk\jre\bin;D:\Program Files\Git\cmd;C:\Program Files\TortoiseGit\bin;D:\apache-tomcat-7.0.63\lib;D:\apache-tomcat-7.0.63\bin;D:\sqlite;E:\adt\sdk\platform-tools;E:\adt\sdk\tools;D:\Program Files\apache-maven-3.6.1-bin\apache-maven-3.6.1\bin;C:\gradle\bin;C:\Program Files\MySQL\MySQL Server 5.7\bin;D:\Program Files\apache-maven-3.6.1-bin\apache-maven-3.6.1\bin;D:\Program Files\nodejs\;C:\Users\asus\AppData\Roaming\npm
USERNAME=asus
OS=Windows_NT
PROCESSOR_IDENTIFIER=Intel64 Family 6 Model 61 Stepping 4, GenuineIntel



---------------  S Y S T E M  ---------------

OS: Windows 8.1 , 64 bit Build 9600 (6.3.9600.17415)

CPU:total 4 (2 cores per cpu, 2 threads per core) family 6 model 61 stepping 4, cmov, cx8, fxsr, mmx, sse, sse2, sse3, ssse3, sse4.1, sse4.2, popcnt, avx, avx2, aes, clmul, erms, 3dnowpref, lzcnt, ht, tsc, tscinvbit, bmi1, bmi2, adx

Memory: 4k page, physical 12482980k(6111884k free), swap 18774436k(11500236k free)

vm_info: Java HotSpot(TM) Client VM (25.65-b01) for windows-x86 JRE (1.8.0_65-b17), built on Oct  6 2015 17:26:22 by "java_re" with MS VC++ 10.0 (VS2010)

time: Sun May 10 16:23:45 2020
elapsed time: 690 seconds (0d 0h 11m 30s)

